TN:
SF:controller\auth.controller.js
FN:18,(anonymous_0)
FN:22,(anonymous_1)
FN:23,(anonymous_2)
FN:25,(anonymous_3)
FN:26,(anonymous_4)
FN:33,(anonymous_5)
FN:40,(anonymous_6)
FN:116,(anonymous_7)
FN:160,(anonymous_8)
FN:227,(anonymous_9)
FN:328,(anonymous_10)
FNF:11
FNH:0
FNDA:0,(anonymous_0)
FNDA:0,(anonymous_1)
FNDA:0,(anonymous_2)
FNDA:0,(anonymous_3)
FNDA:0,(anonymous_4)
FNDA:0,(anonymous_5)
FNDA:0,(anonymous_6)
FNDA:0,(anonymous_7)
FNDA:0,(anonymous_8)
FNDA:0,(anonymous_9)
FNDA:0,(anonymous_10)
DA:2,0
DA:3,0
DA:4,0
DA:5,0
DA:6,0
DA:7,0
DA:8,0
DA:10,0
DA:11,0
DA:13,0
DA:14,0
DA:17,0
DA:18,0
DA:22,0
DA:23,0
DA:25,0
DA:26,0
DA:33,0
DA:34,0
DA:35,0
DA:36,0
DA:37,0
DA:40,0
DA:41,0
DA:42,0
DA:44,0
DA:45,0
DA:46,0
DA:47,0
DA:50,0
DA:51,0
DA:53,0
DA:54,0
DA:56,0
DA:57,0
DA:60,0
DA:63,0
DA:78,0
DA:79,0
DA:80,0
DA:88,0
DA:90,0
DA:103,0
DA:104,0
DA:106,0
DA:107,0
DA:108,0
DA:109,0
DA:111,0
DA:112,0
DA:116,0
DA:117,0
DA:118,0
DA:120,0
DA:121,0
DA:123,0
DA:124,0
DA:127,0
DA:128,0
DA:129,0
DA:137,0
DA:139,0
DA:152,0
DA:153,0
DA:160,0
DA:161,0
DA:162,0
DA:163,0
DA:165,0
DA:166,0
DA:169,0
DA:170,0
DA:173,0
DA:174,0
DA:175,0
DA:179,0
DA:180,0
DA:187,0
DA:188,0
DA:195,0
DA:196,0
DA:197,0
DA:201,0
DA:202,0
DA:203,0
DA:206,0
DA:207,0
DA:214,0
DA:217,0
DA:219,0
DA:220,0
DA:227,0
DA:228,0
DA:229,0
DA:231,0
DA:232,0
DA:235,0
DA:236,0
DA:238,0
DA:239,0
DA:245,0
DA:248,0
DA:249,0
DA:251,0
DA:252,0
DA:253,0
DA:256,0
DA:258,0
DA:259,0
DA:262,0
DA:263,0
DA:299,0
DA:305,0
DA:307,0
DA:308,0
DA:309,0
DA:310,0
DA:311,0
DA:312,0
DA:315,0
DA:320,0
DA:321,0
DA:328,0
DA:329,0
DA:330,0
DA:332,0
DA:333,0
DA:336,0
DA:337,0
DA:341,0
DA:343,0
DA:348,0
DA:349,0
DA:353,0
DA:354,0
DA:355,0
DA:356,0
DA:357,0
DA:360,0
DA:361,0
DA:362,0
DA:399,0
DA:400,0
DA:402,0
DA:406,0
DA:411,0
DA:412,0
LF:147
LH:0
BRDA:22,0,0,0
BRDA:22,0,1,0
BRDA:23,1,0,0
BRDA:23,1,1,0
BRDA:25,2,0,0
BRDA:25,2,1,0
BRDA:26,3,0,0
BRDA:26,3,1,0
BRDA:34,4,0,0
BRDA:34,4,1,0
BRDA:36,5,0,0
BRDA:36,5,1,0
BRDA:36,6,0,0
BRDA:36,6,1,0
BRDA:45,7,0,0
BRDA:45,7,1,0
BRDA:47,8,0,0
BRDA:47,8,1,0
BRDA:50,9,0,0
BRDA:50,9,1,0
BRDA:53,10,0,0
BRDA:53,10,1,0
BRDA:53,11,0,0
BRDA:53,11,1,0
BRDA:56,12,0,0
BRDA:56,12,1,0
BRDA:56,13,0,0
BRDA:56,13,1,0
BRDA:66,14,0,0
BRDA:66,14,1,0
BRDA:67,15,0,0
BRDA:67,15,1,0
BRDA:68,16,0,0
BRDA:68,16,1,0
BRDA:73,17,0,0
BRDA:73,17,1,0
BRDA:83,18,0,0
BRDA:83,18,1,0
BRDA:97,19,0,0
BRDA:97,19,1,0
BRDA:98,20,0,0
BRDA:98,20,1,0
BRDA:103,21,0,0
BRDA:103,21,1,0
BRDA:106,22,0,0
BRDA:106,22,1,0
BRDA:107,23,0,0
BRDA:107,23,1,0
BRDA:108,24,0,0
BRDA:108,24,1,0
BRDA:109,25,0,0
BRDA:109,25,1,0
BRDA:112,26,0,0
BRDA:112,26,1,0
BRDA:121,27,0,0
BRDA:121,27,1,0
BRDA:124,28,0,0
BRDA:124,28,1,0
BRDA:132,29,0,0
BRDA:132,29,1,0
BRDA:137,30,0,0
BRDA:137,30,1,0
BRDA:146,31,0,0
BRDA:146,31,1,0
BRDA:147,32,0,0
BRDA:147,32,1,0
BRDA:153,33,0,0
BRDA:153,33,1,0
BRDA:162,34,0,0
BRDA:162,34,1,0
BRDA:165,35,0,0
BRDA:165,35,1,0
BRDA:165,36,0,0
BRDA:165,36,1,0
BRDA:169,37,0,0
BRDA:169,37,1,0
BRDA:174,38,0,0
BRDA:174,38,1,0
BRDA:179,39,0,0
BRDA:179,39,1,0
BRDA:179,40,0,0
BRDA:179,40,1,0
BRDA:187,41,0,0
BRDA:187,41,1,0
BRDA:196,42,0,0
BRDA:196,42,1,0
BRDA:207,43,0,0
BRDA:207,43,1,0
BRDA:220,44,0,0
BRDA:220,44,1,0
BRDA:231,45,0,0
BRDA:231,45,1,0
BRDA:236,46,0,0
BRDA:236,46,1,0
BRDA:256,47,0,0
BRDA:256,47,1,0
BRDA:272,48,0,0
BRDA:272,48,1,0
BRDA:321,49,0,0
BRDA:321,49,1,0
BRDA:332,50,0,0
BRDA:332,50,1,0
BRDA:332,51,0,0
BRDA:332,51,1,0
BRDA:336,52,0,0
BRDA:336,52,1,0
BRDA:348,53,0,0
BRDA:348,53,1,0
BRDA:371,54,0,0
BRDA:371,54,1,0
BRDA:376,55,0,0
BRDA:376,55,1,0
BRDA:377,56,0,0
BRDA:377,56,1,0
BRDA:412,57,0,0
BRDA:412,57,1,0
BRF:116
BRH:0
end_of_record
TN:
SF:controller\bookingController.js
FN:6,(anonymous_0)
FN:7,(anonymous_1)
FN:9,getPricesAndMeta
FN:12,(anonymous_3)
FN:28,(anonymous_4)
FN:75,(anonymous_5)
FN:95,(anonymous_6)
FN:96,(anonymous_7)
FNF:8
FNH:0
FNDA:0,(anonymous_0)
FNDA:0,(anonymous_1)
FNDA:0,getPricesAndMeta
FNDA:0,(anonymous_3)
FNDA:0,(anonymous_4)
FNDA:0,(anonymous_5)
FNDA:0,(anonymous_6)
FNDA:0,(anonymous_7)
DA:1,0
DA:2,0
DA:3,0
DA:6,0
DA:7,0
DA:10,0
DA:11,0
DA:12,0
DA:13,0
DA:15,0
DA:17,0
DA:25,0
DA:28,0
DA:29,0
DA:30,0
DA:31,0
DA:33,0
DA:35,0
DA:36,0
DA:37,0
DA:39,0
DA:40,0
DA:41,0
DA:42,0
DA:43,0
DA:47,0
DA:50,0
DA:51,0
DA:54,0
DA:68,0
DA:70,0
DA:71,0
DA:75,0
DA:76,0
DA:77,0
DA:79,0
DA:80,0
DA:81,0
DA:84,0
DA:87,0
DA:92,0
DA:95,0
DA:96,0
DA:98,0
DA:99,0
DA:105,0
DA:108,0
DA:114,0
DA:120,0
DA:121,0
LF:50
LH:0
BRDA:6,0,0,0
BRDA:6,0,1,0
BRDA:7,1,0,0
BRDA:7,1,1,0
BRDA:11,2,0,0
BRDA:11,2,1,0
BRDA:12,3,0,0
BRDA:12,3,1,0
BRDA:12,4,0,0
BRDA:12,4,1,0
BRDA:13,5,0,0
BRDA:13,5,1,0
BRDA:14,6,0,0
BRDA:14,6,1,0
BRDA:15,7,0,0
BRDA:15,7,1,0
BRDA:16,8,0,0
BRDA:16,8,1,0
BRDA:18,9,0,0
BRDA:18,9,1,0
BRDA:19,10,0,0
BRDA:19,10,1,0
BRDA:20,11,0,0
BRDA:20,11,1,0
BRDA:21,12,0,0
BRDA:21,12,1,0
BRDA:22,13,0,0
BRDA:22,13,1,0
BRDA:30,14,0,0
BRDA:30,14,1,0
BRDA:36,15,0,0
BRDA:36,15,1,0
BRDA:36,16,0,0
BRDA:36,16,1,0
BRDA:36,16,2,0
BRDA:42,17,0,0
BRDA:42,17,1,0
BRDA:42,18,0,0
BRDA:42,18,1,0
BRDA:50,19,0,0
BRDA:50,19,1,0
BRDA:50,20,0,0
BRDA:50,20,1,0
BRDA:79,21,0,0
BRDA:79,21,1,0
BRDA:98,22,0,0
BRDA:98,22,1,0
BRDA:98,23,0,0
BRDA:98,23,1,0
BRDA:101,24,0,0
BRDA:101,24,1,0
BRDA:102,25,0,0
BRDA:102,25,1,0
BRF:53
BRH:0
end_of_record
TN:
SF:controller\cart.controller.js
FN:7,(anonymous_0)
FN:8,(anonymous_1)
FN:9,(anonymous_2)
FN:12,getSeatsLeft
FN:14,(anonymous_4)
FN:25,getPricesAndMeta
FN:45,(anonymous_6)
FN:88,normalizeInc
FN:101,getOrCreateCart
FN:108,mapItem
FN:131,getCart
FN:155,syncCart
FN:176,(anonymous_12)
FN:239,addToCart
FN:242,(anonymous_14)
FN:364,updateCartItem
FN:367,(anonymous_16)
FN:433,deleteCartItem
FN:463,clearCart
FNF:19
FNH:18
FNDA:9,(anonymous_0)
FNDA:24,(anonymous_1)
FNDA:4,(anonymous_2)
FNDA:3,getSeatsLeft
FNDA:1,(anonymous_4)
FNDA:5,getPricesAndMeta
FNDA:1,(anonymous_6)
FNDA:6,normalizeInc
FNDA:14,getOrCreateCart
FNDA:1,mapItem
FNDA:3,getCart
FNDA:2,syncCart
FNDA:0,(anonymous_12)
FNDA:4,addToCart
FNDA:4,(anonymous_14)
FNDA:2,updateCartItem
FNDA:2,(anonymous_16)
FNDA:2,deleteCartItem
FNDA:1,clearCart
DA:2,1
DA:3,1
DA:4,1
DA:7,9
DA:8,24
DA:9,4
DA:13,3
DA:14,3
DA:16,1
DA:19,1
DA:21,3
DA:26,5
DA:27,5
DA:28,4
DA:44,1
DA:45,1
DA:49,1
DA:56,1
DA:61,1
DA:70,1
DA:76,1
DA:85,1
DA:89,6
DA:102,14
DA:103,13
DA:104,13
DA:109,1
DA:132,3
DA:133,3
DA:134,3
DA:135,2
DA:139,2
DA:140,2
DA:141,1
DA:142,1
DA:147,2
DA:149,1
DA:150,1
DA:156,2
DA:157,2
DA:158,2
DA:159,2
DA:163,2
DA:165,2
DA:166,2
DA:169,2
DA:170,2
DA:172,0
DA:175,2
DA:176,0
DA:185,2
DA:187,2
DA:188,2
DA:203,2
DA:206,0
DA:207,0
DA:208,0
DA:209,0
DA:210,0
DA:211,0
DA:212,0
DA:213,0
DA:214,0
DA:215,0
DA:216,0
DA:220,2
DA:224,2
DA:225,2
DA:226,0
DA:227,0
DA:231,2
DA:233,0
DA:234,0
DA:240,4
DA:241,4
DA:242,4
DA:243,4
DA:244,4
DA:245,4
DA:246,4
DA:247,1
DA:253,3
DA:254,3
DA:256,0
DA:262,3
DA:263,3
DA:264,3
DA:265,1
DA:271,2
DA:274,2
DA:281,2
DA:282,2
DA:283,1
DA:296,1
DA:299,1
DA:325,1
DA:329,1
DA:330,1
DA:331,0
DA:332,0
DA:336,1
DA:339,3
DA:340,0
DA:342,0
DA:343,0
DA:344,0
DA:347,0
DA:348,0
DA:349,0
DA:350,0
DA:354,0
DA:356,0
DA:357,0
DA:359,4
DA:365,2
DA:366,2
DA:367,2
DA:368,2
DA:369,2
DA:370,2
DA:372,2
DA:377,2
DA:380,1
DA:382,1
DA:385,1
DA:386,1
DA:387,0
DA:397,1
DA:399,1
DA:400,1
DA:401,1
DA:402,1
DA:404,1
DA:405,1
DA:406,1
DA:407,1
DA:409,1
DA:411,1
DA:415,1
DA:416,1
DA:417,0
DA:418,0
DA:422,1
DA:425,0
DA:426,0
DA:428,2
DA:434,2
DA:435,2
DA:436,2
DA:437,2
DA:439,2
DA:440,2
DA:442,1
DA:444,1
DA:448,1
DA:449,1
DA:450,0
DA:451,0
DA:455,1
DA:457,0
DA:458,0
DA:464,1
DA:465,1
DA:466,1
DA:467,1
DA:468,1
DA:470,0
DA:471,0
DA:475,1
LF:169
LH:127
BRDA:7,0,0,8
BRDA:7,0,1,1
BRDA:8,1,0,24
BRDA:8,1,1,5
BRDA:16,2,0,0
BRDA:16,2,1,1
BRDA:18,3,0,1
BRDA:18,3,1,0
BRDA:21,4,0,1
BRDA:21,4,1,2
BRDA:27,5,0,4
BRDA:27,5,1,1
BRDA:44,6,0,1
BRDA:44,6,1,0
BRDA:45,7,0,1
BRDA:45,7,1,0
BRDA:49,8,0,0
BRDA:49,8,1,1
BRDA:51,9,0,0
BRDA:51,9,1,1
BRDA:56,10,0,0
BRDA:56,10,1,1
BRDA:58,11,0,1
BRDA:58,11,1,1
BRDA:61,12,0,0
BRDA:61,12,1,1
BRDA:63,13,0,0
BRDA:63,13,1,1
BRDA:65,14,0,0
BRDA:65,14,1,1
BRDA:70,15,0,0
BRDA:70,15,1,1
BRDA:72,16,0,0
BRDA:72,16,1,1
BRDA:77,17,0,1
BRDA:77,17,1,1
BRDA:78,18,0,1
BRDA:78,18,1,1
BRDA:79,19,0,1
BRDA:79,19,1,1
BRDA:80,20,0,1
BRDA:80,20,1,0
BRDA:81,21,0,1
BRDA:81,21,1,0
BRDA:88,22,0,0
BRDA:90,23,0,6
BRDA:90,23,1,1
BRDA:90,23,2,1
BRDA:96,24,0,6
BRDA:96,24,1,5
BRDA:97,25,0,6
BRDA:97,25,1,5
BRDA:103,26,0,1
BRDA:103,26,1,12
BRDA:108,27,0,0
BRDA:112,28,0,1
BRDA:112,28,1,0
BRDA:118,29,0,1
BRDA:118,29,1,1
BRDA:119,30,0,1
BRDA:119,30,1,1
BRDA:122,31,0,1
BRDA:122,31,1,0
BRDA:123,32,0,1
BRDA:123,32,1,0
BRDA:124,33,0,1
BRDA:124,33,1,0
BRDA:159,34,0,2
BRDA:159,34,1,0
BRDA:166,35,0,0
BRDA:166,35,1,2
BRDA:166,36,0,2
BRDA:166,36,1,2
BRDA:176,37,0,0
BRDA:176,37,1,0
BRDA:187,38,0,2
BRDA:187,38,1,0
BRDA:198,39,0,2
BRDA:198,39,1,2
BRDA:199,40,0,2
BRDA:199,40,1,2
BRDA:200,41,0,2
BRDA:200,41,1,1
BRDA:201,42,0,2
BRDA:201,42,1,1
BRDA:208,43,0,0
BRDA:208,43,1,0
BRDA:209,44,0,0
BRDA:209,44,1,0
BRDA:212,45,0,0
BRDA:212,45,1,0
BRDA:213,46,0,0
BRDA:213,46,1,0
BRDA:214,47,0,0
BRDA:214,47,1,0
BRDA:214,48,0,0
BRDA:214,48,1,0
BRDA:215,49,0,0
BRDA:215,49,1,0
BRDA:215,50,0,0
BRDA:215,50,1,0
BRDA:246,51,0,1
BRDA:246,51,1,3
BRDA:246,52,0,4
BRDA:246,52,1,3
BRDA:264,53,0,1
BRDA:264,53,1,2
BRDA:281,54,0,1
BRDA:281,54,1,1
BRDA:282,55,0,1
BRDA:282,55,1,1
BRDA:282,56,0,2
BRDA:282,56,1,1
BRDA:305,57,0,1
BRDA:305,57,1,1
BRDA:305,57,2,0
BRDA:307,58,0,1
BRDA:307,58,1,1
BRDA:308,59,0,1
BRDA:308,59,1,1
BRDA:313,60,0,1
BRDA:313,60,1,1
BRDA:314,61,0,1
BRDA:314,61,1,1
BRDA:339,62,0,3
BRDA:339,62,1,0
BRDA:340,63,0,0
BRDA:340,63,1,0
BRDA:377,64,0,1
BRDA:377,64,1,1
BRDA:380,65,0,1
BRDA:380,65,1,0
BRDA:382,66,0,1
BRDA:382,66,1,0
BRDA:386,67,0,0
BRDA:386,67,1,1
BRDA:386,68,0,1
BRDA:386,68,1,0
BRDA:401,69,0,1
BRDA:401,69,1,0
BRDA:402,70,0,0
BRDA:402,70,1,1
BRDA:406,71,0,1
BRDA:406,71,1,1
BRDA:407,72,0,1
BRDA:407,72,1,1
BRDA:440,73,0,1
BRDA:440,73,1,1
BRF:148
BRH:97
end_of_record
TN:
SF:controller\helpController.js
FN:7,(anonymous_0)
FN:18,(anonymous_1)
FN:32,(anonymous_2)
FN:48,(anonymous_3)
FN:66,(anonymous_4)
FN:80,(anonymous_5)
FN:102,(anonymous_6)
FN:112,(anonymous_7)
FN:123,(anonymous_8)
FN:134,(anonymous_9)
FN:144,(anonymous_10)
FN:154,(anonymous_11)
FNF:12
FNH:0
FNDA:0,(anonymous_0)
FNDA:0,(anonymous_1)
FNDA:0,(anonymous_2)
FNDA:0,(anonymous_3)
FNDA:0,(anonymous_4)
FNDA:0,(anonymous_5)
FNDA:0,(anonymous_6)
FNDA:0,(anonymous_7)
FNDA:0,(anonymous_8)
FNDA:0,(anonymous_9)
FNDA:0,(anonymous_10)
FNDA:0,(anonymous_11)
DA:2,0
DA:3,0
DA:4,0
DA:7,0
DA:8,0
DA:9,0
DA:10,0
DA:12,0
DA:13,0
DA:18,0
DA:19,0
DA:20,0
DA:25,0
DA:27,0
DA:28,0
DA:32,0
DA:33,0
DA:34,0
DA:35,0
DA:36,0
DA:38,0
DA:41,0
DA:43,0
DA:44,0
DA:48,0
DA:49,0
DA:50,0
DA:51,0
DA:57,0
DA:58,0
DA:60,0
DA:61,0
DA:66,0
DA:67,0
DA:68,0
DA:69,0
DA:72,0
DA:74,0
DA:75,0
DA:80,0
DA:81,0
DA:82,0
DA:83,0
DA:85,0
DA:94,0
DA:96,0
DA:97,0
DA:102,0
DA:103,0
DA:104,0
DA:105,0
DA:107,0
DA:108,0
DA:112,0
DA:113,0
DA:114,0
DA:115,0
DA:116,0
DA:118,0
DA:119,0
DA:123,0
DA:124,0
DA:125,0
DA:126,0
DA:128,0
DA:129,0
DA:134,0
DA:135,0
DA:136,0
DA:137,0
DA:139,0
DA:140,0
DA:144,0
DA:145,0
DA:146,0
DA:147,0
DA:149,0
DA:150,0
DA:154,0
DA:155,0
DA:156,0
DA:157,0
DA:162,0
DA:164,0
DA:165,0
LF:85
LH:0
BRDA:36,0,0,0
BRDA:36,0,1,0
BRDA:57,1,0,0
BRDA:57,1,1,0
BRDA:68,2,0,0
BRDA:68,2,1,0
BRDA:87,3,0,0
BRDA:87,3,1,0
BRDA:115,4,0,0
BRDA:115,4,1,0
BRF:10
BRH:0
end_of_record
TN:
SF:controller\notifyController.js
FN:7,(anonymous_0)
FN:28,(anonymous_1)
FN:114,(anonymous_2)
FN:134,(anonymous_3)
FN:214,(anonymous_4)
FN:241,(anonymous_5)
FN:267,(anonymous_6)
FN:284,(anonymous_7)
FN:358,(anonymous_8)
FN:431,(anonymous_9)
FNF:10
FNH:0
FNDA:0,(anonymous_0)
FNDA:0,(anonymous_1)
FNDA:0,(anonymous_2)
FNDA:0,(anonymous_3)
FNDA:0,(anonymous_4)
FNDA:0,(anonymous_5)
FNDA:0,(anonymous_6)
FNDA:0,(anonymous_7)
FNDA:0,(anonymous_8)
FNDA:0,(anonymous_9)
DA:2,0
DA:3,0
DA:4,0
DA:7,0
DA:8,0
DA:9,0
DA:10,0
DA:20,0
DA:22,0
DA:23,0
DA:28,0
DA:29,0
DA:30,0
DA:33,0
DA:35,0
DA:36,0
DA:71,0
DA:90,0
DA:91,0
DA:94,0
DA:96,0
DA:99,0
DA:100,0
DA:103,0
DA:108,0
DA:109,0
DA:114,0
DA:115,0
DA:116,0
DA:117,0
DA:126,0
DA:128,0
DA:129,0
DA:134,0
DA:135,0
DA:136,0
DA:139,0
DA:141,0
DA:142,0
DA:174,0
DA:190,0
DA:191,0
DA:194,0
DA:196,0
DA:199,0
DA:200,0
DA:203,0
DA:208,0
DA:209,0
DA:214,0
DA:215,0
DA:216,0
DA:217,0
DA:219,0
DA:226,0
DA:228,0
DA:235,0
DA:236,0
DA:241,0
DA:242,0
DA:243,0
DA:244,0
DA:246,0
DA:247,0
DA:253,0
DA:255,0
DA:261,0
DA:262,0
DA:267,0
DA:268,0
DA:269,0
DA:270,0
DA:272,0
DA:278,0
DA:279,0
DA:284,0
DA:285,0
DA:286,0
DA:288,0
DA:290,0
DA:291,0
DA:328,0
DA:341,0
DA:342,0
DA:343,0
DA:344,0
DA:346,0
DA:347,0
DA:350,0
DA:352,0
DA:353,0
DA:358,0
DA:359,0
DA:360,0
DA:362,0
DA:364,0
DA:365,0
DA:401,0
DA:414,0
DA:415,0
DA:416,0
DA:417,0
DA:419,0
DA:420,0
DA:423,0
DA:425,0
DA:426,0
DA:431,0
DA:432,0
DA:433,0
DA:435,0
DA:437,0
DA:438,0
DA:475,0
DA:488,0
DA:489,0
DA:490,0
DA:491,0
DA:493,0
DA:494,0
DA:497,0
DA:499,0
DA:500,0
DA:504,0
LF:124
LH:0
BRDA:48,0,0,0
BRDA:48,0,1,0
BRDA:49,1,0,0
BRDA:49,1,1,0
BRDA:216,2,0,0
BRDA:216,2,1,0
BRDA:217,3,0,0
BRDA:243,4,0,0
BRDA:243,4,1,0
BRDA:246,5,0,0
BRDA:246,5,1,0
BRDA:246,6,0,0
BRDA:246,6,1,0
BRDA:269,7,0,0
BRDA:300,8,0,0
BRDA:300,8,1,0
BRDA:305,9,0,0
BRDA:305,9,1,0
BRDA:306,10,0,0
BRDA:306,10,1,0
BRDA:374,11,0,0
BRDA:374,11,1,0
BRDA:447,12,0,0
BRDA:447,12,1,0
BRDA:453,13,0,0
BRDA:453,13,1,0
BRF:26
BRH:0
end_of_record
TN:
SF:controller\payment.controller.js
FN:21,getFetch
FN:33,buildRawSignature
FN:49,(anonymous_2)
FN:50,(anonymous_3)
FN:52,getPricesAndMeta
FN:55,(anonymous_5)
FN:66,buildMoMoCharge
FN:115,(anonymous_7)
FN:191,(anonymous_8)
FN:220,(anonymous_9)
FN:248,buildIpnRawSignature
FN:267,(anonymous_11)
FN:417,(anonymous_12)
FN:437,(anonymous_13)
FN:468,(anonymous_14)
FNF:15
FNH:14
FNDA:2,getFetch
FNDA:2,buildRawSignature
FNDA:5,(anonymous_2)
FNDA:4,(anonymous_3)
FNDA:2,getPricesAndMeta
FNDA:2,(anonymous_5)
FNDA:2,buildMoMoCharge
FNDA:2,(anonymous_7)
FNDA:0,(anonymous_8)
FNDA:2,(anonymous_9)
FNDA:2,buildIpnRawSignature
FNDA:2,(anonymous_11)
FNDA:1,(anonymous_12)
FNDA:1,(anonymous_13)
FNDA:2,(anonymous_14)
DA:6,1
DA:7,1
DA:8,1
DA:9,1
DA:10,1
DA:11,1
DA:14,1
DA:17,1
DA:18,1
DA:22,2
DA:23,0
DA:24,0
DA:26,0
DA:34,2
DA:49,5
DA:50,4
DA:53,2
DA:54,2
DA:55,2
DA:56,2
DA:57,2
DA:58,2
DA:67,2
DA:68,2
DA:69,1
DA:70,1
DA:71,1
DA:72,1
DA:73,1
DA:74,1
DA:75,1
DA:76,1
DA:77,1
DA:78,1
DA:79,1
DA:80,1
DA:88,1
DA:90,1
DA:91,1
DA:92,1
DA:93,1
DA:94,1
DA:95,1
DA:96,1
DA:97,1
DA:98,1
DA:99,1
DA:112,0
DA:115,1
DA:116,2
DA:125,2
DA:128,2
DA:129,2
DA:130,2
DA:131,2
DA:134,2
DA:135,2
DA:136,2
DA:137,2
DA:139,2
DA:140,2
DA:141,2
DA:142,2
DA:143,2
DA:144,2
DA:162,2
DA:163,2
DA:168,2
DA:184,2
DA:185,2
DA:191,2
DA:192,2
DA:194,2
DA:195,0
DA:201,0
DA:211,2
DA:212,2
DA:220,2
DA:230,2
DA:233,2
DA:242,0
DA:243,0
DA:250,2
DA:267,1
DA:268,2
DA:269,2
DA:270,2
DA:271,2
DA:272,2
DA:273,2
DA:274,0
DA:275,0
DA:278,2
DA:279,2
DA:280,0
DA:281,0
DA:284,2
DA:285,2
DA:286,2
DA:287,2
DA:289,2
DA:290,2
DA:291,1
DA:292,1
DA:293,1
DA:294,1
DA:296,1
DA:297,1
DA:300,2
DA:303,2
DA:305,1
DA:306,0
DA:307,0
DA:308,0
DA:310,0
DA:313,0
DA:315,0
DA:320,0
DA:329,0
DA:334,0
DA:343,1
DA:345,0
DA:346,0
DA:347,0
DA:348,0
DA:349,0
DA:350,0
DA:351,0
DA:352,0
DA:359,0
DA:360,0
DA:361,0
DA:363,0
DA:365,0
DA:366,0
DA:368,0
DA:369,0
DA:378,1
DA:385,1
DA:386,1
DA:387,1
DA:388,1
DA:389,0
DA:390,0
DA:391,0
DA:398,0
DA:400,1
DA:403,0
DA:409,2
DA:411,0
DA:412,0
DA:417,1
DA:418,1
DA:419,1
DA:420,1
DA:421,1
DA:422,1
DA:431,0
DA:437,1
DA:438,1
DA:439,1
DA:440,1
DA:442,1
DA:443,1
DA:445,1
DA:446,1
DA:447,0
DA:448,0
DA:449,0
DA:451,1
DA:452,1
DA:453,1
DA:457,1
DA:459,1
DA:461,0
DA:462,0
DA:468,1
DA:469,2
DA:470,2
DA:472,2
DA:473,2
DA:475,2
DA:476,0
DA:479,2
DA:480,0
DA:483,2
DA:486,2
DA:494,2
DA:495,1
DA:496,1
DA:500,1
DA:501,1
DA:503,1
DA:504,0
DA:505,0
DA:508,1
DA:511,1
DA:512,0
DA:513,0
DA:514,0
DA:515,0
DA:517,0
DA:518,0
DA:527,1
DA:535,0
DA:536,0
LF:206
LH:144
BRDA:22,0,0,2
BRDA:22,0,1,0
BRDA:49,1,0,5
BRDA:49,1,1,0
BRDA:50,2,0,4
BRDA:50,2,1,0
BRDA:54,3,0,0
BRDA:54,3,1,2
BRDA:55,4,0,2
BRDA:55,4,1,0
BRDA:56,5,0,2
BRDA:56,5,1,0
BRDA:56,6,0,0
BRDA:56,6,1,0
BRDA:57,7,0,2
BRDA:57,7,1,0
BRDA:57,8,0,0
BRDA:57,8,1,0
BRDA:59,9,0,2
BRDA:59,9,1,0
BRDA:59,9,2,0
BRDA:60,10,0,2
BRDA:60,10,1,0
BRDA:60,10,2,0
BRDA:68,11,0,1
BRDA:68,11,1,1
BRDA:70,12,0,0
BRDA:70,12,1,1
BRDA:90,13,0,1
BRDA:90,13,1,0
BRDA:91,14,0,1
BRDA:91,14,1,0
BRDA:92,15,0,1
BRDA:92,15,1,0
BRDA:94,16,0,0
BRDA:94,16,1,1
BRDA:94,17,0,1
BRDA:94,17,1,1
BRDA:112,18,0,0
BRDA:112,18,1,0
BRDA:112,19,0,0
BRDA:112,19,1,0
BRDA:118,20,0,2
BRDA:121,21,0,2
BRDA:122,22,0,2
BRDA:125,23,0,2
BRDA:125,23,1,0
BRDA:128,24,0,2
BRDA:128,24,1,0
BRDA:131,25,0,0
BRDA:131,25,1,2
BRDA:131,26,0,2
BRDA:131,26,1,2
BRDA:134,27,0,2
BRDA:134,27,1,2
BRDA:135,28,0,2
BRDA:135,28,1,2
BRDA:136,29,0,2
BRDA:136,29,1,2
BRDA:137,30,0,2
BRDA:137,30,1,2
BRDA:146,31,0,2
BRDA:146,31,1,2
BRDA:147,32,0,2
BRDA:147,32,1,2
BRDA:153,33,0,2
BRDA:153,33,1,2
BRDA:153,33,2,2
BRDA:155,34,0,2
BRDA:155,34,1,2
BRDA:155,34,2,2
BRDA:192,35,0,2
BRDA:192,35,1,2
BRDA:192,35,2,2
BRDA:194,36,0,0
BRDA:194,36,1,2
BRDA:204,37,0,0
BRDA:204,37,1,0
BRDA:213,38,0,2
BRDA:213,38,1,0
BRDA:213,38,2,0
BRDA:219,39,0,2
BRDA:219,39,1,0
BRDA:219,40,0,0
BRDA:219,40,1,0
BRDA:220,41,0,2
BRDA:220,41,1,0
BRDA:222,42,0,2
BRDA:222,42,1,0
BRDA:223,43,0,2
BRDA:223,43,1,2
BRDA:224,44,0,0
BRDA:224,44,1,0
BRDA:224,45,0,2
BRDA:224,45,1,2
BRDA:225,46,0,0
BRDA:225,46,1,0
BRDA:239,47,0,2
BRDA:239,47,1,0
BRDA:269,48,0,2
BRDA:269,48,1,0
BRDA:270,49,0,2
BRDA:270,49,1,2
BRDA:273,50,0,0
BRDA:273,50,1,2
BRDA:279,51,0,0
BRDA:279,51,1,2
BRDA:290,52,0,1
BRDA:290,52,1,1
BRDA:291,53,0,1
BRDA:291,53,1,0
BRDA:296,54,0,1
BRDA:296,54,1,0
BRDA:303,55,0,1
BRDA:303,55,1,1
BRDA:305,56,0,0
BRDA:305,56,1,1
BRDA:305,57,0,1
BRDA:305,57,1,0
BRDA:313,58,0,0
BRDA:313,58,1,0
BRDA:343,59,0,0
BRDA:343,59,1,1
BRDA:347,60,0,0
BRDA:347,60,1,0
BRDA:388,61,0,0
BRDA:388,61,1,1
BRDA:388,62,0,1
BRDA:388,62,1,1
BRDA:388,62,2,0
BRDA:390,63,0,0
BRDA:390,63,1,0
BRDA:421,64,0,0
BRDA:421,64,1,1
BRDA:439,65,0,1
BRDA:439,65,1,0
BRDA:440,66,0,0
BRDA:440,66,1,1
BRDA:443,67,0,0
BRDA:443,67,1,1
BRDA:445,68,0,1
BRDA:445,68,1,0
BRDA:446,69,0,0
BRDA:446,69,1,1
BRDA:475,70,0,0
BRDA:475,70,1,2
BRDA:475,71,0,2
BRDA:475,71,1,2
BRDA:479,72,0,0
BRDA:479,72,1,2
BRDA:494,73,0,1
BRDA:494,73,1,1
BRDA:503,74,0,0
BRDA:503,74,1,1
BRDA:511,75,0,0
BRDA:511,75,1,1
BRF:156
BRH:88
end_of_record
TN:
SF:controller\paypal.controller.js
FN:1,(anonymous_0)
FN:1,(anonymous_1)
FN:16,(anonymous_2)
FN:17,(anonymous_3)
FN:19,getPricesAndMeta
FN:23,(anonymous_5)
FN:41,toUSD
FN:47,getAccessToken
FN:80,buildChargeForUser
FN:138,(anonymous_9)
FN:164,(anonymous_10)
FN:168,(anonymous_11)
FN:189,(anonymous_12)
FN:210,(anonymous_13)
FN:256,(anonymous_14)
FN:291,(anonymous_15)
FN:318,(anonymous_16)
FN:347,(anonymous_17)
FN:377,(anonymous_18)
FN:469,(anonymous_19)
FNF:20
FNH:0
FNDA:0,(anonymous_0)
FNDA:0,(anonymous_1)
FNDA:0,(anonymous_2)
FNDA:0,(anonymous_3)
FNDA:0,getPricesAndMeta
FNDA:0,(anonymous_5)
FNDA:0,toUSD
FNDA:0,getAccessToken
FNDA:0,buildChargeForUser
FNDA:0,(anonymous_9)
FNDA:0,(anonymous_10)
FNDA:0,(anonymous_11)
FNDA:0,(anonymous_12)
FNDA:0,(anonymous_13)
FNDA:0,(anonymous_14)
FNDA:0,(anonymous_15)
FNDA:0,(anonymous_16)
FNDA:0,(anonymous_17)
FNDA:0,(anonymous_18)
FNDA:0,(anonymous_19)
DA:1,0
DA:2,0
DA:3,0
DA:4,0
DA:5,0
DA:6,0
DA:9,0
DA:11,0
DA:12,0
DA:13,0
DA:16,0
DA:17,0
DA:20,0
DA:21,0
DA:23,0
DA:26,0
DA:30,0
DA:33,0
DA:42,0
DA:44,0
DA:48,0
DA:49,0
DA:51,0
DA:52,0
DA:53,0
DA:54,0
DA:57,0
DA:58,0
DA:66,0
DA:67,0
DA:68,0
DA:69,0
DA:70,0
DA:71,0
DA:73,0
DA:74,0
DA:81,0
DA:82,0
DA:83,0
DA:84,0
DA:86,0
DA:87,0
DA:88,0
DA:90,0
DA:92,0
DA:93,0
DA:94,0
DA:95,0
DA:96,0
DA:98,0
DA:106,0
DA:109,0
DA:110,0
DA:111,0
DA:112,0
DA:115,0
DA:116,0
DA:117,0
DA:118,0
DA:120,0
DA:134,0
DA:138,0
DA:139,0
DA:140,0
DA:141,0
DA:142,0
DA:144,0
DA:145,0
DA:146,0
DA:148,0
DA:149,0
DA:151,0
DA:152,0
DA:155,0
DA:156,0
DA:162,0
DA:164,0
DA:165,0
DA:166,0
DA:168,0
DA:169,0
DA:171,0
DA:172,0
DA:173,0
DA:174,0
DA:180,0
DA:181,0
DA:183,0
DA:189,0
DA:197,0
DA:210,0
DA:224,0
DA:226,0
DA:227,0
DA:236,0
DA:238,0
DA:239,0
DA:240,0
DA:247,0
DA:248,0
DA:257,0
DA:258,0
DA:260,0
DA:276,0
DA:278,0
DA:281,0
DA:283,0
DA:284,0
DA:291,0
DA:292,0
DA:294,0
DA:295,0
DA:296,0
DA:298,0
DA:299,0
DA:300,0
DA:303,0
DA:304,0
DA:305,0
DA:306,0
DA:310,0
DA:311,0
DA:312,0
DA:313,0
DA:316,0
DA:318,0
DA:320,0
DA:321,0
DA:323,0
DA:331,0
DA:333,0
DA:334,0
DA:335,0
DA:338,0
DA:341,0
DA:342,0
DA:343,0
DA:344,0
DA:347,0
DA:358,0
DA:361,0
DA:363,0
DA:364,0
DA:366,0
DA:367,0
DA:368,0
DA:369,0
DA:371,0
DA:372,0
DA:373,0
DA:374,0
DA:377,0
DA:378,0
DA:379,0
DA:380,0
DA:383,0
DA:385,0
DA:387,0
DA:388,0
DA:389,0
DA:392,0
DA:393,0
DA:395,0
DA:396,0
DA:397,0
DA:403,0
DA:405,0
DA:411,0
DA:412,0
DA:416,0
DA:418,0
DA:423,0
DA:426,0
DA:427,0
DA:428,0
DA:437,0
DA:439,0
DA:442,0
DA:445,0
DA:446,0
DA:447,0
DA:448,0
DA:449,0
DA:450,0
DA:451,0
DA:452,0
DA:454,0
DA:459,0
DA:460,0
DA:461,0
DA:462,0
DA:464,0
DA:469,0
DA:470,0
LF:194
LH:0
BRDA:1,0,0,0
BRDA:1,0,1,0
BRDA:12,1,0,0
BRDA:12,1,1,0
BRDA:16,2,0,0
BRDA:16,2,1,0
BRDA:17,3,0,0
BRDA:17,3,1,0
BRDA:21,4,0,0
BRDA:21,4,1,0
BRDA:23,5,0,0
BRDA:23,5,1,0
BRDA:26,6,0,0
BRDA:26,6,1,0
BRDA:27,7,0,0
BRDA:27,7,1,0
BRDA:30,8,0,0
BRDA:30,8,1,0
BRDA:31,9,0,0
BRDA:31,9,1,0
BRDA:34,10,0,0
BRDA:34,10,1,0
BRDA:34,10,2,0
BRDA:35,11,0,0
BRDA:35,11,1,0
BRDA:35,11,2,0
BRDA:42,12,0,0
BRDA:42,12,1,0
BRDA:49,13,0,0
BRDA:49,13,1,0
BRDA:51,14,0,0
BRDA:51,14,1,0
BRDA:51,15,0,0
BRDA:51,15,1,0
BRDA:66,16,0,0
BRDA:66,16,1,0
BRDA:82,17,0,0
BRDA:82,17,1,0
BRDA:84,18,0,0
BRDA:84,18,1,0
BRDA:109,19,0,0
BRDA:109,19,1,0
BRDA:110,20,0,0
BRDA:110,20,1,0
BRDA:111,21,0,0
BRDA:111,21,1,0
BRDA:112,22,0,0
BRDA:112,22,1,0
BRDA:112,23,0,0
BRDA:112,23,1,0
BRDA:151,24,0,0
BRDA:151,24,1,0
BRDA:151,25,0,0
BRDA:151,25,1,0
BRDA:162,26,0,0
BRDA:162,26,1,0
BRDA:166,27,0,0
BRDA:166,27,1,0
BRDA:173,28,0,0
BRDA:173,28,1,0
BRDA:212,29,0,0
BRDA:212,29,1,0
BRDA:238,30,0,0
BRDA:238,30,1,0
BRDA:242,31,0,0
BRDA:242,31,1,0
BRDA:255,32,0,0
BRDA:255,32,1,0
BRDA:258,33,0,0
BRDA:258,33,1,0
BRDA:263,34,0,0
BRDA:263,34,1,0
BRDA:263,35,0,0
BRDA:263,35,1,0
BRDA:266,36,0,0
BRDA:266,36,1,0
BRDA:267,37,0,0
BRDA:267,37,1,0
BRDA:268,38,0,0
BRDA:268,38,1,0
BRDA:269,39,0,0
BRDA:269,39,1,0
BRDA:270,40,0,0
BRDA:270,40,1,0
BRDA:270,40,2,0
BRDA:284,41,0,0
BRDA:284,41,1,0
BRDA:286,42,0,0
BRDA:286,42,1,0
BRDA:304,43,0,0
BRDA:304,43,1,0
BRDA:311,44,0,0
BRDA:311,44,1,0
BRDA:333,45,0,0
BRDA:333,45,1,0
BRDA:349,46,0,0
BRDA:349,46,1,0
BRDA:351,47,0,0
BRDA:351,47,1,0
BRDA:352,48,0,0
BRDA:352,48,1,0
BRDA:353,49,0,0
BRDA:353,49,1,0
BRDA:354,50,0,0
BRDA:354,50,1,0
BRDA:355,51,0,0
BRDA:355,51,1,0
BRDA:364,52,0,0
BRDA:364,52,1,0
BRDA:372,53,0,0
BRDA:372,53,1,0
BRDA:378,54,0,0
BRDA:378,54,1,0
BRDA:387,55,0,0
BRDA:387,55,1,0
BRDA:387,56,0,0
BRDA:387,56,1,0
BRDA:395,57,0,0
BRDA:395,57,1,0
BRDA:462,58,0,0
BRDA:462,58,1,0
BRDA:462,59,0,0
BRDA:462,59,1,0
BRF:123
BRH:0
end_of_record
TN:
SF:controller\profile.controller.js
FN:9,(anonymous_0)
FN:21,(anonymous_1)
FN:21,(anonymous_2)
FN:22,(anonymous_3)
FN:22,(anonymous_4)
FN:30,(anonymous_5)
FN:41,(anonymous_6)
FN:68,(anonymous_7)
FN:91,(anonymous_8)
FN:107,(anonymous_9)
FNF:10
FNH:5
FNDA:0,(anonymous_0)
FNDA:0,(anonymous_1)
FNDA:0,(anonymous_2)
FNDA:0,(anonymous_3)
FNDA:0,(anonymous_4)
FNDA:3,(anonymous_5)
FNDA:2,(anonymous_6)
FNDA:2,(anonymous_7)
FNDA:2,(anonymous_8)
FNDA:2,(anonymous_9)
DA:1,1
DA:2,1
DA:3,1
DA:5,1
DA:6,1
DA:10,0
DA:11,0
DA:12,0
DA:16,1
DA:17,1
DA:19,1
DA:21,0
DA:22,0
DA:30,1
DA:31,3
DA:32,3
DA:33,3
DA:34,2
DA:35,1
DA:37,1
DA:41,1
DA:42,2
DA:43,2
DA:44,1
DA:46,1
DA:52,1
DA:53,1
DA:55,1
DA:56,1
DA:58,1
DA:59,1
DA:61,0
DA:66,1
DA:69,2
DA:70,2
DA:71,2
DA:73,1
DA:74,1
DA:76,1
DA:80,1
DA:82,1
DA:84,0
DA:85,0
DA:91,1
DA:92,2
DA:93,2
DA:94,2
DA:95,2
DA:97,1
DA:98,1
DA:100,1
DA:102,0
DA:107,1
DA:108,2
DA:109,2
DA:110,2
DA:111,2
DA:113,2
DA:114,1
DA:115,1
DA:119,1
DA:120,1
DA:123,1
DA:125,0
LF:64
LH:54
BRDA:11,0,0,0
BRDA:11,0,1,0
BRDA:21,1,0,0
BRDA:21,1,1,0
BRDA:21,2,0,0
BRDA:21,2,1,0
BRDA:22,3,0,0
BRDA:22,3,1,0
BRDA:22,4,0,0
BRDA:22,4,1,0
BRDA:32,5,0,3
BRDA:32,5,1,0
BRDA:34,6,0,1
BRDA:34,6,1,1
BRDA:44,7,0,1
BRDA:44,7,1,0
BRDA:52,8,0,1
BRDA:52,8,1,0
BRDA:53,9,0,1
BRDA:53,9,1,0
BRDA:58,10,0,1
BRDA:58,10,1,0
BRDA:70,11,0,2
BRDA:70,11,1,0
BRDA:71,12,0,1
BRDA:71,12,1,1
BRDA:74,13,0,0
BRDA:74,13,1,1
BRDA:93,14,0,2
BRDA:93,14,1,0
BRDA:95,15,0,1
BRDA:95,15,1,1
BRDA:95,16,0,2
BRDA:95,16,1,2
BRDA:111,17,0,0
BRDA:111,17,1,2
BRDA:113,18,0,1
BRDA:113,18,1,1
BRDA:119,19,0,1
BRDA:119,19,1,0
BRDA:119,19,2,0
BRF:41
BRH:20
end_of_record
TN:
SF:controller\reviewController.js
FN:9,(anonymous_0)
FN:47,(anonymous_1)
FN:63,(anonymous_2)
FN:66,(anonymous_3)
FN:72,(anonymous_4)
FN:85,(anonymous_5)
FN:150,(anonymous_6)
FN:208,(anonymous_7)
FN:241,(anonymous_8)
FN:293,(anonymous_9)
FN:332,(anonymous_10)
FN:364,(anonymous_11)
FN:411,(anonymous_12)
FN:426,(anonymous_13)
FN:427,(anonymous_14)
FNF:15
FNH:0
FNDA:0,(anonymous_0)
FNDA:0,(anonymous_1)
FNDA:0,(anonymous_2)
FNDA:0,(anonymous_3)
FNDA:0,(anonymous_4)
FNDA:0,(anonymous_5)
FNDA:0,(anonymous_6)
FNDA:0,(anonymous_7)
FNDA:0,(anonymous_8)
FNDA:0,(anonymous_9)
FNDA:0,(anonymous_10)
FNDA:0,(anonymous_11)
FNDA:0,(anonymous_12)
FNDA:0,(anonymous_13)
FNDA:0,(anonymous_14)
DA:2,0
DA:3,0
DA:4,0
DA:5,0
DA:6,0
DA:9,0
DA:10,0
DA:11,0
DA:22,0
DA:25,0
DA:26,0
DA:32,0
DA:33,0
DA:36,0
DA:42,0
DA:47,0
DA:54,0
DA:55,0
DA:62,0
DA:63,0
DA:65,0
DA:66,0
DA:69,0
DA:70,0
DA:71,0
DA:72,0
DA:73,0
DA:80,0
DA:85,0
DA:91,0
DA:97,0
DA:98,0
DA:99,0
DA:106,0
DA:121,0
DA:126,0
DA:133,0
DA:135,0
DA:136,0
DA:142,0
DA:150,0
DA:151,0
DA:152,0
DA:159,0
DA:161,0
DA:162,0
DA:168,0
DA:170,0
DA:179,0
DA:181,0
DA:186,0
DA:199,0
DA:200,0
DA:208,0
DA:209,0
DA:210,0
DA:211,0
DA:213,0
DA:218,0
DA:220,0
DA:232,0
DA:233,0
DA:241,0
DA:242,0
DA:243,0
DA:244,0
DA:245,0
DA:247,0
DA:249,0
DA:250,0
DA:257,0
DA:258,0
DA:265,0
DA:266,0
DA:267,0
DA:268,0
DA:269,0
DA:271,0
DA:273,0
DA:277,0
DA:284,0
DA:285,0
DA:293,0
DA:294,0
DA:295,0
DA:296,0
DA:298,0
DA:300,0
DA:301,0
DA:308,0
DA:309,0
DA:315,0
DA:317,0
DA:323,0
DA:324,0
DA:332,0
DA:333,0
DA:334,0
DA:335,0
DA:337,0
DA:339,0
DA:340,0
DA:346,0
DA:348,0
DA:355,0
DA:356,0
DA:364,0
DA:365,0
DA:366,0
DA:367,0
DA:368,0
DA:370,0
DA:371,0
DA:377,0
DA:379,0
DA:380,0
DA:388,0
DA:390,0
DA:395,0
DA:402,0
DA:403,0
DA:411,0
DA:412,0
DA:413,0
DA:416,0
DA:422,0
DA:425,0
DA:426,0
DA:427,0
DA:431,0
DA:438,0
DA:439,0
DA:446,0
LF:133
LH:0
BRDA:11,0,0,0
BRDA:11,0,1,0
BRDA:25,1,0,0
BRDA:25,1,1,0
BRDA:25,2,0,0
BRDA:25,2,1,0
BRDA:25,2,2,0
BRDA:25,2,3,0
BRDA:25,2,4,0
BRDA:42,3,0,0
BRDA:42,3,1,0
BRDA:46,4,0,0
BRDA:46,4,1,0
BRDA:54,5,0,0
BRDA:54,5,1,0
BRDA:69,6,0,0
BRDA:69,6,1,0
BRDA:98,7,0,0
BRDA:98,7,1,0
BRDA:114,8,0,0
BRDA:114,8,1,0
BRDA:115,9,0,0
BRDA:115,9,1,0
BRDA:116,10,0,0
BRDA:116,10,1,0
BRDA:135,11,0,0
BRDA:135,11,1,0
BRDA:144,12,0,0
BRDA:144,12,1,0
BRDA:154,13,0,0
BRDA:155,14,0,0
BRDA:156,15,0,0
BRDA:157,16,0,0
BRDA:158,17,0,0
BRDA:161,18,0,0
BRDA:161,18,1,0
BRDA:168,19,0,0
BRDA:168,19,1,0
BRDA:175,20,0,0
BRDA:175,20,1,0
BRDA:195,21,0,0
BRDA:195,21,1,0
BRDA:202,22,0,0
BRDA:202,22,1,0
BRDA:210,23,0,0
BRDA:210,23,1,0
BRDA:211,24,0,0
BRDA:211,25,0,0
BRDA:235,26,0,0
BRDA:235,26,1,0
BRDA:243,27,0,0
BRDA:243,27,1,0
BRDA:249,28,0,0
BRDA:249,28,1,0
BRDA:257,29,0,0
BRDA:257,29,1,0
BRDA:265,30,0,0
BRDA:265,30,1,0
BRDA:266,31,0,0
BRDA:266,31,1,0
BRDA:267,32,0,0
BRDA:267,32,1,0
BRDA:268,33,0,0
BRDA:268,33,1,0
BRDA:269,34,0,0
BRDA:269,34,1,0
BRDA:287,35,0,0
BRDA:287,35,1,0
BRDA:295,36,0,0
BRDA:295,36,1,0
BRDA:300,37,0,0
BRDA:300,37,1,0
BRDA:308,38,0,0
BRDA:308,38,1,0
BRDA:326,39,0,0
BRDA:326,39,1,0
BRDA:334,40,0,0
BRDA:334,40,1,0
BRDA:339,41,0,0
BRDA:339,41,1,0
BRDA:358,42,0,0
BRDA:358,42,1,0
BRDA:366,43,0,0
BRDA:366,43,1,0
BRDA:370,44,0,0
BRDA:370,44,1,0
BRDA:370,45,0,0
BRDA:370,45,1,0
BRDA:379,46,0,0
BRDA:379,46,1,0
BRDA:405,47,0,0
BRDA:405,47,1,0
BRDA:413,48,0,0
BRDA:413,48,1,0
BRDA:441,49,0,0
BRDA:441,49,1,0
BRF:96
BRH:0
end_of_record
TN:
SF:controller\wishlistController.js
FN:7,(anonymous_0)
FN:10,getMyWishlist
FN:28,(anonymous_2)
FN:38,addToWishlist
FN:69,removeFromWishlist
FN:83,toggleWishlist
FN:121,checkOne
FN:137,checkMany
FN:152,(anonymous_8)
FNF:9
FNH:0
FNDA:0,(anonymous_0)
FNDA:0,getMyWishlist
FNDA:0,(anonymous_2)
FNDA:0,addToWishlist
FNDA:0,removeFromWishlist
FNDA:0,toggleWishlist
FNDA:0,checkOne
FNDA:0,checkMany
FNDA:0,(anonymous_8)
DA:2,0
DA:3,0
DA:4,0
DA:5,0
DA:7,0
DA:11,0
DA:12,0
DA:13,0
DA:28,0
DA:30,0
DA:32,0
DA:33,0
DA:39,0
DA:40,0
DA:41,0
DA:42,0
DA:43,0
DA:47,0
DA:48,0
DA:49,0
DA:53,0
DA:54,0
DA:58,0
DA:59,0
DA:63,0
DA:64,0
DA:70,0
DA:71,0
DA:72,0
DA:74,0
DA:75,0
DA:77,0
DA:78,0
DA:84,0
DA:85,0
DA:86,0
DA:87,0
DA:88,0
DA:92,0
DA:96,0
DA:97,0
DA:98,0
DA:104,0
DA:105,0
DA:110,0
DA:111,0
DA:115,0
DA:116,0
DA:122,0
DA:123,0
DA:124,0
DA:125,0
DA:129,0
DA:131,0
DA:132,0
DA:138,0
DA:139,0
DA:140,0
DA:145,0
DA:152,0
DA:153,0
DA:155,0
DA:156,0
DA:160,0
LF:64
LH:0
BRDA:42,0,0,0
BRDA:42,0,1,0
BRDA:48,1,0,0
BRDA:48,1,1,0
BRDA:58,2,0,0
BRDA:58,2,1,0
BRDA:87,3,0,0
BRDA:87,3,1,0
BRDA:96,4,0,0
BRDA:96,4,1,0
BRDA:110,5,0,0
BRDA:110,5,1,0
BRDA:140,6,0,0
BRDA:140,6,1,0
BRF:14
BRH:0
end_of_record
TN:
SF:models\Blogs.js
FNF:0
FNH:0
DA:1,0
DA:3,0
DA:61,0
LF:3
LH:0
BRF:0
BRH:0
end_of_record
TN:
SF:models\Bookings.js
FNF:0
FNH:0
DA:2,1
DA:4,1
DA:15,1
DA:37,1
LF:4
LH:4
BRF:0
BRH:0
end_of_record
TN:
SF:models\Carts.js
FNF:0
FNH:0
DA:1,1
DA:3,1
DA:9,1
DA:32,1
DA:34,1
DA:59,1
DA:60,1
DA:61,1
DA:63,1
LF:9
LH:9
BRF:0
BRH:0
end_of_record
TN:
SF:models\HelpArticle.js
FNF:0
FNH:0
DA:2,0
DA:4,0
DA:33,0
DA:41,0
DA:50,0
DA:56,0
LF:6
LH:0
BRF:0
BRH:0
end_of_record
TN:
SF:models\HelpCategory.js
FNF:0
FNH:0
DA:2,0
DA:4,0
DA:12,0
DA:19,0
DA:20,0
DA:22,0
LF:6
LH:0
BRF:0
BRH:0
end_of_record
TN:
SF:models\HelpFeedback.js
FNF:0
FNH:0
DA:2,0
DA:4,0
DA:32,0
DA:34,0
LF:4
LH:0
BRF:0
BRH:0
end_of_record
TN:
SF:models\Location.js
FNF:0
FNH:0
DA:1,0
DA:3,0
DA:18,0
LF:3
LH:0
BRF:0
BRH:0
end_of_record
TN:
SF:models\Notification.js
FN:117,(anonymous_0)
FN:122,(anonymous_1)
FN:127,(anonymous_2)
FN:149,(anonymous_3)
FN:161,(anonymous_4)
FN:168,(anonymous_5)
FN:198,(anonymous_6)
FN:204,(anonymous_7)
FN:211,(anonymous_8)
FNF:9
FNH:0
FNDA:0,(anonymous_0)
FNDA:0,(anonymous_1)
FNDA:0,(anonymous_2)
FNDA:0,(anonymous_3)
FNDA:0,(anonymous_4)
FNDA:0,(anonymous_5)
FNDA:0,(anonymous_6)
FNDA:0,(anonymous_7)
FNDA:0,(anonymous_8)
DA:2,0
DA:4,0
DA:111,0
DA:112,0
DA:113,0
DA:114,0
DA:117,0
DA:118,0
DA:122,0
DA:123,0
DA:127,0
DA:133,0
DA:135,0
DA:137,0
DA:138,0
DA:139,0
DA:141,0
DA:149,0
DA:150,0
DA:151,0
DA:153,0
DA:161,0
DA:162,0
DA:168,0
DA:169,0
DA:171,0
DA:198,0
DA:199,0
DA:200,0
DA:201,0
DA:204,0
DA:205,0
DA:206,0
DA:207,0
DA:208,0
DA:211,0
DA:212,0
DA:213,0
DA:214,0
DA:217,0
LF:40
LH:0
BRDA:118,0,0,0
BRDA:118,0,1,0
BRDA:127,1,0,0
BRDA:129,2,0,0
BRDA:130,3,0,0
BRDA:131,4,0,0
BRDA:132,5,0,0
BRDA:137,6,0,0
BRDA:137,6,1,0
BRDA:138,7,0,0
BRDA:138,7,1,0
BRDA:139,8,0,0
BRDA:139,8,1,0
BRDA:149,9,0,0
BRDA:151,10,0,0
BRDA:151,10,1,0
BRDA:168,11,0,0
BRDA:204,12,0,0
BRDA:207,13,0,0
BRDA:207,13,1,0
BRF:20
BRH:0
end_of_record
TN:
SF:models\PaymentSession.js
FNF:0
FNH:0
DA:1,1
DA:3,1
DA:14,1
DA:34,1
LF:4
LH:4
BRF:0
BRH:0
end_of_record
TN:
SF:models\Review.js
FN:119,(anonymous_0)
FN:123,(anonymous_1)
FN:126,(anonymous_2)
FN:129,(anonymous_3)
FN:133,(anonymous_4)
FN:200,(anonymous_5)
FN:224,(anonymous_6)
FN:237,(anonymous_7)
FN:238,(anonymous_8)
FN:240,(anonymous_9)
FN:248,(anonymous_10)
FN:257,(anonymous_11)
FN:265,(anonymous_12)
FNF:13
FNH:0
FNDA:0,(anonymous_0)
FNDA:0,(anonymous_1)
FNDA:0,(anonymous_2)
FNDA:0,(anonymous_3)
FNDA:0,(anonymous_4)
FNDA:0,(anonymous_5)
FNDA:0,(anonymous_6)
FNDA:0,(anonymous_7)
FNDA:0,(anonymous_8)
FNDA:0,(anonymous_9)
FNDA:0,(anonymous_10)
FNDA:0,(anonymous_11)
FNDA:0,(anonymous_12)
DA:2,0
DA:4,0
DA:110,0
DA:111,0
DA:112,0
DA:113,0
DA:116,0
DA:119,0
DA:120,0
DA:123,0
DA:124,0
DA:126,0
DA:127,0
DA:129,0
DA:133,0
DA:134,0
DA:200,0
DA:208,0
DA:210,0
DA:211,0
DA:213,0
DA:214,0
DA:216,0
DA:224,0
DA:225,0
DA:226,0
DA:228,0
DA:237,0
DA:238,0
DA:240,0
DA:243,0
DA:245,0
DA:248,0
DA:249,0
DA:254,0
DA:257,0
DA:259,0
DA:260,0
DA:261,0
DA:265,0
DA:267,0
DA:268,0
DA:270,0
DA:273,0
LF:44
LH:0
BRDA:120,0,0,0
BRDA:120,0,1,0
BRDA:124,1,0,0
BRDA:124,1,1,0
BRDA:127,2,0,0
BRDA:127,2,1,0
BRDA:200,3,0,0
BRDA:202,4,0,0
BRDA:203,5,0,0
BRDA:204,6,0,0
BRDA:205,7,0,0
BRDA:206,8,0,0
BRDA:207,9,0,0
BRDA:213,10,0,0
BRDA:213,10,1,0
BRDA:214,11,0,0
BRDA:214,11,1,0
BRDA:224,12,0,0
BRDA:225,13,0,0
BRDA:225,14,0,0
BRDA:238,15,0,0
BRDA:238,15,1,0
BRDA:257,16,0,0
BRDA:261,17,0,0
BRDA:261,17,1,0
BRDA:261,17,2,0
BRDA:267,18,0,0
BRDA:267,18,1,0
BRDA:267,19,0,0
BRDA:267,19,1,0
BRF:30
BRH:0
end_of_record
TN:
SF:models\Tickets.js
FNF:0
FNH:0
DA:1,0
DA:4,0
DA:27,0
LF:3
LH:0
BRF:0
BRH:0
end_of_record
TN:
SF:models\Tours.js
FNF:0
FNH:0
DA:1,1
DA:3,1
DA:23,1
DA:59,1
DA:60,1
DA:61,1
DA:62,1
DA:63,1
DA:64,1
DA:65,1
DA:67,1
LF:11
LH:11
BRF:0
BRH:0
end_of_record
TN:
SF:models\TravelAgency.js
FNF:0
FNH:0
DA:1,0
DA:3,0
DA:41,0
LF:3
LH:0
BRF:0
BRH:0
end_of_record
TN:
SF:models\Users.js
FN:38,(anonymous_0)
FN:42,(anonymous_1)
FNF:2
FNH:0
FNDA:0,(anonymous_0)
FNDA:0,(anonymous_1)
DA:1,1
DA:2,1
DA:4,1
DA:12,1
DA:17,1
DA:38,1
DA:39,0
DA:42,1
DA:43,0
DA:46,1
LF:10
LH:8
BRF:0
BRH:0
end_of_record
TN:
SF:models\Wishlist.js
FNF:0
FNH:0
DA:1,0
DA:3,0
DA:8,0
DA:9,0
LF:4
LH:0
BRF:0
BRH:0
end_of_record
TN:
SF:routes\auth.routes.js
FN:41,(anonymous_0)
FN:79,(anonymous_1)
FN:105,(anonymous_2)
FN:126,(anonymous_3)
FN:141,(anonymous_4)
FN:162,(anonymous_5)
FNF:6
FNH:0
FNDA:0,(anonymous_0)
FNDA:0,(anonymous_1)
FNDA:0,(anonymous_2)
FNDA:0,(anonymous_3)
FNDA:0,(anonymous_4)
FNDA:0,(anonymous_5)
DA:2,0
DA:3,0
DA:4,0
DA:5,0
DA:6,0
DA:13,0
DA:15,0
DA:20,0
DA:21,0
DA:26,0
DA:27,0
DA:28,0
DA:33,0
DA:38,0
DA:42,0
DA:44,0
DA:45,0
DA:48,0
DA:51,0
DA:60,0
DA:62,0
DA:63,0
DA:71,0
DA:76,0
DA:80,0
DA:81,0
DA:82,0
DA:84,0
DA:86,0
DA:94,0
DA:96,0
DA:97,0
DA:105,0
DA:106,0
DA:107,0
DA:109,0
DA:110,0
DA:113,0
DA:114,0
DA:116,0
DA:117,0
DA:119,0
DA:126,0
DA:127,0
DA:128,0
DA:129,0
DA:130,0
DA:131,0
DA:133,0
DA:134,0
DA:141,0
DA:142,0
DA:143,0
DA:144,0
DA:145,0
DA:147,0
DA:148,0
DA:154,0
DA:155,0
DA:157,0
DA:158,0
DA:162,0
DA:163,0
DA:164,0
DA:170,0
DA:172,0
DA:173,0
DA:177,0
LF:68
LH:0
BRDA:54,0,0,0
BRDA:54,0,1,0
BRDA:89,1,0,0
BRDA:89,1,1,0
BRDA:107,2,0,0
BRDA:107,2,1,0
BRDA:114,3,0,0
BRDA:114,3,1,0
BRDA:116,4,0,0
BRDA:116,4,1,0
BRDA:129,5,0,0
BRDA:129,5,1,0
BRDA:144,6,0,0
BRDA:144,6,1,0
BRDA:154,7,0,0
BRDA:154,7,1,0
BRDA:167,8,0,0
BRDA:167,8,1,0
BRF:18
BRH:0
end_of_record
TN:
SF:routes\blogs.js
FN:5,(anonymous_0)
FNF:1
FNH:0
FNDA:0,(anonymous_0)
DA:1,0
DA:2,0
DA:3,0
DA:5,0
DA:6,0
DA:7,0
DA:8,0
DA:9,0
DA:11,0
DA:13,0
DA:17,0
LF:11
LH:0
BRDA:8,0,0,0
BRDA:8,0,1,0
BRF:2
BRH:0
end_of_record
TN:
SF:routes\bookingRoutes.js
FNF:0
FNH:0
DA:1,0
DA:2,0
DA:3,0
DA:4,0
DA:5,0
DA:7,0
DA:8,0
DA:11,0
DA:13,0
LF:9
LH:0
BRF:0
BRH:0
end_of_record
TN:
SF:routes\carts.routes.js
FNF:0
FNH:0
DA:2,0
DA:3,0
DA:12,0
DA:14,0
DA:16,0
DA:17,0
DA:18,0
DA:19,0
DA:20,0
DA:21,0
DA:25,0
LF:11
LH:0
BRF:0
BRH:0
end_of_record
TN:
SF:routes\help.routes.js
FN:7,(anonymous_0)
FNF:1
FNH:0
FNDA:0,(anonymous_0)
DA:2,0
DA:3,0
DA:4,0
DA:5,0
DA:7,0
DA:8,0
DA:9,0
DA:11,0
DA:15,0
DA:16,0
DA:17,0
DA:18,0
DA:19,0
DA:22,0
DA:25,0
DA:26,0
DA:27,0
DA:28,0
DA:29,0
DA:30,0
DA:31,0
DA:33,0
LF:22
LH:0
BRDA:8,0,0,0
BRDA:8,0,1,0
BRF:2
BRH:0
end_of_record
TN:
SF:routes\location.routes.js
FN:6,fetchJSON
FN:8,(anonymous_1)
FN:18,(anonymous_2)
FN:23,(anonymous_3)
FN:29,(anonymous_4)
FN:32,(anonymous_5)
FN:39,(anonymous_6)
FN:52,(anonymous_7)
FN:66,(anonymous_8)
FN:70,(anonymous_9)
FN:71,(anonymous_10)
FNF:11
FNH:0
FNDA:0,fetchJSON
FNDA:0,(anonymous_1)
FNDA:0,(anonymous_2)
FNDA:0,(anonymous_3)
FNDA:0,(anonymous_4)
FNDA:0,(anonymous_5)
FNDA:0,(anonymous_6)
FNDA:0,(anonymous_7)
FNDA:0,(anonymous_8)
FNDA:0,(anonymous_9)
FNDA:0,(anonymous_10)
DA:1,0
DA:3,0
DA:4,0
DA:7,0
DA:8,0
DA:9,0
DA:10,0
DA:11,0
DA:12,0
DA:14,0
DA:18,0
DA:21,0
DA:22,0
DA:23,0
DA:24,0
DA:25,0
DA:26,0
DA:27,0
DA:29,0
DA:32,0
DA:33,0
DA:34,0
DA:35,0
DA:36,0
DA:38,0
DA:39,0
DA:40,0
DA:42,0
DA:43,0
DA:44,0
DA:46,0
DA:47,0
DA:52,0
DA:53,0
DA:54,0
DA:55,0
DA:57,0
DA:58,0
DA:59,0
DA:60,0
DA:62,0
DA:65,0
DA:66,0
DA:69,0
DA:70,0
DA:71,0
DA:75,0
DA:76,0
DA:77,0
DA:79,0
DA:80,0
DA:81,0
DA:85,0
LF:53
LH:0
BRDA:6,0,0,0
BRDA:6,1,0,0
BRDA:11,2,0,0
BRDA:11,2,1,0
BRDA:25,3,0,0
BRDA:25,3,1,0
BRDA:26,4,0,0
BRDA:26,4,1,0
BRDA:29,5,0,0
BRDA:36,6,0,0
BRDA:36,6,1,0
BRDA:39,7,0,0
BRDA:39,7,1,0
BRDA:40,8,0,0
BRDA:40,8,1,0
BRDA:54,9,0,0
BRDA:54,9,1,0
BRDA:60,10,0,0
BRDA:60,10,1,0
BRDA:65,11,0,0
BRDA:65,11,1,0
BRDA:69,12,0,0
BRDA:69,12,1,0
BRDA:69,13,0,0
BRDA:69,13,1,0
BRDA:71,14,0,0
BRDA:71,14,1,0
BRDA:79,15,0,0
BRDA:79,15,1,0
BRF:29
BRH:0
end_of_record
TN:
SF:routes\notifyRoutes.js
FNF:0
FNH:0
DA:2,0
DA:14,0
DA:15,0
DA:17,0
DA:20,0
DA:21,0
DA:22,0
DA:23,0
DA:26,0
DA:27,0
DA:28,0
DA:31,0
DA:32,0
DA:35,0
DA:37,0
LF:15
LH:0
BRF:0
BRH:0
end_of_record
TN:
SF:routes\payment.routes.js
FNF:0
FNH:0
DA:2,0
DA:3,0
DA:10,0
DA:12,0
DA:15,0
DA:18,0
DA:21,0
DA:24,0
DA:28,0
DA:30,0
LF:10
LH:0
BRF:0
BRH:0
end_of_record
TN:
SF:routes\paypal.routes.js
FNF:0
FNH:0
DA:1,0
DA:2,0
DA:3,0
DA:5,0
DA:8,0
DA:11,0
DA:14,0
DA:16,0
LF:8
LH:0
BRF:0
BRH:0
end_of_record
TN:
SF:routes\profile.routes.js
FNF:0
FNH:0
DA:1,0
DA:2,0
DA:3,0
DA:5,0
DA:6,0
DA:7,0
DA:8,0
DA:10,0
DA:11,0
DA:12,0
DA:14,0
LF:11
LH:0
BRF:0
BRH:0
end_of_record
TN:
SF:routes\reviewRoutes.js
FNF:0
FNH:0
DA:2,0
DA:12,0
DA:13,0
DA:15,0
DA:18,0
DA:21,0
DA:24,0
DA:25,0
DA:26,0
DA:29,0
DA:30,0
DA:31,0
DA:32,0
DA:34,0
LF:14
LH:0
BRF:0
BRH:0
end_of_record
TN:
SF:routes\tour.routes.js
FN:13,normalizeVietnamese
FN:21,(anonymous_1)
FN:32,(anonymous_2)
FN:37,(anonymous_3)
FN:56,(anonymous_4)
FN:72,(anonymous_5)
FN:86,(anonymous_6)
FNF:7
FNH:0
FNDA:0,normalizeVietnamese
FNDA:0,(anonymous_1)
FNDA:0,(anonymous_2)
FNDA:0,(anonymous_3)
FNDA:0,(anonymous_4)
FNDA:0,(anonymous_5)
FNDA:0,(anonymous_6)
DA:1,0
DA:2,0
DA:3,0
DA:4,0
DA:5,0
DA:14,0
DA:21,0
DA:22,0
DA:23,0
DA:24,0
DA:26,0
DA:27,0
DA:30,0
DA:32,0
DA:33,0
DA:34,0
DA:37,0
DA:38,0
DA:41,0
DA:46,0
DA:48,0
DA:49,0
DA:56,0
DA:57,0
DA:58,0
DA:61,0
DA:62,0
DA:63,0
DA:65,0
DA:72,0
DA:73,0
DA:74,0
DA:75,0
DA:76,0
DA:77,0
DA:79,0
DA:86,0
DA:87,0
DA:88,0
DA:91,0
DA:92,0
DA:94,0
DA:98,0
LF:43
LH:0
BRDA:26,0,0,0
BRDA:26,0,1,0
BRDA:61,1,0,0
BRDA:61,1,1,0
BRDA:75,2,0,0
BRDA:75,2,1,0
BRDA:91,3,0,0
BRDA:91,3,1,0
BRF:8
BRH:0
end_of_record
TN:
SF:routes\wishlist.routes.js
FNF:0
FNH:0
DA:1,0
DA:9,0
DA:10,0
DA:11,0
DA:13,0
DA:14,0
DA:15,0
DA:16,0
DA:17,0
DA:18,0
DA:20,0
LF:11
LH:0
BRF:0
BRH:0
end_of_record
TN:
SF:utils\emailService.js
FN:13,(anonymous_0)
FN:22,(anonymous_1)
FNF:2
FNH:0
FNDA:0,(anonymous_0)
FNDA:0,(anonymous_1)
DA:2,0
DA:3,0
DA:13,0
DA:14,0
DA:15,0
DA:17,0
DA:22,0
DA:23,0
DA:29,0
DA:30,0
DA:33,0
LF:11
LH:0
BRDA:14,0,0,0
BRDA:14,0,1,0
BRDA:24,1,0,0
BRDA:24,1,1,0
BRF:4
BRH:0
end_of_record
TN:
SF:utils\jwt.js
FN:8,signAccess
FN:16,signRefresh
FN:24,verifyAccess
FN:25,verifyRefresh
FN:26,newId
FNF:5
FNH:0
FNDA:0,signAccess
FNDA:0,signRefresh
FNDA:0,verifyAccess
FNDA:0,verifyRefresh
FNDA:0,newId
DA:2,0
DA:3,0
DA:5,0
DA:6,0
DA:9,0
DA:17,0
DA:24,0
DA:25,0
DA:26,0
DA:28,0
LF:10
LH:0
BRDA:5,0,0,0
BRDA:5,0,1,0
BRDA:6,1,0,0
BRDA:6,1,1,0
BRDA:10,2,0,0
BRDA:10,2,1,0
BRF:6
BRH:0
end_of_record
TN:
SF:utils\paymentHelpers.js
FN:15,clearCartAfterPayment
FN:40,createBookingFromSession
FN:113,(anonymous_2)
FNF:3
FNH:1
FNDA:0,clearCartAfterPayment
FNDA:2,createBookingFromSession
FNDA:0,(anonymous_2)
DA:4,1
DA:5,1
DA:6,1
DA:7,1
DA:8,1
DA:9,1
DA:12,1
DA:16,0
DA:18,0
DA:19,0
DA:20,0
DA:21,0
DA:23,0
DA:24,0
DA:25,0
DA:26,0
DA:28,0
DA:31,0
DA:34,0
DA:36,0
DA:41,2
DA:42,2
DA:43,2
DA:44,2
DA:47,0
DA:49,0
DA:50,0
DA:52,0
DA:53,0
DA:54,0
DA:55,0
DA:56,0
DA:57,0
DA:58,0
DA:61,0
DA:62,0
DA:63,0
DA:64,0
DA:65,0
DA:72,0
DA:84,0
DA:85,0
DA:87,0
DA:103,0
DA:104,0
DA:105,0
DA:107,0
DA:110,0
DA:111,0
DA:112,0
DA:113,0
DA:115,0
DA:117,0
DA:124,0
DA:127,0
DA:132,0
DA:134,0
DA:136,0
DA:137,0
DA:141,1
LF:60
LH:12
BRDA:12,0,0,1
BRDA:12,0,1,1
BRDA:18,1,0,0
BRDA:18,1,1,0
BRDA:21,2,0,0
BRDA:21,2,1,0
BRDA:23,3,0,0
BRDA:23,3,1,0
BRDA:40,4,0,0
BRDA:42,5,0,2
BRDA:42,5,1,0
BRDA:52,6,0,0
BRDA:52,6,1,0
BRDA:53,7,0,0
BRDA:53,7,1,0
BRDA:54,8,0,0
BRDA:54,8,1,0
BRDA:55,9,0,0
BRDA:55,9,1,0
BRDA:56,10,0,0
BRDA:56,10,1,0
BRDA:58,11,0,0
BRDA:58,11,1,0
BRDA:58,12,0,0
BRDA:58,12,1,0
BRDA:61,13,0,0
BRDA:61,13,1,0
BRDA:61,13,2,0
BRDA:62,14,0,0
BRDA:62,14,1,0
BRDA:62,15,0,0
BRDA:62,15,1,0
BRDA:64,16,0,0
BRDA:64,16,1,0
BRDA:66,17,0,0
BRDA:66,17,1,0
BRDA:66,17,2,0
BRDA:67,18,0,0
BRDA:67,18,1,0
BRDA:67,18,2,0
BRDA:74,19,0,0
BRDA:74,19,1,0
BRDA:84,20,0,0
BRDA:84,20,1,0
BRDA:84,21,0,0
BRDA:84,21,1,0
BRDA:112,22,0,0
BRDA:112,22,1,0
BRDA:112,23,0,0
BRDA:112,23,1,0
BRDA:115,24,0,0
BRDA:115,24,1,0
BRDA:117,25,0,0
BRDA:117,25,1,0
BRF:54
BRH:3
end_of_record
