TN:
SF:controller\auth.controller.js
FN:18,(anonymous_0)
FN:22,(anonymous_1)
FN:23,(anonymous_2)
FN:25,(anonymous_3)
FN:26,(anonymous_4)
FN:33,(anonymous_5)
FN:40,(anonymous_6)
FN:116,(anonymous_7)
FN:160,(anonymous_8)
FN:227,(anonymous_9)
FN:328,(anonymous_10)
FNF:11
FNH:11
FNDA:4,(anonymous_0)
FNDA:5,(anonymous_1)
FNDA:5,(anonymous_2)
FNDA:5,(anonymous_3)
FNDA:5,(anonymous_4)
FNDA:4,(anonymous_5)
FNDA:5,(anonymous_6)
FNDA:5,(anonymous_7)
FNDA:4,(anonymous_8)
FNDA:4,(anonymous_9)
FNDA:4,(anonymous_10)
DA:2,2
DA:3,2
DA:4,2
DA:5,2
DA:6,2
DA:7,2
DA:8,2
DA:10,2
DA:11,2
DA:13,2
DA:14,2
DA:17,2
DA:18,4
DA:22,5
DA:23,5
DA:25,5
DA:26,5
DA:33,2
DA:34,4
DA:35,2
DA:36,2
DA:37,2
DA:40,2
DA:41,5
DA:42,5
DA:44,4
DA:45,4
DA:46,4
DA:47,4
DA:50,4
DA:51,2
DA:53,2
DA:54,0
DA:56,2
DA:57,0
DA:60,2
DA:63,2
DA:78,2
DA:79,2
DA:80,2
DA:88,2
DA:90,2
DA:103,1
DA:104,1
DA:106,0
DA:107,0
DA:108,0
DA:109,0
DA:111,0
DA:112,0
DA:116,2
DA:117,5
DA:118,5
DA:120,5
DA:121,5
DA:123,3
DA:124,3
DA:127,2
DA:128,2
DA:129,2
DA:137,2
DA:139,2
DA:152,0
DA:153,0
DA:160,2
DA:161,4
DA:162,4
DA:163,4
DA:165,4
DA:166,0
DA:169,4
DA:170,0
DA:173,4
DA:174,4
DA:175,0
DA:179,4
DA:180,1
DA:187,3
DA:188,1
DA:195,2
DA:196,2
DA:197,1
DA:201,1
DA:202,1
DA:203,1
DA:206,1
DA:207,1
DA:214,0
DA:217,1
DA:219,0
DA:220,0
DA:227,2
DA:228,4
DA:229,4
DA:231,4
DA:232,0
DA:235,4
DA:236,4
DA:238,2
DA:239,2
DA:245,2
DA:248,2
DA:249,2
DA:251,2
DA:252,2
DA:253,2
DA:256,2
DA:258,2
DA:259,2
DA:262,2
DA:263,2
DA:299,2
DA:305,2
DA:307,0
DA:308,0
DA:309,0
DA:310,0
DA:311,0
DA:312,0
DA:315,2
DA:320,0
DA:321,0
DA:328,2
DA:329,4
DA:330,4
DA:332,4
DA:333,0
DA:336,4
DA:337,0
DA:341,4
DA:343,4
DA:348,4
DA:349,2
DA:353,2
DA:354,2
DA:355,2
DA:356,2
DA:357,2
DA:360,2
DA:361,2
DA:362,2
DA:399,2
DA:400,2
DA:402,0
DA:406,2
DA:411,0
DA:412,0
LF:147
LH:117
BRDA:22,0,0,3
BRDA:22,0,1,2
BRDA:23,1,0,5
BRDA:23,1,1,2
BRDA:25,2,0,3
BRDA:25,2,1,2
BRDA:26,3,0,5
BRDA:26,3,1,2
BRDA:34,4,0,2
BRDA:34,4,1,2
BRDA:36,5,0,0
BRDA:36,5,1,2
BRDA:36,6,0,2
BRDA:36,6,1,0
BRDA:45,7,0,4
BRDA:45,7,1,2
BRDA:47,8,0,4
BRDA:47,8,1,0
BRDA:50,9,0,2
BRDA:50,9,1,2
BRDA:53,10,0,0
BRDA:53,10,1,2
BRDA:53,11,0,2
BRDA:53,11,1,2
BRDA:56,12,0,0
BRDA:56,12,1,2
BRDA:56,13,0,2
BRDA:56,13,1,2
BRDA:66,14,0,2
BRDA:66,14,1,0
BRDA:67,15,0,2
BRDA:67,15,1,0
BRDA:68,16,0,2
BRDA:68,16,1,0
BRDA:73,17,0,2
BRDA:73,17,1,0
BRDA:83,18,0,0
BRDA:83,18,1,2
BRDA:97,19,0,2
BRDA:97,19,1,0
BRDA:98,20,0,2
BRDA:98,20,1,0
BRDA:103,21,0,1
BRDA:103,21,1,0
BRDA:106,22,0,0
BRDA:106,22,1,0
BRDA:107,23,0,0
BRDA:107,23,1,0
BRDA:108,24,0,0
BRDA:108,24,1,0
BRDA:109,25,0,0
BRDA:109,25,1,0
BRDA:112,26,0,0
BRDA:112,26,1,0
BRDA:121,27,0,2
BRDA:121,27,1,3
BRDA:124,28,0,1
BRDA:124,28,1,2
BRDA:132,29,0,0
BRDA:132,29,1,2
BRDA:137,30,0,2
BRDA:137,30,1,0
BRDA:146,31,0,2
BRDA:146,31,1,0
BRDA:147,32,0,2
BRDA:147,32,1,0
BRDA:153,33,0,0
BRDA:153,33,1,0
BRDA:162,34,0,4
BRDA:162,34,1,0
BRDA:165,35,0,0
BRDA:165,35,1,4
BRDA:165,36,0,4
BRDA:165,36,1,4
BRDA:169,37,0,0
BRDA:169,37,1,4
BRDA:174,38,0,0
BRDA:174,38,1,4
BRDA:179,39,0,1
BRDA:179,39,1,3
BRDA:179,40,0,4
BRDA:179,40,1,3
BRDA:187,41,0,1
BRDA:187,41,1,2
BRDA:196,42,0,1
BRDA:196,42,1,1
BRDA:207,43,0,1
BRDA:207,43,1,1
BRDA:220,44,0,0
BRDA:220,44,1,0
BRDA:231,45,0,0
BRDA:231,45,1,4
BRDA:236,46,0,2
BRDA:236,46,1,2
BRDA:256,47,0,2
BRDA:256,47,1,2
BRDA:272,48,0,2
BRDA:272,48,1,0
BRDA:321,49,0,0
BRDA:321,49,1,0
BRDA:332,50,0,0
BRDA:332,50,1,4
BRDA:332,51,0,4
BRDA:332,51,1,4
BRDA:336,52,0,0
BRDA:336,52,1,4
BRDA:348,53,0,2
BRDA:348,53,1,2
BRDA:371,54,0,2
BRDA:371,54,1,0
BRDA:376,55,0,2
BRDA:376,55,1,0
BRDA:377,56,0,2
BRDA:377,56,1,1
BRDA:412,57,0,0
BRDA:412,57,1,0
BRF:116
BRH:71
end_of_record
TN:
SF:controller\bookingController.js
FN:6,(anonymous_0)
FN:7,(anonymous_1)
FN:9,getPricesAndMeta
FN:25,(anonymous_3)
FN:48,(anonymous_4)
FN:102,(anonymous_5)
FN:119,(anonymous_6)
FN:119,(anonymous_7)
FN:128,(anonymous_8)
FN:129,(anonymous_9)
FN:131,(anonymous_10)
FNF:11
FNH:0
FNDA:0,(anonymous_0)
FNDA:0,(anonymous_1)
FNDA:0,getPricesAndMeta
FNDA:0,(anonymous_3)
FNDA:0,(anonymous_4)
FNDA:0,(anonymous_5)
FNDA:0,(anonymous_6)
FNDA:0,(anonymous_7)
FNDA:0,(anonymous_8)
FNDA:0,(anonymous_9)
FNDA:0,(anonymous_10)
DA:1,1
DA:2,1
DA:3,1
DA:6,1
DA:7,1
DA:10,0
DA:11,0
DA:12,0
DA:24,0
DA:25,0
DA:28,0
DA:34,0
DA:37,0
DA:45,0
DA:48,1
DA:49,0
DA:50,0
DA:51,0
DA:53,0
DA:56,0
DA:57,0
DA:59,0
DA:61,0
DA:62,0
DA:63,0
DA:64,0
DA:65,0
DA:69,0
DA:75,0
DA:76,0
DA:81,0
DA:95,0
DA:97,0
DA:98,0
DA:102,1
DA:103,0
DA:104,0
DA:105,0
DA:107,0
DA:110,0
DA:118,0
DA:119,0
DA:123,0
DA:128,0
DA:129,0
DA:130,0
DA:131,0
DA:133,0
DA:139,0
DA:142,0
DA:148,0
DA:149,0
LF:52
LH:7
BRDA:6,0,0,0
BRDA:6,0,1,0
BRDA:7,1,0,0
BRDA:7,1,1,0
BRDA:11,2,0,0
BRDA:11,2,1,0
BRDA:24,3,0,0
BRDA:24,3,1,0
BRDA:25,4,0,0
BRDA:25,4,1,0
BRDA:28,5,0,0
BRDA:28,5,1,0
BRDA:30,6,0,0
BRDA:30,6,1,0
BRDA:34,7,0,0
BRDA:34,7,1,0
BRDA:36,8,0,0
BRDA:36,8,1,0
BRDA:38,9,0,0
BRDA:38,9,1,0
BRDA:39,10,0,0
BRDA:39,10,1,0
BRDA:40,11,0,0
BRDA:40,11,1,0
BRDA:41,12,0,0
BRDA:41,12,1,0
BRDA:42,13,0,0
BRDA:42,13,1,0
BRDA:50,14,0,0
BRDA:50,14,1,0
BRDA:64,15,0,0
BRDA:64,15,1,0
BRDA:64,16,0,0
BRDA:64,16,1,0
BRDA:75,17,0,0
BRDA:75,17,1,0
BRDA:75,18,0,0
BRDA:75,18,1,0
BRDA:105,19,0,0
BRDA:105,19,1,0
BRDA:135,20,0,0
BRDA:135,20,1,0
BRDA:135,20,2,0
BRDA:136,21,0,0
BRDA:136,21,1,0
BRDA:136,21,2,0
BRF:46
BRH:0
end_of_record
TN:
SF:controller\cart.controller.js
FN:7,(anonymous_0)
FN:8,(anonymous_1)
FN:9,(anonymous_2)
FN:12,getSeatsLeft
FN:14,(anonymous_4)
FN:25,getPricesAndMeta
FN:45,(anonymous_6)
FN:88,normalizeInc
FN:101,getOrCreateCart
FN:108,mapItem
FN:131,getCart
FN:155,syncCart
FN:176,(anonymous_12)
FN:239,addToCart
FN:242,(anonymous_14)
FN:364,updateCartItem
FN:367,(anonymous_16)
FN:429,deleteCartItem
FN:459,clearCart
FNF:19
FNH:0
FNDA:0,(anonymous_0)
FNDA:0,(anonymous_1)
FNDA:0,(anonymous_2)
FNDA:0,getSeatsLeft
FNDA:0,(anonymous_4)
FNDA:0,getPricesAndMeta
FNDA:0,(anonymous_6)
FNDA:0,normalizeInc
FNDA:0,getOrCreateCart
FNDA:0,mapItem
FNDA:0,getCart
FNDA:0,syncCart
FNDA:0,(anonymous_12)
FNDA:0,addToCart
FNDA:0,(anonymous_14)
FNDA:0,updateCartItem
FNDA:0,(anonymous_16)
FNDA:0,deleteCartItem
FNDA:0,clearCart
DA:2,1
DA:3,1
DA:4,1
DA:7,1
DA:8,1
DA:9,1
DA:13,0
DA:14,0
DA:16,0
DA:19,0
DA:21,0
DA:26,0
DA:27,0
DA:28,0
DA:44,0
DA:45,0
DA:49,0
DA:56,0
DA:61,0
DA:70,0
DA:76,0
DA:85,0
DA:89,0
DA:102,0
DA:103,0
DA:104,0
DA:109,0
DA:132,0
DA:133,0
DA:134,0
DA:135,0
DA:139,0
DA:140,0
DA:141,0
DA:142,0
DA:147,0
DA:149,0
DA:150,0
DA:156,0
DA:157,0
DA:158,0
DA:159,0
DA:163,0
DA:165,0
DA:166,0
DA:169,0
DA:170,0
DA:172,0
DA:175,0
DA:176,0
DA:185,0
DA:187,0
DA:188,0
DA:203,0
DA:206,0
DA:207,0
DA:208,0
DA:209,0
DA:210,0
DA:211,0
DA:212,0
DA:213,0
DA:214,0
DA:215,0
DA:216,0
DA:220,0
DA:224,0
DA:225,0
DA:226,0
DA:227,0
DA:231,0
DA:233,0
DA:234,0
DA:240,0
DA:241,0
DA:242,0
DA:243,0
DA:244,0
DA:245,0
DA:246,0
DA:247,0
DA:253,0
DA:254,0
DA:256,0
DA:262,0
DA:263,0
DA:264,0
DA:265,0
DA:271,0
DA:274,0
DA:281,0
DA:282,0
DA:283,0
DA:296,0
DA:299,0
DA:325,0
DA:329,0
DA:330,0
DA:331,0
DA:332,0
DA:336,0
DA:339,0
DA:340,0
DA:342,0
DA:343,0
DA:344,0
DA:347,0
DA:348,0
DA:349,0
DA:350,0
DA:354,0
DA:356,0
DA:357,0
DA:359,0
DA:365,0
DA:366,0
DA:367,0
DA:368,0
DA:369,0
DA:370,0
DA:372,0
DA:377,0
DA:380,0
DA:382,0
DA:385,0
DA:386,0
DA:387,0
DA:393,0
DA:395,0
DA:396,0
DA:397,0
DA:398,0
DA:400,0
DA:401,0
DA:402,0
DA:403,0
DA:405,0
DA:407,0
DA:411,0
DA:412,0
DA:413,0
DA:414,0
DA:418,0
DA:421,0
DA:422,0
DA:424,0
DA:430,0
DA:431,0
DA:432,0
DA:433,0
DA:435,0
DA:436,0
DA:438,0
DA:440,0
DA:444,0
DA:445,0
DA:446,0
DA:447,0
DA:451,0
DA:453,0
DA:454,0
DA:460,0
DA:461,0
DA:462,0
DA:463,0
DA:464,0
DA:466,0
DA:467,0
DA:471,1
LF:169
LH:7
BRDA:7,0,0,0
BRDA:7,0,1,0
BRDA:8,1,0,0
BRDA:8,1,1,0
BRDA:16,2,0,0
BRDA:16,2,1,0
BRDA:18,3,0,0
BRDA:18,3,1,0
BRDA:21,4,0,0
BRDA:21,4,1,0
BRDA:27,5,0,0
BRDA:27,5,1,0
BRDA:44,6,0,0
BRDA:44,6,1,0
BRDA:45,7,0,0
BRDA:45,7,1,0
BRDA:49,8,0,0
BRDA:49,8,1,0
BRDA:51,9,0,0
BRDA:51,9,1,0
BRDA:56,10,0,0
BRDA:56,10,1,0
BRDA:58,11,0,0
BRDA:58,11,1,0
BRDA:61,12,0,0
BRDA:61,12,1,0
BRDA:63,13,0,0
BRDA:63,13,1,0
BRDA:65,14,0,0
BRDA:65,14,1,0
BRDA:70,15,0,0
BRDA:70,15,1,0
BRDA:72,16,0,0
BRDA:72,16,1,0
BRDA:77,17,0,0
BRDA:77,17,1,0
BRDA:78,18,0,0
BRDA:78,18,1,0
BRDA:79,19,0,0
BRDA:79,19,1,0
BRDA:80,20,0,0
BRDA:80,20,1,0
BRDA:81,21,0,0
BRDA:81,21,1,0
BRDA:88,22,0,0
BRDA:90,23,0,0
BRDA:90,23,1,0
BRDA:90,23,2,0
BRDA:96,24,0,0
BRDA:96,24,1,0
BRDA:97,25,0,0
BRDA:97,25,1,0
BRDA:103,26,0,0
BRDA:103,26,1,0
BRDA:108,27,0,0
BRDA:112,28,0,0
BRDA:112,28,1,0
BRDA:118,29,0,0
BRDA:118,29,1,0
BRDA:119,30,0,0
BRDA:119,30,1,0
BRDA:122,31,0,0
BRDA:122,31,1,0
BRDA:123,32,0,0
BRDA:123,32,1,0
BRDA:124,33,0,0
BRDA:124,33,1,0
BRDA:159,34,0,0
BRDA:159,34,1,0
BRDA:166,35,0,0
BRDA:166,35,1,0
BRDA:166,36,0,0
BRDA:166,36,1,0
BRDA:176,37,0,0
BRDA:176,37,1,0
BRDA:187,38,0,0
BRDA:187,38,1,0
BRDA:198,39,0,0
BRDA:198,39,1,0
BRDA:199,40,0,0
BRDA:199,40,1,0
BRDA:200,41,0,0
BRDA:200,41,1,0
BRDA:201,42,0,0
BRDA:201,42,1,0
BRDA:208,43,0,0
BRDA:208,43,1,0
BRDA:209,44,0,0
BRDA:209,44,1,0
BRDA:212,45,0,0
BRDA:212,45,1,0
BRDA:213,46,0,0
BRDA:213,46,1,0
BRDA:214,47,0,0
BRDA:214,47,1,0
BRDA:214,48,0,0
BRDA:214,48,1,0
BRDA:215,49,0,0
BRDA:215,49,1,0
BRDA:215,50,0,0
BRDA:215,50,1,0
BRDA:246,51,0,0
BRDA:246,51,1,0
BRDA:246,52,0,0
BRDA:246,52,1,0
BRDA:264,53,0,0
BRDA:264,53,1,0
BRDA:281,54,0,0
BRDA:281,54,1,0
BRDA:282,55,0,0
BRDA:282,55,1,0
BRDA:282,56,0,0
BRDA:282,56,1,0
BRDA:305,57,0,0
BRDA:305,57,1,0
BRDA:305,57,2,0
BRDA:307,58,0,0
BRDA:307,58,1,0
BRDA:308,59,0,0
BRDA:308,59,1,0
BRDA:313,60,0,0
BRDA:313,60,1,0
BRDA:314,61,0,0
BRDA:314,61,1,0
BRDA:339,62,0,0
BRDA:339,62,1,0
BRDA:340,63,0,0
BRDA:340,63,1,0
BRDA:377,64,0,0
BRDA:377,64,1,0
BRDA:380,65,0,0
BRDA:380,65,1,0
BRDA:382,66,0,0
BRDA:382,66,1,0
BRDA:386,67,0,0
BRDA:386,67,1,0
BRDA:386,68,0,0
BRDA:386,68,1,0
BRDA:397,69,0,0
BRDA:397,69,1,0
BRDA:398,70,0,0
BRDA:398,70,1,0
BRDA:402,71,0,0
BRDA:402,71,1,0
BRDA:403,72,0,0
BRDA:403,72,1,0
BRDA:436,73,0,0
BRDA:436,73,1,0
BRF:148
BRH:0
end_of_record
TN:
SF:controller\helpController.js
FN:7,(anonymous_0)
FN:18,(anonymous_1)
FN:32,(anonymous_2)
FN:48,(anonymous_3)
FN:66,(anonymous_4)
FN:80,(anonymous_5)
FN:102,(anonymous_6)
FN:112,(anonymous_7)
FN:123,(anonymous_8)
FN:134,(anonymous_9)
FN:144,(anonymous_10)
FN:154,(anonymous_11)
FNF:12
FNH:0
FNDA:0,(anonymous_0)
FNDA:0,(anonymous_1)
FNDA:0,(anonymous_2)
FNDA:0,(anonymous_3)
FNDA:0,(anonymous_4)
FNDA:0,(anonymous_5)
FNDA:0,(anonymous_6)
FNDA:0,(anonymous_7)
FNDA:0,(anonymous_8)
FNDA:0,(anonymous_9)
FNDA:0,(anonymous_10)
FNDA:0,(anonymous_11)
DA:2,1
DA:3,1
DA:4,1
DA:7,1
DA:8,0
DA:9,0
DA:10,0
DA:12,0
DA:13,0
DA:18,1
DA:19,0
DA:20,0
DA:25,0
DA:27,0
DA:28,0
DA:32,1
DA:33,0
DA:34,0
DA:35,0
DA:36,0
DA:38,0
DA:41,0
DA:43,0
DA:44,0
DA:48,1
DA:49,0
DA:50,0
DA:51,0
DA:57,0
DA:58,0
DA:60,0
DA:61,0
DA:66,1
DA:67,0
DA:68,0
DA:69,0
DA:72,0
DA:74,0
DA:75,0
DA:80,1
DA:81,0
DA:82,0
DA:83,0
DA:85,0
DA:94,0
DA:96,0
DA:97,0
DA:102,1
DA:103,0
DA:104,0
DA:105,0
DA:107,0
DA:108,0
DA:112,1
DA:113,0
DA:114,0
DA:115,0
DA:116,0
DA:118,0
DA:119,0
DA:123,1
DA:124,0
DA:125,0
DA:126,0
DA:128,0
DA:129,0
DA:134,1
DA:135,0
DA:136,0
DA:137,0
DA:139,0
DA:140,0
DA:144,1
DA:145,0
DA:146,0
DA:147,0
DA:149,0
DA:150,0
DA:154,1
DA:155,0
DA:156,0
DA:157,0
DA:162,0
DA:164,0
DA:165,0
LF:85
LH:15
BRDA:36,0,0,0
BRDA:36,0,1,0
BRDA:57,1,0,0
BRDA:57,1,1,0
BRDA:68,2,0,0
BRDA:68,2,1,0
BRDA:87,3,0,0
BRDA:87,3,1,0
BRDA:115,4,0,0
BRDA:115,4,1,0
BRF:10
BRH:0
end_of_record
TN:
SF:controller\notifyController.js
FN:8,(anonymous_0)
FN:29,(anonymous_1)
FN:109,(anonymous_2)
FN:123,(anonymous_3)
FN:143,(anonymous_4)
FN:223,(anonymous_5)
FN:250,(anonymous_6)
FN:276,(anonymous_7)
FN:293,(anonymous_8)
FN:367,(anonymous_9)
FN:440,(anonymous_10)
FNF:11
FNH:0
FNDA:0,(anonymous_0)
FNDA:0,(anonymous_1)
FNDA:0,(anonymous_2)
FNDA:0,(anonymous_3)
FNDA:0,(anonymous_4)
FNDA:0,(anonymous_5)
FNDA:0,(anonymous_6)
FNDA:0,(anonymous_7)
FNDA:0,(anonymous_8)
FNDA:0,(anonymous_9)
FNDA:0,(anonymous_10)
DA:2,1
DA:3,1
DA:4,1
DA:8,1
DA:9,0
DA:10,0
DA:11,0
DA:21,0
DA:23,0
DA:24,0
DA:29,1
DA:30,0
DA:32,0
DA:34,0
DA:35,0
DA:70,0
DA:89,0
DA:90,0
DA:93,0
DA:95,0
DA:96,0
DA:99,0
DA:100,0
DA:103,0
DA:104,0
DA:109,1
DA:110,0
DA:111,0
DA:113,0
DA:115,0
DA:117,0
DA:118,0
DA:123,1
DA:124,0
DA:125,0
DA:126,0
DA:135,0
DA:137,0
DA:138,0
DA:143,1
DA:144,0
DA:145,0
DA:148,0
DA:150,0
DA:151,0
DA:183,0
DA:199,0
DA:200,0
DA:203,0
DA:205,0
DA:208,0
DA:209,0
DA:212,0
DA:217,0
DA:218,0
DA:223,1
DA:224,0
DA:225,0
DA:226,0
DA:228,0
DA:235,0
DA:237,0
DA:244,0
DA:245,0
DA:250,1
DA:251,0
DA:252,0
DA:253,0
DA:255,0
DA:256,0
DA:262,0
DA:264,0
DA:270,0
DA:271,0
DA:276,1
DA:277,0
DA:278,0
DA:279,0
DA:281,0
DA:287,0
DA:288,0
DA:293,1
DA:294,0
DA:295,0
DA:297,0
DA:299,0
DA:300,0
DA:337,0
DA:350,0
DA:351,0
DA:352,0
DA:353,0
DA:355,0
DA:356,0
DA:359,0
DA:361,0
DA:362,0
DA:367,1
DA:368,0
DA:369,0
DA:371,0
DA:373,0
DA:374,0
DA:410,0
DA:423,0
DA:424,0
DA:425,0
DA:426,0
DA:428,0
DA:429,0
DA:432,0
DA:434,0
DA:435,0
DA:440,1
DA:441,0
DA:442,0
DA:444,0
DA:446,0
DA:447,0
DA:484,0
DA:497,0
DA:498,0
DA:499,0
DA:500,0
DA:502,0
DA:503,0
DA:506,0
DA:508,0
DA:509,0
DA:513,1
LF:130
LH:15
BRDA:47,0,0,0
BRDA:47,0,1,0
BRDA:48,1,0,0
BRDA:48,1,1,0
BRDA:225,2,0,0
BRDA:225,2,1,0
BRDA:226,3,0,0
BRDA:252,4,0,0
BRDA:252,4,1,0
BRDA:255,5,0,0
BRDA:255,5,1,0
BRDA:255,6,0,0
BRDA:255,6,1,0
BRDA:278,7,0,0
BRDA:309,8,0,0
BRDA:309,8,1,0
BRDA:314,9,0,0
BRDA:314,9,1,0
BRDA:315,10,0,0
BRDA:315,10,1,0
BRDA:383,11,0,0
BRDA:383,11,1,0
BRDA:456,12,0,0
BRDA:456,12,1,0
BRDA:462,13,0,0
BRDA:462,13,1,0
BRF:26
BRH:0
end_of_record
TN:
SF:controller\payment.controller.js
FN:17,restoreCartFromPaymentSession
FN:76,holdSeatsForPayment
FN:94,(anonymous_2)
FN:118,(anonymous_3)
FN:169,releaseSeatsForPayment
FN:184,(anonymous_5)
FN:206,confirmSeatsForPayment
FN:219,getFetch
FN:231,buildRawSignature
FN:247,(anonymous_9)
FN:248,(anonymous_10)
FN:250,getPricesAndMeta
FN:253,(anonymous_12)
FN:272,buildMoMoCharge
FN:384,(anonymous_14)
FN:417,(anonymous_15)
FN:525,(anonymous_16)
FN:556,(anonymous_17)
FN:595,buildIpnRawSignature
FN:614,(anonymous_19)
FN:819,(anonymous_20)
FN:839,(anonymous_21)
FN:927,(anonymous_22)
FN:1018,(anonymous_23)
FN:1047,(anonymous_24)
FN:1065,(anonymous_25)
FNF:26
FNH:0
FNDA:0,restoreCartFromPaymentSession
FNDA:0,holdSeatsForPayment
FNDA:0,(anonymous_2)
FNDA:0,(anonymous_3)
FNDA:0,releaseSeatsForPayment
FNDA:0,(anonymous_5)
FNDA:0,confirmSeatsForPayment
FNDA:0,getFetch
FNDA:0,buildRawSignature
FNDA:0,(anonymous_9)
FNDA:0,(anonymous_10)
FNDA:0,getPricesAndMeta
FNDA:0,(anonymous_12)
FNDA:0,buildMoMoCharge
FNDA:0,(anonymous_14)
FNDA:0,(anonymous_15)
FNDA:0,(anonymous_16)
FNDA:0,(anonymous_17)
FNDA:0,buildIpnRawSignature
FNDA:0,(anonymous_19)
FNDA:0,(anonymous_20)
FNDA:0,(anonymous_21)
FNDA:0,(anonymous_22)
FNDA:0,(anonymous_23)
FNDA:0,(anonymous_24)
FNDA:0,(anonymous_25)
DA:6,1
DA:7,1
DA:8,1
DA:9,1
DA:10,1
DA:11,1
DA:14,1
DA:18,0
DA:19,0
DA:20,0
DA:21,0
DA:24,0
DA:27,0
DA:28,0
DA:29,0
DA:30,0
DA:34,0
DA:35,0
DA:37,0
DA:45,0
DA:46,0
DA:58,0
DA:62,0
DA:63,0
DA:64,0
DA:66,0
DA:67,0
DA:70,0
DA:71,0
DA:77,0
DA:78,0
DA:79,0
DA:80,0
DA:83,0
DA:85,0
DA:86,0
DA:88,0
DA:89,0
DA:90,0
DA:91,0
DA:94,0
DA:95,0
DA:96,0
DA:97,0
DA:100,0
DA:101,0
DA:103,0
DA:104,0
DA:108,0
DA:113,0
DA:118,0
DA:119,0
DA:120,0
DA:121,0
DA:122,0
DA:123,0
DA:124,0
DA:125,0
DA:126,0
DA:129,0
DA:130,0
DA:131,0
DA:132,0
DA:135,0
DA:139,0
DA:140,0
DA:141,0
DA:142,0
DA:143,0
DA:144,0
DA:145,0
DA:153,0
DA:157,0
DA:161,0
DA:163,0
DA:164,0
DA:170,0
DA:171,0
DA:172,0
DA:173,0
DA:176,0
DA:178,0
DA:179,0
DA:181,0
DA:182,0
DA:184,0
DA:185,0
DA:187,0
DA:190,0
DA:195,0
DA:198,0
DA:200,0
DA:201,0
DA:207,0
DA:208,0
DA:210,0
DA:211,0
DA:213,0
DA:214,0
DA:220,0
DA:221,0
DA:222,0
DA:224,0
DA:232,0
DA:247,1
DA:248,1
DA:251,0
DA:252,0
DA:253,0
DA:255,0
DA:261,0
DA:264,0
DA:273,0
DA:274,0
DA:275,0
DA:276,0
DA:277,0
DA:278,0
DA:279,0
DA:280,0
DA:282,0
DA:283,0
DA:284,0
DA:285,0
DA:286,0
DA:287,0
DA:302,0
DA:304,0
DA:305,0
DA:306,0
DA:307,0
DA:308,0
DA:309,0
DA:311,0
DA:312,0
DA:313,0
DA:314,0
DA:315,0
DA:336,0
DA:337,0
DA:338,0
DA:340,0
DA:341,0
DA:343,0
DA:344,0
DA:345,0
DA:346,0
DA:347,0
DA:348,0
DA:349,0
DA:350,0
DA:351,0
DA:353,0
DA:369,0
DA:377,0
DA:384,1
DA:385,0
DA:396,0
DA:398,0
DA:407,0
DA:408,0
DA:415,0
DA:417,0
DA:425,0
DA:426,0
DA:432,0
DA:436,0
DA:438,0
DA:439,0
DA:442,0
DA:447,0
DA:456,0
DA:457,0
DA:458,0
DA:461,0
DA:462,0
DA:464,0
DA:466,0
DA:469,0
DA:470,0
DA:471,0
DA:472,0
DA:473,0
DA:474,0
DA:496,0
DA:497,0
DA:502,0
DA:518,0
DA:519,0
DA:525,0
DA:526,0
DA:528,0
DA:529,0
DA:535,0
DA:546,0
DA:547,0
DA:556,0
DA:573,0
DA:576,0
DA:577,0
DA:580,0
DA:589,0
DA:590,0
DA:597,0
DA:614,1
DA:615,0
DA:616,0
DA:618,0
DA:619,0
DA:620,0
DA:622,0
DA:623,0
DA:624,0
DA:628,0
DA:629,0
DA:634,0
DA:640,0
DA:641,0
DA:642,0
DA:643,0
DA:644,0
DA:647,0
DA:648,0
DA:649,0
DA:650,0
DA:651,0
DA:655,0
DA:656,0
DA:659,0
DA:660,0
DA:662,0
DA:663,0
DA:664,0
DA:666,0
DA:669,0
DA:670,0
DA:671,0
DA:672,0
DA:674,0
DA:675,0
DA:677,0
DA:678,0
DA:679,0
DA:680,0
DA:681,0
DA:682,0
DA:685,0
DA:687,0
DA:688,0
DA:689,0
DA:690,0
DA:693,0
DA:694,0
DA:695,0
DA:698,0
DA:699,0
DA:700,0
DA:701,0
DA:705,0
DA:707,0
DA:708,0
DA:709,0
DA:710,0
DA:712,0
DA:715,0
DA:717,0
DA:722,0
DA:731,0
DA:736,0
DA:745,0
DA:747,0
DA:748,0
DA:749,0
DA:750,0
DA:751,0
DA:752,0
DA:753,0
DA:754,0
DA:761,0
DA:762,0
DA:763,0
DA:765,0
DA:767,0
DA:768,0
DA:770,0
DA:771,0
DA:780,0
DA:787,0
DA:788,0
DA:789,0
DA:790,0
DA:791,0
DA:792,0
DA:793,0
DA:800,0
DA:802,0
DA:805,0
DA:811,0
DA:813,0
DA:814,0
DA:819,1
DA:820,0
DA:821,0
DA:822,0
DA:823,0
DA:824,0
DA:833,0
DA:839,1
DA:840,0
DA:841,0
DA:842,0
DA:844,0
DA:847,0
DA:848,0
DA:849,0
DA:850,0
DA:851,0
DA:853,0
DA:854,0
DA:855,0
DA:859,0
DA:860,0
DA:861,0
DA:862,0
DA:864,0
DA:865,0
DA:870,0
DA:878,0
DA:879,0
DA:880,0
DA:881,0
DA:882,0
DA:886,0
DA:891,0
DA:894,0
DA:895,0
DA:896,0
DA:897,0
DA:898,0
DA:899,0
DA:906,0
DA:909,0
DA:912,0
DA:919,0
DA:920,0
DA:927,1
DA:928,0
DA:929,0
DA:934,0
DA:935,0
DA:937,0
DA:938,0
DA:941,0
DA:942,0
DA:945,0
DA:952,0
DA:960,0
DA:961,0
DA:962,0
DA:966,0
DA:969,0
DA:971,0
DA:972,0
DA:973,0
DA:981,0
DA:984,0
DA:985,0
DA:988,0
DA:989,0
DA:990,0
DA:992,0
DA:996,0
DA:1005,0
DA:1012,0
DA:1013,0
DA:1018,1
DA:1019,0
DA:1020,0
DA:1021,0
DA:1023,0
DA:1024,0
DA:1026,0
DA:1029,0
DA:1036,0
DA:1037,0
DA:1041,0
DA:1042,0
DA:1043,0
DA:1044,0
DA:1047,0
DA:1048,0
DA:1049,0
DA:1052,0
DA:1053,0
DA:1054,0
DA:1062,0
DA:1065,0
DA:1089,0
DA:1091,0
DA:1094,0
DA:1104,0
DA:1105,0
DA:1111,1
DA:1112,1
DA:1113,1
DA:1114,1
LF:406
LH:19
BRDA:19,0,0,0
BRDA:19,0,1,0
BRDA:19,1,0,0
BRDA:19,1,1,0
BRDA:19,1,2,0
BRDA:19,1,3,0
BRDA:28,2,0,0
BRDA:28,2,1,0
BRDA:40,3,0,0
BRDA:40,3,1,0
BRDA:41,4,0,0
BRDA:41,4,1,0
BRDA:42,5,0,0
BRDA:42,5,1,0
BRDA:45,6,0,0
BRDA:45,6,1,0
BRDA:50,7,0,0
BRDA:50,7,1,0
BRDA:51,8,0,0
BRDA:51,8,1,0
BRDA:52,9,0,0
BRDA:52,9,1,0
BRDA:53,10,0,0
BRDA:53,10,1,0
BRDA:54,11,0,0
BRDA:54,11,1,0
BRDA:55,12,0,0
BRDA:55,12,1,0
BRDA:62,13,0,0
BRDA:62,13,1,0
BRDA:78,14,0,0
BRDA:78,14,1,0
BRDA:78,15,0,0
BRDA:78,15,1,0
BRDA:78,15,2,0
BRDA:86,16,0,0
BRDA:86,16,1,0
BRDA:89,17,0,0
BRDA:89,17,1,0
BRDA:95,18,0,0
BRDA:95,18,1,0
BRDA:100,19,0,0
BRDA:100,19,1,0
BRDA:100,20,0,0
BRDA:100,20,1,0
BRDA:101,21,0,0
BRDA:101,21,1,0
BRDA:103,22,0,0
BRDA:103,22,1,0
BRDA:121,23,0,0
BRDA:121,23,1,0
BRDA:121,24,0,0
BRDA:121,24,1,0
BRDA:131,25,0,0
BRDA:131,25,1,0
BRDA:142,26,0,0
BRDA:142,26,1,0
BRDA:144,27,0,0
BRDA:144,27,1,0
BRDA:171,28,0,0
BRDA:171,28,1,0
BRDA:171,29,0,0
BRDA:171,29,1,0
BRDA:171,29,2,0
BRDA:179,30,0,0
BRDA:179,30,1,0
BRDA:182,31,0,0
BRDA:182,31,1,0
BRDA:185,32,0,0
BRDA:185,32,1,0
BRDA:187,33,0,0
BRDA:187,33,1,0
BRDA:187,34,0,0
BRDA:187,34,1,0
BRDA:220,35,0,0
BRDA:220,35,1,0
BRDA:247,36,0,0
BRDA:247,36,1,0
BRDA:248,37,0,0
BRDA:248,37,1,0
BRDA:252,38,0,0
BRDA:252,38,1,0
BRDA:253,39,0,0
BRDA:253,39,1,0
BRDA:255,40,0,0
BRDA:255,40,1,0
BRDA:257,41,0,0
BRDA:257,41,1,0
BRDA:261,42,0,0
BRDA:261,42,1,0
BRDA:263,43,0,0
BRDA:263,43,1,0
BRDA:265,44,0,0
BRDA:265,44,1,0
BRDA:265,44,2,0
BRDA:266,45,0,0
BRDA:266,45,1,0
BRDA:266,45,2,0
BRDA:274,46,0,0
BRDA:274,46,1,0
BRDA:276,47,0,0
BRDA:276,47,1,0
BRDA:304,48,0,0
BRDA:304,48,1,0
BRDA:305,49,0,0
BRDA:305,49,1,0
BRDA:306,50,0,0
BRDA:306,50,1,0
BRDA:308,51,0,0
BRDA:308,51,1,0
BRDA:308,52,0,0
BRDA:308,52,1,0
BRDA:336,53,0,0
BRDA:336,53,1,0
BRDA:337,54,0,0
BRDA:337,54,1,0
BRDA:338,55,0,0
BRDA:338,55,1,0
BRDA:348,56,0,0
BRDA:348,56,1,0
BRDA:349,57,0,0
BRDA:349,57,1,0
BRDA:379,58,0,0
BRDA:379,58,1,0
BRDA:380,59,0,0
BRDA:380,59,1,0
BRDA:387,60,0,0
BRDA:390,61,0,0
BRDA:391,62,0,0
BRDA:396,63,0,0
BRDA:396,63,1,0
BRDA:403,64,0,0
BRDA:403,64,1,0
BRDA:407,65,0,0
BRDA:407,65,1,0
BRDA:425,66,0,0
BRDA:425,66,1,0
BRDA:432,67,0,0
BRDA:432,67,1,0
BRDA:433,68,0,0
BRDA:433,68,1,0
BRDA:438,69,0,0
BRDA:438,69,1,0
BRDA:453,70,0,0
BRDA:453,70,1,0
BRDA:457,71,0,0
BRDA:457,71,1,0
BRDA:457,72,0,0
BRDA:457,72,1,0
BRDA:461,73,0,0
BRDA:461,73,1,0
BRDA:462,74,0,0
BRDA:462,74,1,0
BRDA:464,75,0,0
BRDA:464,75,1,0
BRDA:466,76,0,0
BRDA:466,76,1,0
BRDA:476,77,0,0
BRDA:476,77,1,0
BRDA:477,78,0,0
BRDA:477,78,1,0
BRDA:483,79,0,0
BRDA:483,79,1,0
BRDA:483,79,2,0
BRDA:487,80,0,0
BRDA:487,80,1,0
BRDA:487,80,2,0
BRDA:526,81,0,0
BRDA:526,81,1,0
BRDA:526,81,2,0
BRDA:528,82,0,0
BRDA:528,82,1,0
BRDA:538,83,0,0
BRDA:538,83,1,0
BRDA:548,84,0,0
BRDA:548,84,1,0
BRDA:548,84,2,0
BRDA:554,85,0,0
BRDA:554,85,1,0
BRDA:554,86,0,0
BRDA:554,86,1,0
BRDA:556,87,0,0
BRDA:556,87,1,0
BRDA:558,88,0,0
BRDA:558,88,1,0
BRDA:559,89,0,0
BRDA:559,89,1,0
BRDA:561,90,0,0
BRDA:561,90,1,0
BRDA:561,91,0,0
BRDA:561,91,1,0
BRDA:564,92,0,0
BRDA:564,92,1,0
BRDA:567,93,0,0
BRDA:567,93,1,0
BRDA:567,93,2,0
BRDA:586,94,0,0
BRDA:586,94,1,0
BRDA:616,95,0,0
BRDA:616,95,1,0
BRDA:622,96,0,0
BRDA:622,96,1,0
BRDA:628,97,0,0
BRDA:628,97,1,0
BRDA:642,98,0,0
BRDA:642,98,1,0
BRDA:643,99,0,0
BRDA:643,99,1,0
BRDA:644,100,0,0
BRDA:644,100,1,0
BRDA:650,101,0,0
BRDA:650,101,1,0
BRDA:651,102,0,0
BRDA:651,102,1,0
BRDA:655,103,0,0
BRDA:655,103,1,0
BRDA:655,104,0,0
BRDA:655,104,1,0
BRDA:659,105,0,0
BRDA:659,105,1,0
BRDA:662,106,0,0
BRDA:662,106,1,0
BRDA:664,107,0,0
BRDA:664,107,1,0
BRDA:677,108,0,0
BRDA:677,108,1,0
BRDA:678,109,0,0
BRDA:678,109,1,0
BRDA:687,110,0,0
BRDA:687,110,1,0
BRDA:698,111,0,0
BRDA:698,111,1,0
BRDA:705,112,0,0
BRDA:705,112,1,0
BRDA:707,113,0,0
BRDA:707,113,1,0
BRDA:707,114,0,0
BRDA:707,114,1,0
BRDA:715,115,0,0
BRDA:715,115,1,0
BRDA:745,116,0,0
BRDA:745,116,1,0
BRDA:749,117,0,0
BRDA:749,117,1,0
BRDA:790,118,0,0
BRDA:790,118,1,0
BRDA:790,119,0,0
BRDA:790,119,1,0
BRDA:790,119,2,0
BRDA:792,120,0,0
BRDA:792,120,1,0
BRDA:823,121,0,0
BRDA:823,121,1,0
BRDA:841,122,0,0
BRDA:841,122,1,0
BRDA:844,123,0,0
BRDA:844,123,1,0
BRDA:848,124,0,0
BRDA:848,124,1,0
BRDA:849,125,0,0
BRDA:849,125,1,0
BRDA:850,126,0,0
BRDA:850,126,1,0
BRDA:851,127,0,0
BRDA:851,127,1,0
BRDA:853,128,0,0
BRDA:853,128,1,0
BRDA:859,129,0,0
BRDA:859,129,1,0
BRDA:861,130,0,0
BRDA:861,130,1,0
BRDA:878,131,0,0
BRDA:878,131,1,0
BRDA:897,132,0,0
BRDA:897,132,1,0
BRDA:903,133,0,0
BRDA:903,133,1,0
BRDA:937,134,0,0
BRDA:937,134,1,0
BRDA:937,135,0,0
BRDA:937,135,1,0
BRDA:941,136,0,0
BRDA:941,136,1,0
BRDA:960,137,0,0
BRDA:960,137,1,0
BRDA:971,138,0,0
BRDA:971,138,1,0
BRDA:984,139,0,0
BRDA:984,139,1,0
BRDA:1023,140,0,0
BRDA:1023,140,1,0
BRDA:1024,141,0,0
BRDA:1024,141,1,0
BRDA:1036,142,0,0
BRDA:1036,142,1,0
BRDA:1043,143,0,0
BRDA:1043,143,1,0
BRDA:1048,144,0,0
BRDA:1048,144,1,0
BRDA:1052,145,0,0
BRDA:1052,145,1,0
BRDA:1052,146,0,0
BRDA:1052,146,1,0
BRDA:1053,147,0,0
BRDA:1053,147,1,0
BRF:305
BRH:0
end_of_record
TN:
SF:controller\paypal.controller.js
FN:1,(anonymous_0)
FN:1,(anonymous_1)
FN:19,(anonymous_2)
FN:20,(anonymous_3)
FN:22,getPricesAndMeta
FN:26,(anonymous_5)
FN:44,toUSD
FN:50,getAccessToken
FN:83,buildChargeForUser
FN:189,(anonymous_9)
FN:226,(anonymous_10)
FN:230,(anonymous_11)
FN:241,(anonymous_12)
FN:329,(anonymous_13)
FN:366,(anonymous_14)
FN:389,(anonymous_15)
FN:447,(anonymous_16)
FN:458,(anonymous_17)
FN:667,(anonymous_18)
FNF:19
FNH:0
FNDA:0,(anonymous_0)
FNDA:0,(anonymous_1)
FNDA:0,(anonymous_2)
FNDA:0,(anonymous_3)
FNDA:0,getPricesAndMeta
FNDA:0,(anonymous_5)
FNDA:0,toUSD
FNDA:0,getAccessToken
FNDA:0,buildChargeForUser
FNDA:0,(anonymous_9)
FNDA:0,(anonymous_10)
FNDA:0,(anonymous_11)
FNDA:0,(anonymous_12)
FNDA:0,(anonymous_13)
FNDA:0,(anonymous_14)
FNDA:0,(anonymous_15)
FNDA:0,(anonymous_16)
FNDA:0,(anonymous_17)
FNDA:0,(anonymous_18)
DA:1,1
DA:2,1
DA:3,1
DA:4,1
DA:5,1
DA:6,1
DA:9,1
DA:12,1
DA:14,1
DA:15,1
DA:16,1
DA:19,1
DA:20,1
DA:23,0
DA:24,0
DA:26,0
DA:29,0
DA:33,0
DA:36,0
DA:45,0
DA:47,0
DA:51,0
DA:52,0
DA:54,0
DA:55,0
DA:56,0
DA:57,0
DA:60,0
DA:61,0
DA:69,0
DA:70,0
DA:71,0
DA:72,0
DA:73,0
DA:74,0
DA:76,0
DA:77,0
DA:84,0
DA:85,0
DA:86,0
DA:87,0
DA:89,0
DA:90,0
DA:91,0
DA:92,0
DA:94,0
DA:96,0
DA:97,0
DA:98,0
DA:99,0
DA:100,0
DA:102,0
DA:111,0
DA:122,0
DA:125,0
DA:126,0
DA:127,0
DA:128,0
DA:131,0
DA:132,0
DA:133,0
DA:134,0
DA:136,0
DA:150,0
DA:151,0
DA:152,0
DA:154,0
DA:155,0
DA:157,0
DA:158,0
DA:159,0
DA:160,0
DA:161,0
DA:162,0
DA:163,0
DA:164,0
DA:165,0
DA:167,0
DA:176,0
DA:185,0
DA:189,1
DA:190,0
DA:191,0
DA:192,0
DA:193,0
DA:195,0
DA:196,0
DA:197,0
DA:199,0
DA:200,0
DA:203,0
DA:204,0
DA:206,0
DA:213,0
DA:214,0
DA:217,0
DA:218,0
DA:224,0
DA:226,0
DA:227,0
DA:228,0
DA:230,0
DA:231,0
DA:232,0
DA:234,0
DA:241,0
DA:249,0
DA:250,0
DA:251,0
DA:254,0
DA:261,0
DA:262,0
DA:268,0
DA:285,0
DA:287,0
DA:288,0
DA:299,0
DA:301,0
DA:302,0
DA:305,0
DA:306,0
DA:309,0
DA:310,0
DA:311,0
DA:319,0
DA:320,0
DA:330,0
DA:331,0
DA:334,0
DA:335,0
DA:336,0
DA:337,0
DA:338,0
DA:339,0
DA:341,0
DA:362,0
DA:363,0
DA:365,0
DA:366,0
DA:373,0
DA:375,0
DA:379,0
DA:381,0
DA:382,0
DA:389,1
DA:390,0
DA:392,0
DA:393,0
DA:394,0
DA:396,0
DA:397,0
DA:398,0
DA:401,0
DA:402,0
DA:403,0
DA:404,0
DA:408,0
DA:411,0
DA:412,0
DA:415,0
DA:416,0
DA:417,0
DA:419,0
DA:423,0
DA:425,0
DA:426,0
DA:427,0
DA:434,0
DA:435,0
DA:438,0
DA:442,0
DA:443,0
DA:445,0
DA:446,0
DA:447,0
DA:449,0
DA:452,0
DA:455,0
DA:456,0
DA:458,0
DA:460,0
DA:461,0
DA:463,0
DA:471,0
DA:473,0
DA:474,0
DA:475,0
DA:476,0
DA:479,0
DA:482,0
DA:483,0
DA:484,0
DA:485,0
DA:486,0
DA:490,0
DA:491,0
DA:492,0
DA:493,0
DA:495,0
DA:499,0
DA:502,0
DA:503,0
DA:506,0
DA:511,0
DA:514,0
DA:527,0
DA:531,0
DA:536,0
DA:545,0
DA:546,0
DA:547,0
DA:550,0
DA:553,0
DA:555,0
DA:556,0
DA:557,0
DA:558,0
DA:559,0
DA:560,0
DA:561,0
DA:562,0
DA:568,0
DA:569,0
DA:571,0
DA:572,0
DA:580,0
DA:586,0
DA:589,0
DA:590,0
DA:591,0
DA:600,0
DA:602,0
DA:605,0
DA:608,0
DA:609,0
DA:610,0
DA:611,0
DA:612,0
DA:613,0
DA:614,0
DA:616,0
DA:621,0
DA:622,0
DA:623,0
DA:626,0
DA:627,0
DA:628,0
DA:629,0
DA:630,0
DA:631,0
DA:632,0
DA:633,0
DA:636,0
DA:637,0
DA:640,0
DA:641,0
DA:642,0
DA:645,0
DA:654,0
DA:657,0
DA:660,0
DA:662,0
DA:667,1
DA:668,0
LF:264
LH:16
BRDA:1,0,0,1
BRDA:1,0,1,0
BRDA:15,1,0,0
BRDA:15,1,1,1
BRDA:19,2,0,0
BRDA:19,2,1,0
BRDA:20,3,0,0
BRDA:20,3,1,0
BRDA:24,4,0,0
BRDA:24,4,1,0
BRDA:26,5,0,0
BRDA:26,5,1,0
BRDA:29,6,0,0
BRDA:29,6,1,0
BRDA:30,7,0,0
BRDA:30,7,1,0
BRDA:33,8,0,0
BRDA:33,8,1,0
BRDA:34,9,0,0
BRDA:34,9,1,0
BRDA:37,10,0,0
BRDA:37,10,1,0
BRDA:37,10,2,0
BRDA:38,11,0,0
BRDA:38,11,1,0
BRDA:38,11,2,0
BRDA:45,12,0,0
BRDA:45,12,1,0
BRDA:52,13,0,0
BRDA:52,13,1,0
BRDA:54,14,0,0
BRDA:54,14,1,0
BRDA:54,15,0,0
BRDA:54,15,1,0
BRDA:69,16,0,0
BRDA:69,16,1,0
BRDA:85,17,0,0
BRDA:85,17,1,0
BRDA:87,18,0,0
BRDA:87,18,1,0
BRDA:125,19,0,0
BRDA:125,19,1,0
BRDA:126,20,0,0
BRDA:126,20,1,0
BRDA:127,21,0,0
BRDA:127,21,1,0
BRDA:128,22,0,0
BRDA:128,22,1,0
BRDA:128,23,0,0
BRDA:128,23,1,0
BRDA:150,24,0,0
BRDA:150,24,1,0
BRDA:151,25,0,0
BRDA:151,25,1,0
BRDA:152,26,0,0
BRDA:152,26,1,0
BRDA:162,27,0,0
BRDA:162,27,1,0
BRDA:163,28,0,0
BRDA:163,28,1,0
BRDA:203,29,0,0
BRDA:203,29,1,0
BRDA:210,30,0,0
BRDA:210,30,1,0
BRDA:213,31,0,0
BRDA:213,31,1,0
BRDA:213,32,0,0
BRDA:213,32,1,0
BRDA:224,33,0,0
BRDA:224,33,1,0
BRDA:228,34,0,0
BRDA:228,34,1,0
BRDA:261,35,0,0
BRDA:261,35,1,0
BRDA:302,36,0,0
BRDA:302,36,1,0
BRDA:309,37,0,0
BRDA:309,37,1,0
BRDA:310,38,0,0
BRDA:310,38,1,0
BRDA:313,39,0,0
BRDA:313,39,1,0
BRDA:327,40,0,0
BRDA:327,40,1,0
BRDA:331,41,0,0
BRDA:331,41,1,0
BRDA:335,42,0,0
BRDA:335,42,1,0
BRDA:335,42,2,0
BRDA:336,43,0,0
BRDA:336,43,1,0
BRDA:336,43,2,0
BRDA:337,44,0,0
BRDA:337,44,1,0
BRDA:337,44,2,0
BRDA:338,45,0,0
BRDA:338,45,1,0
BRDA:338,45,2,0
BRDA:339,46,0,0
BRDA:339,46,1,0
BRDA:339,46,2,0
BRDA:339,46,3,0
BRDA:344,47,0,0
BRDA:344,47,1,0
BRDA:344,48,0,0
BRDA:344,48,1,0
BRDA:356,49,0,0
BRDA:356,49,1,0
BRDA:356,49,2,0
BRDA:367,50,0,0
BRDA:367,50,1,0
BRDA:367,50,2,0
BRDA:368,51,0,0
BRDA:368,51,1,0
BRDA:368,51,2,0
BRDA:369,52,0,0
BRDA:369,52,1,0
BRDA:369,52,2,0
BRDA:370,53,0,0
BRDA:370,53,1,0
BRDA:370,53,2,0
BRDA:381,54,0,0
BRDA:381,54,1,0
BRDA:381,55,0,0
BRDA:381,55,1,0
BRDA:382,56,0,0
BRDA:382,56,1,0
BRDA:384,57,0,0
BRDA:384,57,1,0
BRDA:402,58,0,0
BRDA:402,58,1,0
BRDA:411,59,0,0
BRDA:411,59,1,0
BRDA:417,60,0,0
BRDA:417,60,1,0
BRDA:419,61,0,0
BRDA:419,61,1,0
BRDA:423,62,0,0
BRDA:423,62,1,0
BRDA:434,63,0,0
BRDA:434,63,1,0
BRDA:438,64,0,0
BRDA:438,64,1,0
BRDA:442,65,0,0
BRDA:442,65,1,0
BRDA:449,66,0,0
BRDA:449,66,1,0
BRDA:473,67,0,0
BRDA:473,67,1,0
BRDA:490,68,0,0
BRDA:490,68,1,0
BRDA:490,69,0,0
BRDA:490,69,1,0
BRDA:502,70,0,0
BRDA:502,70,1,0
BRDA:553,71,0,0
BRDA:553,71,1,0
BRDA:557,72,0,0
BRDA:557,72,1,0
BRDA:628,73,0,0
BRDA:628,73,1,0
BRDA:628,74,0,0
BRDA:628,74,1,0
BRDA:660,75,0,0
BRDA:660,75,1,0
BRDA:660,76,0,0
BRDA:660,76,1,0
BRF:167
BRH:2
end_of_record
TN:
SF:controller\profile.controller.js
FN:9,(anonymous_0)
FN:21,(anonymous_1)
FN:21,(anonymous_2)
FN:22,(anonymous_3)
FN:22,(anonymous_4)
FN:30,(anonymous_5)
FN:41,(anonymous_6)
FN:68,(anonymous_7)
FN:91,(anonymous_8)
FN:107,(anonymous_9)
FNF:10
FNH:0
FNDA:0,(anonymous_0)
FNDA:0,(anonymous_1)
FNDA:0,(anonymous_2)
FNDA:0,(anonymous_3)
FNDA:0,(anonymous_4)
FNDA:0,(anonymous_5)
FNDA:0,(anonymous_6)
FNDA:0,(anonymous_7)
FNDA:0,(anonymous_8)
FNDA:0,(anonymous_9)
DA:1,1
DA:2,1
DA:3,1
DA:5,1
DA:6,1
DA:10,0
DA:11,0
DA:12,0
DA:16,1
DA:17,1
DA:19,1
DA:21,0
DA:22,0
DA:30,1
DA:31,0
DA:32,0
DA:33,0
DA:34,0
DA:35,0
DA:37,0
DA:41,1
DA:42,0
DA:43,0
DA:44,0
DA:46,0
DA:52,0
DA:53,0
DA:55,0
DA:56,0
DA:58,0
DA:59,0
DA:61,0
DA:66,1
DA:69,0
DA:70,0
DA:71,0
DA:73,0
DA:74,0
DA:76,0
DA:80,0
DA:82,0
DA:84,0
DA:85,0
DA:91,1
DA:92,0
DA:93,0
DA:94,0
DA:95,0
DA:97,0
DA:98,0
DA:100,0
DA:102,0
DA:107,1
DA:108,0
DA:109,0
DA:110,0
DA:111,0
DA:113,0
DA:114,0
DA:115,0
DA:119,0
DA:120,0
DA:123,0
DA:125,0
LF:64
LH:13
BRDA:11,0,0,0
BRDA:11,0,1,0
BRDA:21,1,0,0
BRDA:21,1,1,0
BRDA:21,2,0,0
BRDA:21,2,1,0
BRDA:22,3,0,0
BRDA:22,3,1,0
BRDA:22,4,0,0
BRDA:22,4,1,0
BRDA:32,5,0,0
BRDA:32,5,1,0
BRDA:34,6,0,0
BRDA:34,6,1,0
BRDA:44,7,0,0
BRDA:44,7,1,0
BRDA:52,8,0,0
BRDA:52,8,1,0
BRDA:53,9,0,0
BRDA:53,9,1,0
BRDA:58,10,0,0
BRDA:58,10,1,0
BRDA:70,11,0,0
BRDA:70,11,1,0
BRDA:71,12,0,0
BRDA:71,12,1,0
BRDA:74,13,0,0
BRDA:74,13,1,0
BRDA:93,14,0,0
BRDA:93,14,1,0
BRDA:95,15,0,0
BRDA:95,15,1,0
BRDA:95,16,0,0
BRDA:95,16,1,0
BRDA:111,17,0,0
BRDA:111,17,1,0
BRDA:113,18,0,0
BRDA:113,18,1,0
BRDA:119,19,0,0
BRDA:119,19,1,0
BRDA:119,19,2,0
BRF:41
BRH:0
end_of_record
TN:
SF:controller\promotionController.js
FN:4,(anonymous_0)
FN:25,(anonymous_1)
FN:54,(anonymous_2)
FN:82,(anonymous_3)
FN:106,(anonymous_4)
FN:167,(anonymous_5)
FN:212,(anonymous_6)
FN:236,(anonymous_7)
FN:240,(anonymous_8)
FNF:9
FNH:0
FNDA:0,(anonymous_0)
FNDA:0,(anonymous_1)
FNDA:0,(anonymous_2)
FNDA:0,(anonymous_3)
FNDA:0,(anonymous_4)
FNDA:0,(anonymous_5)
FNDA:0,(anonymous_6)
FNDA:0,(anonymous_7)
FNDA:0,(anonymous_8)
DA:1,1
DA:4,1
DA:5,0
DA:6,0
DA:10,0
DA:12,0
DA:17,0
DA:25,1
DA:26,0
DA:27,0
DA:29,0
DA:30,0
DA:32,0
DA:37,0
DA:39,0
DA:46,0
DA:54,1
DA:55,0
DA:56,0
DA:62,0
DA:63,0
DA:69,0
DA:74,0
DA:82,1
DA:83,0
DA:84,0
DA:86,0
DA:87,0
DA:93,0
DA:98,0
DA:106,1
DA:107,0
DA:108,0
DA:109,0
DA:111,0
DA:113,0
DA:117,0
DA:118,0
DA:119,0
DA:125,0
DA:134,0
DA:136,0
DA:137,0
DA:138,0
DA:144,0
DA:145,0
DA:146,0
DA:152,0
DA:153,0
DA:154,0
DA:161,0
DA:162,0
DA:163,0
DA:165,0
DA:166,0
DA:167,0
DA:170,0
DA:171,0
DA:172,0
DA:180,0
DA:181,0
DA:182,0
DA:188,0
DA:189,0
DA:191,0
DA:203,0
DA:204,0
DA:212,1
DA:213,0
DA:214,0
DA:215,0
DA:217,0
DA:220,0
DA:228,0
DA:231,0
DA:232,0
DA:233,0
DA:235,0
DA:236,0
DA:237,0
DA:239,0
DA:240,0
DA:241,0
DA:243,0
DA:245,0
DA:248,0
DA:251,0
DA:256,0
DA:257,0
LF:89
LH:7
BRDA:27,0,0,0
BRDA:27,1,0,0
BRDA:30,2,0,0
BRDA:30,2,1,0
BRDA:62,3,0,0
BRDA:62,3,1,0
BRDA:86,4,0,0
BRDA:86,4,1,0
BRDA:109,5,0,0
BRDA:109,5,1,0
BRDA:109,5,2,0
BRDA:117,6,0,0
BRDA:117,6,1,0
BRDA:136,7,0,0
BRDA:136,7,1,0
BRDA:144,8,0,0
BRDA:144,8,1,0
BRDA:144,9,0,0
BRDA:144,9,1,0
BRDA:152,10,0,0
BRDA:152,10,1,0
BRDA:152,11,0,0
BRDA:152,11,1,0
BRDA:161,12,0,0
BRDA:161,12,1,0
BRDA:165,13,0,0
BRDA:165,13,1,0
BRDA:165,14,0,0
BRDA:165,14,1,0
BRDA:165,14,2,0
BRDA:170,15,0,0
BRDA:170,15,1,0
BRDA:180,16,0,0
BRDA:180,16,1,0
BRDA:215,17,0,0
BRDA:215,17,1,0
BRDA:215,17,2,0
BRDA:231,18,0,0
BRDA:231,18,1,0
BRDA:235,19,0,0
BRDA:235,19,1,0
BRDA:235,20,0,0
BRDA:235,20,1,0
BRDA:235,20,2,0
BRF:44
BRH:0
end_of_record
TN:
SF:controller\reviewController.js
FN:9,(anonymous_0)
FN:48,(anonymous_1)
FN:68,(anonymous_2)
FN:72,(anonymous_3)
FN:78,(anonymous_4)
FN:91,(anonymous_5)
FN:170,(anonymous_6)
FN:227,(anonymous_7)
FN:244,(anonymous_8)
FN:267,(anonymous_9)
FN:319,(anonymous_10)
FN:357,(anonymous_11)
FN:388,(anonymous_12)
FN:434,(anonymous_13)
FN:449,(anonymous_14)
FN:451,(anonymous_15)
FNF:16
FNH:0
FNDA:0,(anonymous_0)
FNDA:0,(anonymous_1)
FNDA:0,(anonymous_2)
FNDA:0,(anonymous_3)
FNDA:0,(anonymous_4)
FNDA:0,(anonymous_5)
FNDA:0,(anonymous_6)
FNDA:0,(anonymous_7)
FNDA:0,(anonymous_8)
FNDA:0,(anonymous_9)
FNDA:0,(anonymous_10)
FNDA:0,(anonymous_11)
FNDA:0,(anonymous_12)
FNDA:0,(anonymous_13)
FNDA:0,(anonymous_14)
FNDA:0,(anonymous_15)
DA:2,1
DA:3,1
DA:4,1
DA:5,1
DA:6,1
DA:9,1
DA:10,0
DA:11,0
DA:22,0
DA:25,0
DA:26,0
DA:34,0
DA:40,0
DA:48,0
DA:57,0
DA:58,0
DA:65,0
DA:66,0
DA:68,0
DA:71,0
DA:72,0
DA:75,0
DA:76,0
DA:77,0
DA:78,0
DA:79,0
DA:86,0
DA:92,0
DA:99,0
DA:105,0
DA:106,0
DA:107,0
DA:114,0
DA:129,0
DA:137,0
DA:142,0
DA:147,0
DA:153,0
DA:155,0
DA:156,0
DA:162,0
DA:170,1
DA:171,0
DA:172,0
DA:179,0
DA:181,0
DA:182,0
DA:188,0
DA:190,0
DA:199,0
DA:201,0
DA:206,0
DA:218,0
DA:219,0
DA:227,1
DA:228,0
DA:229,0
DA:230,0
DA:232,0
DA:234,0
DA:239,0
DA:241,0
DA:244,0
DA:247,0
DA:258,0
DA:259,0
DA:267,1
DA:268,0
DA:269,0
DA:270,0
DA:271,0
DA:273,0
DA:275,0
DA:276,0
DA:283,0
DA:284,0
DA:292,0
DA:293,0
DA:294,0
DA:295,0
DA:296,0
DA:298,0
DA:300,0
DA:304,0
DA:310,0
DA:311,0
DA:319,1
DA:320,0
DA:321,0
DA:322,0
DA:324,0
DA:326,0
DA:327,0
DA:334,0
DA:335,0
DA:341,0
DA:343,0
DA:348,0
DA:349,0
DA:357,1
DA:358,0
DA:359,0
DA:360,0
DA:362,0
DA:364,0
DA:365,0
DA:371,0
DA:373,0
DA:379,0
DA:380,0
DA:388,1
DA:389,0
DA:390,0
DA:391,0
DA:392,0
DA:394,0
DA:395,0
DA:401,0
DA:403,0
DA:404,0
DA:412,0
DA:414,0
DA:419,0
DA:425,0
DA:426,0
DA:434,1
DA:435,0
DA:436,0
DA:439,0
DA:445,0
DA:448,0
DA:450,0
DA:451,0
DA:455,0
DA:461,0
DA:462,0
DA:469,1
LF:137
LH:14
BRDA:11,0,0,0
BRDA:11,0,1,0
BRDA:25,1,0,0
BRDA:25,1,1,0
BRDA:25,2,0,0
BRDA:25,2,1,0
BRDA:25,2,2,0
BRDA:25,2,3,0
BRDA:25,2,4,0
BRDA:42,3,0,0
BRDA:42,3,1,0
BRDA:47,4,0,0
BRDA:47,4,1,0
BRDA:57,5,0,0
BRDA:57,5,1,0
BRDA:75,6,0,0
BRDA:75,6,1,0
BRDA:106,7,0,0
BRDA:106,7,1,0
BRDA:122,8,0,0
BRDA:122,8,1,0
BRDA:123,9,0,0
BRDA:123,9,1,0
BRDA:124,10,0,0
BRDA:124,10,1,0
BRDA:155,11,0,0
BRDA:155,11,1,0
BRDA:164,12,0,0
BRDA:164,12,1,0
BRDA:174,13,0,0
BRDA:175,14,0,0
BRDA:176,15,0,0
BRDA:177,16,0,0
BRDA:178,17,0,0
BRDA:181,18,0,0
BRDA:181,18,1,0
BRDA:188,19,0,0
BRDA:188,19,1,0
BRDA:195,20,0,0
BRDA:195,20,1,0
BRDA:215,21,0,0
BRDA:215,21,1,0
BRDA:221,22,0,0
BRDA:221,22,1,0
BRDA:229,23,0,0
BRDA:229,23,1,0
BRDA:230,24,0,0
BRDA:230,25,0,0
BRDA:261,26,0,0
BRDA:261,26,1,0
BRDA:269,27,0,0
BRDA:269,27,1,0
BRDA:275,28,0,0
BRDA:275,28,1,0
BRDA:283,29,0,0
BRDA:283,29,1,0
BRDA:292,30,0,0
BRDA:292,30,1,0
BRDA:293,31,0,0
BRDA:293,31,1,0
BRDA:294,32,0,0
BRDA:294,32,1,0
BRDA:295,33,0,0
BRDA:295,33,1,0
BRDA:296,34,0,0
BRDA:296,34,1,0
BRDA:313,35,0,0
BRDA:313,35,1,0
BRDA:321,36,0,0
BRDA:321,36,1,0
BRDA:326,37,0,0
BRDA:326,37,1,0
BRDA:334,38,0,0
BRDA:334,38,1,0
BRDA:351,39,0,0
BRDA:351,39,1,0
BRDA:359,40,0,0
BRDA:359,40,1,0
BRDA:364,41,0,0
BRDA:364,41,1,0
BRDA:382,42,0,0
BRDA:382,42,1,0
BRDA:390,43,0,0
BRDA:390,43,1,0
BRDA:394,44,0,0
BRDA:394,44,1,0
BRDA:394,45,0,0
BRDA:394,45,1,0
BRDA:403,46,0,0
BRDA:403,46,1,0
BRDA:428,47,0,0
BRDA:428,47,1,0
BRDA:436,48,0,0
BRDA:436,48,1,0
BRDA:464,49,0,0
BRDA:464,49,1,0
BRF:96
BRH:0
end_of_record
TN:
SF:controller\security.controller.js
FN:15,(anonymous_0)
FN:79,(anonymous_1)
FN:147,(anonymous_2)
FN:228,(anonymous_3)
FN:310,(anonymous_4)
FN:387,(anonymous_5)
FN:457,(anonymous_6)
FN:524,(anonymous_7)
FN:586,(anonymous_8)
FNF:9
FNH:0
FNDA:0,(anonymous_0)
FNDA:0,(anonymous_1)
FNDA:0,(anonymous_2)
FNDA:0,(anonymous_3)
FNDA:0,(anonymous_4)
FNDA:0,(anonymous_5)
FNDA:0,(anonymous_6)
FNDA:0,(anonymous_7)
FNDA:0,(anonymous_8)
DA:2,1
DA:3,1
DA:4,1
DA:5,1
DA:6,1
DA:15,1
DA:16,0
DA:17,0
DA:18,0
DA:20,0
DA:21,0
DA:24,0
DA:25,0
DA:32,0
DA:33,0
DA:34,0
DA:35,0
DA:38,0
DA:42,0
DA:63,0
DA:68,0
DA:69,0
DA:79,1
DA:80,0
DA:81,0
DA:83,0
DA:84,0
DA:90,0
DA:95,0
DA:96,0
DA:102,0
DA:103,0
DA:110,0
DA:116,0
DA:117,0
DA:118,0
DA:119,0
DA:122,0
DA:124,0
DA:133,0
DA:134,0
DA:147,1
DA:148,0
DA:150,0
DA:151,0
DA:153,0
DA:154,0
DA:160,0
DA:161,0
DA:167,0
DA:169,0
DA:170,0
DA:177,0
DA:184,0
DA:185,0
DA:192,0
DA:193,0
DA:196,0
DA:197,0
DA:209,0
DA:212,0
DA:217,0
DA:218,0
DA:228,1
DA:229,0
DA:230,0
DA:231,0
DA:233,0
DA:234,0
DA:240,0
DA:242,0
DA:243,0
DA:246,0
DA:247,0
DA:254,0
DA:255,0
DA:261,0
DA:262,0
DA:263,0
DA:270,0
DA:271,0
DA:272,0
DA:275,0
DA:276,0
DA:287,0
DA:290,0
DA:295,0
DA:296,0
DA:310,1
DA:311,0
DA:312,0
DA:313,0
DA:315,0
DA:316,0
DA:322,0
DA:323,0
DA:324,0
DA:328,0
DA:329,0
DA:330,0
DA:333,0
DA:334,0
DA:337,0
DA:341,0
DA:371,0
DA:376,0
DA:377,0
DA:387,1
DA:388,0
DA:389,0
DA:391,0
DA:392,0
DA:398,0
DA:403,0
DA:404,0
DA:410,0
DA:411,0
DA:412,0
DA:413,0
DA:414,0
DA:415,0
DA:418,0
DA:438,0
DA:446,0
DA:447,0
DA:457,1
DA:458,0
DA:459,0
DA:461,0
DA:462,0
DA:468,0
DA:470,0
DA:471,0
DA:477,0
DA:478,0
DA:485,0
DA:488,0
DA:489,0
DA:490,0
DA:493,0
DA:508,0
DA:513,0
DA:514,0
DA:524,1
DA:525,0
DA:526,0
DA:528,0
DA:529,0
DA:535,0
DA:537,0
DA:538,0
DA:544,0
DA:545,0
DA:551,0
DA:552,0
DA:558,0
DA:559,0
DA:566,0
DA:567,0
DA:568,0
DA:570,0
DA:575,0
DA:576,0
DA:586,1
DA:587,0
DA:588,0
DA:589,0
DA:593,0
DA:594,0
DA:597,0
DA:602,0
DA:603,0
LF:172
LH:14
BRDA:17,0,0,0
BRDA:17,0,1,0
BRDA:20,1,0,0
BRDA:20,1,1,0
BRDA:24,2,0,0
BRDA:24,2,1,0
BRDA:39,3,0,0
BRDA:39,3,1,0
BRDA:47,4,0,0
BRDA:47,4,1,0
BRDA:83,5,0,0
BRDA:83,5,1,0
BRDA:95,6,0,0
BRDA:95,6,1,0
BRDA:102,7,0,0
BRDA:102,7,1,0
BRDA:150,8,0,0
BRDA:150,8,1,0
BRDA:150,8,2,0
BRDA:153,9,0,0
BRDA:153,9,1,0
BRDA:160,10,0,0
BRDA:160,10,1,0
BRDA:169,11,0,0
BRDA:169,11,1,0
BRDA:169,12,0,0
BRDA:169,12,1,0
BRDA:184,13,0,0
BRDA:184,13,1,0
BRDA:202,14,0,0
BRDA:202,14,1,0
BRDA:230,15,0,0
BRDA:230,15,1,0
BRDA:233,16,0,0
BRDA:233,16,1,0
BRDA:242,17,0,0
BRDA:242,17,1,0
BRDA:246,18,0,0
BRDA:246,18,1,0
BRDA:254,19,0,0
BRDA:254,19,1,0
BRDA:262,20,0,0
BRDA:262,20,1,0
BRDA:281,21,0,0
BRDA:281,21,1,0
BRDA:312,22,0,0
BRDA:312,22,1,0
BRDA:315,23,0,0
BRDA:315,23,1,0
BRDA:323,24,0,0
BRDA:323,24,1,0
BRDA:338,25,0,0
BRDA:338,25,1,0
BRDA:343,26,0,0
BRDA:343,26,1,0
BRDA:347,27,0,0
BRDA:347,27,1,0
BRDA:348,28,0,0
BRDA:348,28,1,0
BRDA:350,29,0,0
BRDA:350,29,1,0
BRDA:353,30,0,0
BRDA:353,30,1,0
BRDA:391,31,0,0
BRDA:391,31,1,0
BRDA:403,32,0,0
BRDA:403,32,1,0
BRDA:420,33,0,0
BRDA:420,33,1,0
BRDA:425,34,0,0
BRDA:425,34,1,0
BRDA:427,35,0,0
BRDA:427,35,1,0
BRDA:430,36,0,0
BRDA:430,36,1,0
BRDA:441,37,0,0
BRDA:441,37,1,0
BRDA:461,38,0,0
BRDA:461,38,1,0
BRDA:470,39,0,0
BRDA:470,39,1,0
BRDA:477,40,0,0
BRDA:477,40,1,0
BRDA:498,41,0,0
BRDA:498,41,1,0
BRDA:528,42,0,0
BRDA:528,42,1,0
BRDA:528,43,0,0
BRDA:528,43,1,0
BRDA:537,44,0,0
BRDA:537,44,1,0
BRDA:544,45,0,0
BRDA:544,45,1,0
BRDA:551,46,0,0
BRDA:551,46,1,0
BRDA:558,47,0,0
BRDA:558,47,1,0
BRDA:588,48,0,0
BRDA:588,48,1,0
BRDA:593,49,0,0
BRDA:593,49,1,0
BRDA:598,50,0,0
BRDA:598,50,1,0
BRDA:599,51,0,0
BRDA:599,51,1,0
BRF:105
BRH:0
end_of_record
TN:
SF:controller\wishlistController.js
FN:7,(anonymous_0)
FN:10,getMyWishlist
FN:28,(anonymous_2)
FN:38,addToWishlist
FN:69,removeFromWishlist
FN:83,toggleWishlist
FN:121,checkOne
FN:137,checkMany
FN:152,(anonymous_8)
FNF:9
FNH:0
FNDA:0,(anonymous_0)
FNDA:0,getMyWishlist
FNDA:0,(anonymous_2)
FNDA:0,addToWishlist
FNDA:0,removeFromWishlist
FNDA:0,toggleWishlist
FNDA:0,checkOne
FNDA:0,checkMany
FNDA:0,(anonymous_8)
DA:2,1
DA:3,1
DA:4,1
DA:5,1
DA:7,1
DA:11,0
DA:12,0
DA:13,0
DA:28,0
DA:30,0
DA:32,0
DA:33,0
DA:39,0
DA:40,0
DA:41,0
DA:42,0
DA:43,0
DA:47,0
DA:48,0
DA:49,0
DA:53,0
DA:54,0
DA:58,0
DA:59,0
DA:63,0
DA:64,0
DA:70,0
DA:71,0
DA:72,0
DA:74,0
DA:75,0
DA:77,0
DA:78,0
DA:84,0
DA:85,0
DA:86,0
DA:87,0
DA:88,0
DA:92,0
DA:96,0
DA:97,0
DA:98,0
DA:104,0
DA:105,0
DA:110,0
DA:111,0
DA:115,0
DA:116,0
DA:122,0
DA:123,0
DA:124,0
DA:125,0
DA:129,0
DA:131,0
DA:132,0
DA:138,0
DA:139,0
DA:140,0
DA:145,0
DA:152,0
DA:153,0
DA:155,0
DA:156,0
DA:160,1
LF:64
LH:6
BRDA:42,0,0,0
BRDA:42,0,1,0
BRDA:48,1,0,0
BRDA:48,1,1,0
BRDA:58,2,0,0
BRDA:58,2,1,0
BRDA:87,3,0,0
BRDA:87,3,1,0
BRDA:96,4,0,0
BRDA:96,4,1,0
BRDA:110,5,0,0
BRDA:110,5,1,0
BRDA:140,6,0,0
BRDA:140,6,1,0
BRF:14
BRH:0
end_of_record
TN:
SF:controller\admin\admin.agency.controller.js
FN:7,(anonymous_0)
FN:25,(anonymous_1)
FN:30,(anonymous_2)
FN:32,(anonymous_3)
FN:36,(anonymous_4)
FN:40,(anonymous_5)
FN:46,(anonymous_6)
FN:74,(anonymous_7)
FN:91,(anonymous_8)
FN:92,(anonymous_9)
FN:94,(anonymous_10)
FN:98,(anonymous_11)
FN:104,(anonymous_12)
FN:129,(anonymous_13)
FN:153,(anonymous_14)
FN:187,(anonymous_15)
FN:216,(anonymous_16)
FN:250,(anonymous_17)
FN:265,(anonymous_18)
FN:300,(anonymous_19)
FN:314,(anonymous_20)
FN:336,(anonymous_21)
FN:346,(anonymous_22)
FN:350,(anonymous_23)
FN:354,(anonymous_24)
FNF:25
FNH:0
FNDA:0,(anonymous_0)
FNDA:0,(anonymous_1)
FNDA:0,(anonymous_2)
FNDA:0,(anonymous_3)
FNDA:0,(anonymous_4)
FNDA:0,(anonymous_5)
FNDA:0,(anonymous_6)
FNDA:0,(anonymous_7)
FNDA:0,(anonymous_8)
FNDA:0,(anonymous_9)
FNDA:0,(anonymous_10)
FNDA:0,(anonymous_11)
FNDA:0,(anonymous_12)
FNDA:0,(anonymous_13)
FNDA:0,(anonymous_14)
FNDA:0,(anonymous_15)
FNDA:0,(anonymous_16)
FNDA:0,(anonymous_17)
FNDA:0,(anonymous_18)
FNDA:0,(anonymous_19)
FNDA:0,(anonymous_20)
FNDA:0,(anonymous_21)
FNDA:0,(anonymous_22)
FNDA:0,(anonymous_23)
FNDA:0,(anonymous_24)
DA:2,1
DA:7,1
DA:8,0
DA:9,0
DA:11,0
DA:14,0
DA:15,0
DA:22,0
DA:25,0
DA:26,0
DA:28,0
DA:30,0
DA:32,0
DA:36,0
DA:40,0
DA:46,0
DA:52,0
DA:58,0
DA:63,0
DA:64,0
DA:74,1
DA:75,0
DA:76,0
DA:78,0
DA:80,0
DA:81,0
DA:88,0
DA:89,0
DA:91,0
DA:92,0
DA:94,0
DA:98,0
DA:104,0
DA:110,0
DA:118,0
DA:119,0
DA:129,1
DA:130,0
DA:131,0
DA:133,0
DA:134,0
DA:136,0
DA:142,0
DA:143,0
DA:153,1
DA:154,0
DA:155,0
DA:156,0
DA:158,0
DA:163,0
DA:164,0
DA:170,0
DA:176,0
DA:177,0
DA:187,1
DA:188,0
DA:189,0
DA:191,0
DA:193,0
DA:194,0
DA:200,0
DA:205,0
DA:206,0
DA:216,1
DA:217,0
DA:218,0
DA:219,0
DA:221,0
DA:223,0
DA:224,0
DA:230,0
DA:231,0
DA:233,0
DA:239,0
DA:240,0
DA:250,1
DA:251,0
DA:252,0
DA:253,0
DA:255,0
DA:257,0
DA:258,0
DA:264,0
DA:265,0
DA:268,0
DA:269,0
DA:276,0
DA:281,0
DA:283,0
DA:289,0
DA:290,0
DA:300,1
DA:301,0
DA:302,0
DA:304,0
DA:306,0
DA:307,0
DA:313,0
DA:314,0
DA:317,0
DA:319,0
DA:325,0
DA:326,0
DA:336,1
DA:337,0
DA:338,0
DA:340,0
DA:342,0
DA:343,0
DA:344,0
DA:346,0
DA:347,0
DA:348,0
DA:349,0
DA:350,0
DA:353,0
DA:354,0
DA:359,0
DA:369,0
DA:370,0
LF:120
LH:10
BRDA:14,0,0,0
BRDA:14,0,1,0
BRDA:26,1,0,0
BRDA:26,1,1,0
BRDA:32,2,0,0
BRDA:32,2,1,0
BRDA:36,3,0,0
BRDA:36,3,1,0
BRDA:40,4,0,0
BRDA:40,4,1,0
BRDA:44,5,0,0
BRDA:44,5,1,0
BRDA:46,6,0,0
BRDA:46,6,1,0
BRDA:80,7,0,0
BRDA:80,7,1,0
BRDA:88,8,0,0
BRDA:88,8,1,0
BRDA:92,9,0,0
BRDA:92,9,1,0
BRDA:94,10,0,0
BRDA:94,10,1,0
BRDA:98,11,0,0
BRDA:98,11,1,0
BRDA:102,12,0,0
BRDA:102,12,1,0
BRDA:104,13,0,0
BRDA:104,13,1,0
BRDA:163,14,0,0
BRDA:163,14,1,0
BRDA:193,15,0,0
BRDA:193,15,1,0
BRDA:223,16,0,0
BRDA:223,16,1,0
BRDA:257,17,0,0
BRDA:257,17,1,0
BRDA:268,18,0,0
BRDA:268,18,1,0
BRDA:306,19,0,0
BRDA:306,19,1,0
BRDA:347,20,0,0
BRDA:347,20,1,0
BRDA:350,21,0,0
BRDA:350,21,1,0
BRDA:354,22,0,0
BRDA:354,22,1,0
BRF:46
BRH:0
end_of_record
TN:
SF:controller\admin\admin.auth.controller.js
FN:12,(anonymous_0)
FN:79,getDeviceType
FN:94,getBrowserName
FN:108,(anonymous_3)
FNF:4
FNH:0
FNDA:0,(anonymous_0)
FNDA:0,getDeviceType
FNDA:0,getBrowserName
FNDA:0,(anonymous_3)
DA:1,1
DA:2,1
DA:3,1
DA:4,1
DA:6,1
DA:12,1
DA:13,0
DA:14,0
DA:17,0
DA:18,0
DA:19,0
DA:24,0
DA:25,0
DA:26,0
DA:36,0
DA:37,0
DA:47,0
DA:48,0
DA:49,0
DA:57,0
DA:59,0
DA:71,0
DA:72,0
DA:80,0
DA:81,0
DA:86,0
DA:88,0
DA:89,0
DA:91,0
DA:95,0
DA:96,0
DA:97,0
DA:98,0
DA:99,0
DA:100,0
DA:101,0
DA:108,1
DA:109,0
DA:110,0
DA:111,0
DA:116,0
DA:117,0
LF:42
LH:7
BRDA:18,0,0,0
BRDA:18,0,1,0
BRDA:25,1,0,0
BRDA:25,1,1,0
BRDA:36,2,0,0
BRDA:36,2,1,0
BRDA:40,3,0,0
BRDA:40,3,1,0
BRDA:41,4,0,0
BRDA:41,4,1,0
BRDA:42,5,0,0
BRDA:42,5,1,0
BRDA:43,6,0,0
BRDA:43,6,1,0
BRDA:43,6,2,0
BRDA:52,7,0,0
BRDA:52,7,1,0
BRDA:81,8,0,0
BRDA:81,8,1,0
BRDA:82,9,0,0
BRDA:82,9,1,0
BRDA:82,9,2,0
BRDA:88,10,0,0
BRDA:88,10,1,0
BRDA:88,11,0,0
BRDA:88,11,1,0
BRDA:96,12,0,0
BRDA:96,12,1,0
BRDA:96,13,0,0
BRDA:96,13,1,0
BRDA:97,14,0,0
BRDA:97,14,1,0
BRDA:97,15,0,0
BRDA:97,15,1,0
BRDA:98,16,0,0
BRDA:98,16,1,0
BRDA:99,17,0,0
BRDA:99,17,1,0
BRDA:100,18,0,0
BRDA:100,18,1,0
BRDA:100,19,0,0
BRDA:100,19,1,0
BRF:42
BRH:0
end_of_record
TN:
SF:controller\admin\admin.session.controller.js
FN:10,(anonymous_0)
FN:24,(anonymous_1)
FN:50,(anonymous_2)
FN:87,(anonymous_3)
FNF:4
FNH:0
FNDA:0,(anonymous_0)
FNDA:0,(anonymous_1)
FNDA:0,(anonymous_2)
FNDA:0,(anonymous_3)
DA:3,1
DA:4,1
DA:10,1
DA:11,0
DA:12,0
DA:15,0
DA:16,0
DA:19,0
DA:24,0
DA:25,0
DA:26,0
DA:28,0
DA:39,0
DA:41,0
DA:42,0
DA:50,1
DA:51,0
DA:52,0
DA:53,0
DA:56,0
DA:57,0
DA:60,0
DA:61,0
DA:64,0
DA:69,0
DA:70,0
DA:74,0
DA:76,0
DA:78,0
DA:79,0
DA:87,1
DA:88,0
DA:89,0
DA:90,0
DA:92,0
DA:93,0
DA:96,0
DA:101,0
DA:106,0
DA:107,0
LF:40
LH:5
BRDA:26,0,0,0
BRDA:26,0,1,0
BRDA:30,1,0,0
BRDA:30,1,1,0
BRDA:31,2,0,0
BRDA:31,2,1,0
BRDA:32,3,0,0
BRDA:32,3,1,0
BRDA:33,4,0,0
BRDA:33,4,1,0
BRDA:34,5,0,0
BRDA:34,5,1,0
BRDA:56,6,0,0
BRDA:56,6,1,0
BRDA:69,7,0,0
BRDA:69,7,1,0
BRF:16
BRH:0
end_of_record
TN:
SF:controller\admin\admin.stats.controller.js
FN:10,(anonymous_0)
FN:85,(anonymous_1)
FN:113,(anonymous_2)
FN:177,(anonymous_3)
FN:196,(anonymous_4)
FN:209,(anonymous_5)
FN:231,(anonymous_6)
FN:260,(anonymous_7)
FN:279,(anonymous_8)
FN:296,(anonymous_9)
FN:324,(anonymous_10)
FN:344,(anonymous_11)
FN:420,(anonymous_12)
FN:488,(anonymous_13)
FNF:14
FNH:0
FNDA:0,(anonymous_0)
FNDA:0,(anonymous_1)
FNDA:0,(anonymous_2)
FNDA:0,(anonymous_3)
FNDA:0,(anonymous_4)
FNDA:0,(anonymous_5)
FNDA:0,(anonymous_6)
FNDA:0,(anonymous_7)
FNDA:0,(anonymous_8)
FNDA:0,(anonymous_9)
FNDA:0,(anonymous_10)
FNDA:0,(anonymous_11)
FNDA:0,(anonymous_12)
FNDA:0,(anonymous_13)
DA:2,1
DA:3,1
DA:4,1
DA:10,1
DA:11,0
DA:12,0
DA:15,0
DA:20,0
DA:69,0
DA:85,0
DA:86,0
DA:87,0
DA:89,0
DA:97,0
DA:104,0
DA:105,0
DA:113,1
DA:114,0
DA:117,0
DA:129,0
DA:155,0
DA:157,0
DA:168,0
DA:169,0
DA:177,1
DA:178,0
DA:180,0
DA:196,0
DA:199,0
DA:209,0
DA:216,0
DA:222,0
DA:223,0
DA:231,1
DA:232,0
DA:233,0
DA:234,0
DA:236,0
DA:260,0
DA:265,0
DA:270,0
DA:271,0
DA:279,1
DA:280,0
DA:282,0
DA:290,0
DA:296,0
DA:297,0
DA:299,0
DA:303,0
DA:306,0
DA:307,0
DA:308,0
DA:312,0
DA:313,0
DA:317,0
DA:323,0
DA:324,0
DA:330,0
DA:335,0
DA:336,0
DA:344,1
DA:345,0
DA:347,0
DA:365,0
DA:367,0
DA:387,0
DA:388,0
DA:390,0
DA:405,0
DA:411,0
DA:412,0
DA:420,1
DA:421,0
DA:422,0
DA:423,0
DA:425,0
DA:474,0
DA:479,0
DA:480,0
DA:488,1
DA:489,0
DA:491,0
DA:492,0
DA:493,0
DA:496,0
DA:501,0
DA:507,0
DA:513,0
DA:516,0
DA:519,0
DA:525,0
DA:531,0
DA:533,0
DA:538,0
DA:550,0
DA:560,0
DA:563,0
DA:569,0
DA:577,0
DA:586,0
DA:594,0
DA:598,0
DA:643,0
DA:644,0
LF:105
LH:11
BRDA:12,0,0,0
BRDA:15,1,0,0
BRDA:15,1,1,0
BRDA:155,2,0,0
BRDA:155,2,1,0
BRDA:213,3,0,0
BRDA:213,3,1,0
BRDA:297,4,0,0
BRDA:297,4,1,0
BRDA:297,5,0,0
BRDA:297,5,1,0
BRDA:299,6,0,0
BRDA:299,6,1,0
BRDA:303,7,0,0
BRDA:303,7,1,0
BRDA:306,8,0,0
BRDA:306,8,1,0
BRDA:306,9,0,0
BRDA:306,9,1,0
BRDA:308,10,0,0
BRDA:308,10,1,0
BRDA:309,11,0,0
BRDA:309,11,1,0
BRDA:313,12,0,0
BRDA:313,12,1,0
BRDA:314,13,0,0
BRDA:314,13,1,0
BRDA:365,14,0,0
BRDA:365,14,1,0
BRDA:365,15,0,0
BRDA:365,15,1,0
BRDA:394,16,0,0
BRDA:394,16,1,0
BRDA:400,17,0,0
BRDA:400,17,1,0
BRDA:531,18,0,0
BRDA:531,18,1,0
BRDA:533,19,0,0
BRDA:533,19,1,0
BRDA:550,20,0,0
BRDA:550,20,1,0
BRDA:552,21,0,0
BRDA:552,21,1,0
BRDA:569,22,0,0
BRDA:569,22,1,0
BRDA:577,23,0,0
BRDA:577,23,1,0
BRDA:586,24,0,0
BRDA:586,24,1,0
BRDA:594,25,0,0
BRDA:594,25,1,0
BRDA:608,26,0,0
BRDA:608,26,1,0
BRDA:609,27,0,0
BRDA:609,27,1,0
BRDA:615,28,0,0
BRDA:615,28,1,0
BRDA:617,29,0,0
BRDA:617,29,1,0
BRDA:623,30,0,0
BRDA:623,30,1,0
BRDA:624,31,0,0
BRDA:624,31,1,0
BRF:63
BRH:0
end_of_record
TN:
SF:controller\admin\admin.user.controller.js
FN:9,(anonymous_0)
FN:60,(anonymous_1)
FN:115,(anonymous_2)
FN:127,(anonymous_3)
FN:129,(anonymous_4)
FN:180,(anonymous_5)
FN:191,(anonymous_6)
FN:193,(anonymous_7)
FN:195,(anonymous_8)
FN:217,(anonymous_9)
FN:258,(anonymous_10)
FNF:11
FNH:0
FNDA:0,(anonymous_0)
FNDA:0,(anonymous_1)
FNDA:0,(anonymous_2)
FNDA:0,(anonymous_3)
FNDA:0,(anonymous_4)
FNDA:0,(anonymous_5)
FNDA:0,(anonymous_6)
FNDA:0,(anonymous_7)
FNDA:0,(anonymous_8)
FNDA:0,(anonymous_9)
FNDA:0,(anonymous_10)
DA:2,1
DA:3,1
DA:4,1
DA:9,1
DA:10,0
DA:11,0
DA:13,0
DA:16,0
DA:17,0
DA:21,0
DA:22,0
DA:23,0
DA:24,0
DA:25,0
DA:26,0
DA:27,0
DA:28,0
DA:32,0
DA:33,0
DA:40,0
DA:44,0
DA:49,0
DA:50,0
DA:60,1
DA:61,0
DA:62,0
DA:64,0
DA:66,0
DA:67,0
DA:74,0
DA:88,0
DA:94,0
DA:102,0
DA:103,0
DA:115,1
DA:116,0
DA:117,0
DA:120,0
DA:125,0
DA:127,0
DA:128,0
DA:129,0
DA:172,0
DA:177,0
DA:178,0
DA:179,0
DA:181,0
DA:189,0
DA:190,0
DA:191,0
DA:192,0
DA:193,0
DA:194,0
DA:195,0
DA:199,0
DA:206,0
DA:207,0
DA:217,1
DA:218,0
DA:219,0
DA:220,0
DA:222,0
DA:224,0
DA:225,0
DA:232,0
DA:233,0
DA:234,0
DA:235,0
DA:237,0
DA:239,0
DA:247,0
DA:248,0
DA:258,1
DA:259,0
DA:260,0
DA:261,0
DA:262,0
DA:263,0
DA:266,0
DA:267,0
DA:268,0
DA:273,0
DA:274,0
DA:275,0
DA:276,0
DA:280,0
DA:292,0
DA:293,0
LF:88
LH:8
BRDA:16,0,0,0
BRDA:16,0,1,0
BRDA:16,1,0,0
BRDA:16,1,1,0
BRDA:21,2,0,0
BRDA:21,2,1,0
BRDA:25,3,0,0
BRDA:25,3,1,0
BRDA:32,4,0,0
BRDA:32,4,1,0
BRDA:66,5,0,0
BRDA:66,5,1,0
BRDA:88,6,0,0
BRDA:88,6,1,0
BRDA:128,7,0,0
BRDA:128,7,1,0
BRDA:128,8,0,0
BRDA:128,8,1,0
BRDA:131,9,0,0
BRDA:131,9,1,0
BRDA:133,10,0,0
BRDA:133,10,1,0
BRDA:134,11,0,0
BRDA:134,11,1,0
BRDA:135,12,0,0
BRDA:135,12,1,0
BRDA:150,13,0,0
BRDA:150,13,1,0
BRDA:151,14,0,0
BRDA:151,14,1,0
BRDA:152,15,0,0
BRDA:152,15,1,0
BRDA:153,16,0,0
BRDA:153,16,1,0
BRDA:157,17,0,0
BRDA:157,17,1,0
BRDA:158,18,0,0
BRDA:158,18,1,0
BRDA:159,19,0,0
BRDA:159,19,1,0
BRDA:163,20,0,0
BRDA:163,20,1,0
BRDA:164,21,0,0
BRDA:164,21,1,0
BRDA:177,22,0,0
BRDA:177,22,1,0
BRDA:181,23,0,0
BRDA:181,23,1,0
BRDA:181,23,2,0
BRDA:181,23,3,0
BRDA:181,23,4,0
BRDA:189,24,0,0
BRDA:189,24,1,0
BRDA:189,25,0,0
BRDA:189,25,1,0
BRDA:190,26,0,0
BRDA:190,26,1,0
BRDA:192,27,0,0
BRDA:192,27,1,0
BRDA:194,28,0,0
BRDA:194,28,1,0
BRDA:224,29,0,0
BRDA:224,29,1,0
BRDA:242,30,0,0
BRDA:242,30,1,0
BRF:65
BRH:0
end_of_record
TN:
SF:models\Blogs.js
FNF:0
FNH:0
DA:1,1
DA:3,1
DA:61,1
LF:3
LH:3
BRF:0
BRH:0
end_of_record
TN:
SF:models\Bookings.js
FN:121,(anonymous_0)
FN:129,(anonymous_1)
FN:151,(anonymous_2)
FN:159,(anonymous_3)
FN:164,(anonymous_4)
FNF:5
FNH:0
FNDA:0,(anonymous_0)
FNDA:0,(anonymous_1)
FNDA:0,(anonymous_2)
FNDA:0,(anonymous_3)
FNDA:0,(anonymous_4)
DA:2,1
DA:4,1
DA:15,1
DA:112,1
DA:113,1
DA:114,1
DA:116,1
DA:121,1
DA:122,0
DA:123,0
DA:124,0
DA:125,0
DA:129,1
DA:130,0
DA:131,0
DA:132,0
DA:135,0
DA:136,0
DA:140,0
DA:141,0
DA:147,0
DA:151,1
DA:152,0
DA:153,0
DA:159,1
DA:160,0
DA:164,1
DA:165,0
DA:168,1
DA:171,1
DA:173,1
LF:31
LH:15
BRDA:129,0,0,0
BRDA:135,1,0,0
BRDA:135,1,1,0
BRDA:135,2,0,0
BRDA:135,2,1,0
BRDA:140,3,0,0
BRDA:140,3,1,0
BRDA:140,4,0,0
BRDA:140,4,1,0
BRDA:152,5,0,0
BRDA:152,5,1,0
BRF:11
BRH:0
end_of_record
TN:
SF:models\Carts.js
FNF:0
FNH:0
DA:1,1
DA:3,1
DA:9,1
DA:32,1
DA:34,1
DA:59,1
LF:6
LH:6
BRF:0
BRH:0
end_of_record
TN:
SF:models\HelpArticle.js
FNF:0
FNH:0
DA:2,1
DA:4,1
DA:33,1
DA:41,1
DA:50,1
DA:56,1
LF:6
LH:6
BRF:0
BRH:0
end_of_record
TN:
SF:models\HelpCategory.js
FNF:0
FNH:0
DA:2,0
DA:4,0
DA:12,0
DA:19,0
DA:20,0
DA:22,0
LF:6
LH:0
BRF:0
BRH:0
end_of_record
TN:
SF:models\HelpFeedback.js
FNF:0
FNH:0
DA:2,1
DA:4,1
DA:32,1
DA:34,1
LF:4
LH:4
BRF:0
BRH:0
end_of_record
TN:
SF:models\Notification.js
FN:117,(anonymous_0)
FN:122,(anonymous_1)
FN:127,(anonymous_2)
FN:149,(anonymous_3)
FN:161,(anonymous_4)
FN:168,(anonymous_5)
FN:198,(anonymous_6)
FN:204,(anonymous_7)
FN:211,(anonymous_8)
FNF:9
FNH:0
FNDA:0,(anonymous_0)
FNDA:0,(anonymous_1)
FNDA:0,(anonymous_2)
FNDA:0,(anonymous_3)
FNDA:0,(anonymous_4)
FNDA:0,(anonymous_5)
FNDA:0,(anonymous_6)
FNDA:0,(anonymous_7)
FNDA:0,(anonymous_8)
DA:2,1
DA:4,1
DA:111,1
DA:112,1
DA:113,1
DA:114,1
DA:117,1
DA:118,0
DA:122,1
DA:123,0
DA:127,1
DA:133,0
DA:135,0
DA:137,0
DA:138,0
DA:139,0
DA:141,0
DA:149,1
DA:150,0
DA:151,0
DA:153,0
DA:161,1
DA:162,0
DA:168,1
DA:169,0
DA:171,0
DA:198,1
DA:199,0
DA:200,0
DA:201,0
DA:204,1
DA:205,0
DA:206,0
DA:207,0
DA:208,0
DA:211,1
DA:212,0
DA:213,0
DA:214,0
DA:217,1
LF:40
LH:16
BRDA:118,0,0,0
BRDA:118,0,1,0
BRDA:127,1,0,0
BRDA:129,2,0,0
BRDA:130,3,0,0
BRDA:131,4,0,0
BRDA:132,5,0,0
BRDA:137,6,0,0
BRDA:137,6,1,0
BRDA:138,7,0,0
BRDA:138,7,1,0
BRDA:139,8,0,0
BRDA:139,8,1,0
BRDA:149,9,0,0
BRDA:151,10,0,0
BRDA:151,10,1,0
BRDA:168,11,0,0
BRDA:204,12,0,0
BRDA:207,13,0,0
BRDA:207,13,1,0
BRF:20
BRH:0
end_of_record
TN:
SF:models\PaymentSession.js
FNF:0
FNH:0
DA:1,1
DA:3,1
DA:5,1
DA:16,1
DA:44,1
DA:45,1
DA:50,0
LF:7
LH:6
BRDA:45,0,0,0
BRDA:45,0,1,1
BRDA:45,1,0,1
BRDA:45,1,1,1
BRDA:45,1,2,0
BRDA:50,2,0,0
BRDA:50,2,1,0
BRF:7
BRH:3
end_of_record
TN:
SF:models\Promotion.js
FN:65,(anonymous_0)
FNF:1
FNH:0
FNDA:0,(anonymous_0)
DA:1,1
DA:3,1
DA:65,1
DA:66,0
DA:69,0
DA:70,0
DA:73,0
DA:74,0
DA:77,0
DA:78,0
DA:81,0
DA:82,0
DA:83,0
DA:84,0
DA:85,0
DA:88,0
DA:91,0
DA:94,1
LF:18
LH:4
BRDA:69,0,0,0
BRDA:69,0,1,0
BRDA:69,1,0,0
BRDA:69,1,1,0
BRDA:69,1,2,0
BRDA:73,2,0,0
BRDA:73,2,1,0
BRDA:73,3,0,0
BRDA:73,3,1,0
BRDA:77,4,0,0
BRDA:77,4,1,0
BRDA:82,5,0,0
BRDA:82,5,1,0
BRDA:84,6,0,0
BRDA:84,6,1,0
BRDA:84,7,0,0
BRDA:84,7,1,0
BRF:17
BRH:0
end_of_record
TN:
SF:models\Review.js
FN:120,(anonymous_0)
FN:124,(anonymous_1)
FN:127,(anonymous_2)
FN:130,(anonymous_3)
FN:134,(anonymous_4)
FN:201,(anonymous_5)
FN:225,(anonymous_6)
FN:238,(anonymous_7)
FN:239,(anonymous_8)
FN:241,(anonymous_9)
FN:249,(anonymous_10)
FN:258,(anonymous_11)
FN:266,(anonymous_12)
FNF:13
FNH:0
FNDA:0,(anonymous_0)
FNDA:0,(anonymous_1)
FNDA:0,(anonymous_2)
FNDA:0,(anonymous_3)
FNDA:0,(anonymous_4)
FNDA:0,(anonymous_5)
FNDA:0,(anonymous_6)
FNDA:0,(anonymous_7)
FNDA:0,(anonymous_8)
FNDA:0,(anonymous_9)
FNDA:0,(anonymous_10)
FNDA:0,(anonymous_11)
FNDA:0,(anonymous_12)
DA:2,1
DA:4,1
DA:110,1
DA:111,1
DA:112,1
DA:113,1
DA:117,1
DA:120,1
DA:121,0
DA:124,1
DA:125,0
DA:127,0
DA:128,0
DA:130,0
DA:134,1
DA:135,0
DA:201,1
DA:209,0
DA:211,0
DA:212,0
DA:214,0
DA:215,0
DA:217,0
DA:225,1
DA:226,0
DA:227,0
DA:229,0
DA:238,1
DA:239,0
DA:241,0
DA:244,0
DA:246,0
DA:249,1
DA:250,0
DA:255,0
DA:258,1
DA:260,0
DA:261,0
DA:262,0
DA:266,1
DA:268,0
DA:269,0
DA:271,0
DA:274,1
LF:44
LH:17
BRDA:121,0,0,0
BRDA:121,0,1,0
BRDA:125,1,0,0
BRDA:125,1,1,0
BRDA:128,2,0,0
BRDA:128,2,1,0
BRDA:201,3,0,0
BRDA:203,4,0,0
BRDA:204,5,0,0
BRDA:205,6,0,0
BRDA:206,7,0,0
BRDA:207,8,0,0
BRDA:208,9,0,0
BRDA:214,10,0,0
BRDA:214,10,1,0
BRDA:215,11,0,0
BRDA:215,11,1,0
BRDA:225,12,0,0
BRDA:226,13,0,0
BRDA:226,14,0,0
BRDA:239,15,0,0
BRDA:239,15,1,0
BRDA:258,16,0,0
BRDA:262,17,0,0
BRDA:262,17,1,0
BRDA:262,17,2,0
BRDA:268,18,0,0
BRDA:268,18,1,0
BRDA:268,19,0,0
BRDA:268,19,1,0
BRF:30
BRH:0
end_of_record
TN:
SF:models\Tickets.js
FNF:0
FNH:0
DA:1,0
DA:4,0
DA:27,0
LF:3
LH:0
BRF:0
BRH:0
end_of_record
TN:
SF:models\Users.js
FN:73,(anonymous_0)
FN:77,(anonymous_1)
FNF:2
FNH:0
FNDA:0,(anonymous_0)
FNDA:0,(anonymous_1)
DA:1,0
DA:2,0
DA:4,0
DA:15,0
DA:23,0
DA:73,0
DA:74,0
DA:77,0
DA:78,0
DA:81,0
LF:10
LH:0
BRF:0
BRH:0
end_of_record
TN:
SF:models\Wishlist.js
FNF:0
FNH:0
DA:1,1
DA:3,1
DA:8,1
DA:9,1
LF:4
LH:4
BRF:0
BRH:0
end_of_record
TN:
SF:models\agency\Location.js
FNF:0
FNH:0
DA:1,1
DA:2,1
DA:4,1
DA:20,1
DA:23,1
DA:25,1
LF:6
LH:6
BRF:0
BRH:0
end_of_record
TN:
SF:models\agency\Tours.js
FNF:0
FNH:0
DA:1,1
DA:2,1
DA:4,1
DA:28,1
DA:74,1
DA:75,1
DA:78,1
DA:81,1
DA:83,1
LF:9
LH:9
BRF:0
BRH:0
end_of_record
TN:
SF:models\agency\TravelAgency.js
FN:51,(anonymous_0)
FNF:1
FNH:0
FNDA:0,(anonymous_0)
DA:1,1
DA:2,1
DA:5,1
DA:16,1
DA:51,0
DA:70,1
DA:109,1
DA:112,1
DA:114,1
LF:9
LH:8
BRF:0
BRH:0
end_of_record
TN:
SF:routes\auth.routes.js
FN:41,(anonymous_0)
FN:79,(anonymous_1)
FN:105,(anonymous_2)
FN:126,(anonymous_3)
FN:141,(anonymous_4)
FN:162,(anonymous_5)
FNF:6
FNH:0
FNDA:0,(anonymous_0)
FNDA:0,(anonymous_1)
FNDA:0,(anonymous_2)
FNDA:0,(anonymous_3)
FNDA:0,(anonymous_4)
FNDA:0,(anonymous_5)
DA:2,1
DA:3,1
DA:4,1
DA:5,1
DA:6,1
DA:13,1
DA:15,1
DA:20,1
DA:21,1
DA:26,1
DA:27,1
DA:28,1
DA:33,1
DA:38,1
DA:42,0
DA:44,0
DA:45,0
DA:48,0
DA:51,0
DA:60,0
DA:62,0
DA:63,0
DA:71,1
DA:76,1
DA:80,0
DA:81,0
DA:82,0
DA:84,0
DA:86,0
DA:94,0
DA:96,0
DA:97,0
DA:105,1
DA:106,0
DA:107,0
DA:109,0
DA:110,0
DA:113,0
DA:114,0
DA:116,0
DA:117,0
DA:119,0
DA:126,1
DA:127,0
DA:128,0
DA:129,0
DA:130,0
DA:131,0
DA:133,0
DA:134,0
DA:141,1
DA:142,0
DA:143,0
DA:144,0
DA:145,0
DA:147,0
DA:148,0
DA:154,0
DA:155,0
DA:157,0
DA:158,0
DA:162,1
DA:163,0
DA:165,0
DA:173,0
DA:175,0
DA:176,0
DA:180,1
LF:68
LH:21
BRDA:54,0,0,0
BRDA:54,0,1,0
BRDA:89,1,0,0
BRDA:89,1,1,0
BRDA:107,2,0,0
BRDA:107,2,1,0
BRDA:114,3,0,0
BRDA:114,3,1,0
BRDA:116,4,0,0
BRDA:116,4,1,0
BRDA:129,5,0,0
BRDA:129,5,1,0
BRDA:144,6,0,0
BRDA:144,6,1,0
BRDA:154,7,0,0
BRDA:154,7,1,0
BRDA:168,8,0,0
BRDA:168,8,1,0
BRF:18
BRH:0
end_of_record
TN:
SF:routes\blogs.js
FN:5,(anonymous_0)
FNF:1
FNH:0
FNDA:0,(anonymous_0)
DA:1,1
DA:2,1
DA:3,1
DA:5,1
DA:6,0
DA:7,0
DA:8,0
DA:9,0
DA:11,0
DA:13,0
DA:17,1
LF:11
LH:5
BRDA:8,0,0,0
BRDA:8,0,1,0
BRF:2
BRH:0
end_of_record
TN:
SF:routes\bookingRoutes.js
FNF:0
FNH:0
DA:1,1
DA:2,1
DA:3,1
DA:4,1
DA:5,1
DA:7,1
DA:8,1
DA:11,1
DA:13,1
LF:9
LH:9
BRF:0
BRH:0
end_of_record
TN:
SF:routes\carts.routes.js
FNF:0
FNH:0
DA:2,1
DA:3,1
DA:12,1
DA:14,1
DA:16,1
DA:17,1
DA:18,1
DA:19,1
DA:20,1
DA:21,1
DA:25,1
LF:11
LH:11
BRF:0
BRH:0
end_of_record
TN:
SF:routes\help.routes.js
FN:7,(anonymous_0)
FNF:1
FNH:0
FNDA:0,(anonymous_0)
DA:2,1
DA:3,1
DA:4,1
DA:5,1
DA:7,1
DA:8,0
DA:9,0
DA:11,0
DA:15,1
DA:16,1
DA:17,1
DA:18,1
DA:19,1
DA:22,1
DA:25,1
DA:26,1
DA:27,1
DA:28,1
DA:29,1
DA:30,1
DA:31,1
DA:33,1
LF:22
LH:19
BRDA:8,0,0,0
BRDA:8,0,1,0
BRF:2
BRH:0
end_of_record
TN:
SF:routes\location.routes.js
FN:6,fetchJSON
FN:8,(anonymous_1)
FN:21,(anonymous_2)
FN:26,(anonymous_3)
FN:35,(anonymous_4)
FN:39,(anonymous_5)
FN:50,(anonymous_6)
FN:66,(anonymous_7)
FN:86,(anonymous_8)
FN:90,(anonymous_9)
FN:92,(anonymous_10)
FN:108,(anonymous_11)
FNF:12
FNH:0
FNDA:0,fetchJSON
FNDA:0,(anonymous_1)
FNDA:0,(anonymous_2)
FNDA:0,(anonymous_3)
FNDA:0,(anonymous_4)
FNDA:0,(anonymous_5)
FNDA:0,(anonymous_6)
FNDA:0,(anonymous_7)
FNDA:0,(anonymous_8)
FNDA:0,(anonymous_9)
FNDA:0,(anonymous_10)
FNDA:0,(anonymous_11)
DA:1,1
DA:2,1
DA:3,1
DA:4,1
DA:7,0
DA:8,0
DA:9,0
DA:10,0
DA:14,0
DA:15,0
DA:17,0
DA:21,1
DA:24,1
DA:25,1
DA:26,1
DA:27,0
DA:28,0
DA:29,0
DA:30,0
DA:31,0
DA:33,0
DA:35,1
DA:36,0
DA:39,1
DA:40,0
DA:41,0
DA:42,0
DA:43,0
DA:44,0
DA:45,0
DA:48,0
DA:49,0
DA:50,0
DA:52,0
DA:54,0
DA:55,0
DA:56,0
DA:58,0
DA:59,0
DA:66,1
DA:67,0
DA:68,0
DA:69,0
DA:74,0
DA:75,0
DA:76,0
DA:77,0
DA:78,0
DA:79,0
DA:82,0
DA:85,0
DA:86,0
DA:89,0
DA:90,0
DA:91,0
DA:92,0
DA:97,0
DA:98,0
DA:99,0
DA:102,0
DA:103,0
DA:104,0
DA:108,1
DA:109,0
DA:110,0
DA:115,0
DA:117,1
LF:67
LH:13
BRDA:6,0,0,0
BRDA:6,1,0,0
BRDA:14,2,0,0
BRDA:14,2,1,0
BRDA:28,3,0,0
BRDA:28,3,1,0
BRDA:29,4,0,0
BRDA:29,4,1,0
BRDA:35,5,0,0
BRDA:43,6,0,0
BRDA:43,6,1,0
BRDA:49,7,0,0
BRDA:49,7,1,0
BRDA:52,8,0,0
BRDA:52,8,1,0
BRDA:68,9,0,0
BRDA:68,9,1,0
BRDA:77,10,0,0
BRDA:77,10,1,0
BRDA:85,11,0,0
BRDA:85,11,1,0
BRDA:89,12,0,0
BRDA:89,12,1,0
BRDA:89,13,0,0
BRDA:89,13,1,0
BRDA:91,14,0,0
BRDA:91,14,1,0
BRDA:102,15,0,0
BRDA:102,15,1,0
BRDA:109,16,0,0
BRDA:109,16,1,0
BRF:31
BRH:0
end_of_record
TN:
SF:routes\notifyRoutes.js
FNF:0
FNH:0
DA:2,1
DA:14,1
DA:15,1
DA:17,1
DA:20,1
DA:21,1
DA:22,1
DA:23,1
DA:26,1
DA:27,1
DA:28,1
DA:31,1
DA:32,1
DA:35,1
DA:37,1
LF:15
LH:15
BRF:0
BRH:0
end_of_record
TN:
SF:routes\payment.routes.js
FNF:0
FNH:0
DA:2,1
DA:3,1
DA:11,1
DA:13,1
DA:16,1
DA:19,1
DA:22,1
DA:25,1
DA:29,1
DA:32,1
DA:34,1
LF:11
LH:11
BRF:0
BRH:0
end_of_record
TN:
SF:routes\paypal.routes.js
FNF:0
FNH:0
DA:1,1
DA:2,1
DA:3,1
DA:5,1
DA:8,1
DA:11,1
DA:14,1
DA:16,1
LF:8
LH:8
BRF:0
BRH:0
end_of_record
TN:
SF:routes\profile.routes.js
FNF:0
FNH:0
DA:1,1
DA:2,1
DA:3,1
DA:5,1
DA:6,1
DA:7,1
DA:8,1
DA:10,1
DA:11,1
DA:12,1
DA:14,1
LF:11
LH:11
BRF:0
BRH:0
end_of_record
TN:
SF:routes\promotion.routes.js
FN:7,(anonymous_0)
FNF:1
FNH:0
FNDA:0,(anonymous_0)
DA:1,1
DA:2,1
DA:3,1
DA:4,1
DA:7,1
DA:8,0
DA:9,0
DA:11,0
DA:16,1
DA:18,1
DA:21,1
DA:23,1
DA:24,1
DA:25,1
DA:26,1
DA:28,1
LF:16
LH:13
BRDA:8,0,0,0
BRDA:8,0,1,0
BRF:2
BRH:0
end_of_record
TN:
SF:routes\reviewRoutes.js
FN:25,(anonymous_0)
FNF:1
FNH:0
FNDA:0,(anonymous_0)
DA:2,1
DA:12,1
DA:13,1
DA:15,1
DA:18,1
DA:21,1
DA:24,1
DA:25,1
DA:26,0
DA:27,0
DA:29,1
DA:32,1
DA:33,1
DA:34,1
DA:35,1
DA:37,1
LF:16
LH:14
BRDA:26,0,0,0
BRDA:26,0,1,0
BRF:2
BRH:0
end_of_record
TN:
SF:routes\security.routes.js
FNF:0
FNH:0
DA:2,1
DA:3,1
DA:14,1
DA:19,1
DA:20,1
DA:21,1
DA:22,1
DA:27,1
DA:32,1
DA:33,1
DA:34,1
DA:39,1
DA:41,1
LF:13
LH:13
BRF:0
BRH:0
end_of_record
TN:
SF:routes\tour.routes.js
FN:13,normalizeVietnamese
FN:21,(anonymous_1)
FN:32,(anonymous_2)
FN:37,(anonymous_3)
FN:56,(anonymous_4)
FN:72,(anonymous_5)
FN:86,(anonymous_6)
FNF:7
FNH:0
FNDA:0,normalizeVietnamese
FNDA:0,(anonymous_1)
FNDA:0,(anonymous_2)
FNDA:0,(anonymous_3)
FNDA:0,(anonymous_4)
FNDA:0,(anonymous_5)
FNDA:0,(anonymous_6)
DA:1,1
DA:2,1
DA:3,1
DA:4,1
DA:5,1
DA:14,0
DA:21,1
DA:22,0
DA:23,0
DA:24,0
DA:26,0
DA:27,0
DA:30,0
DA:32,0
DA:33,0
DA:34,0
DA:37,0
DA:38,0
DA:41,0
DA:46,0
DA:48,0
DA:49,0
DA:56,1
DA:57,0
DA:58,0
DA:61,0
DA:62,0
DA:63,0
DA:65,0
DA:72,1
DA:73,0
DA:74,0
DA:75,0
DA:76,0
DA:77,0
DA:79,0
DA:86,1
DA:87,0
DA:88,0
DA:91,0
DA:92,0
DA:94,0
DA:98,1
LF:43
LH:10
BRDA:26,0,0,0
BRDA:26,0,1,0
BRDA:61,1,0,0
BRDA:61,1,1,0
BRDA:75,2,0,0
BRDA:75,2,1,0
BRDA:91,3,0,0
BRDA:91,3,1,0
BRF:8
BRH:0
end_of_record
TN:
SF:routes\wishlist.routes.js
FNF:0
FNH:0
DA:1,1
DA:9,1
DA:10,1
DA:11,1
DA:13,1
DA:14,1
DA:15,1
DA:16,1
DA:17,1
DA:18,1
DA:20,1
LF:11
LH:11
BRF:0
BRH:0
end_of_record
TN:
SF:routes\admin\agency.routes.js
FNF:0
FNH:0
DA:2,1
DA:3,1
DA:4,1
DA:5,1
DA:14,1
DA:17,1
DA:18,1
DA:19,1
DA:20,1
DA:21,1
DA:22,1
DA:25,1
DA:26,1
DA:27,1
DA:29,1
LF:15
LH:15
BRF:0
BRH:0
end_of_record
TN:
SF:routes\admin\auth.routes.js
FNF:0
FNH:0
DA:2,1
DA:3,1
DA:7,1
DA:14,1
DA:21,1
DA:23,1
LF:6
LH:6
BRF:0
BRH:0
end_of_record
TN:
SF:routes\admin\help.routes.js
FNF:0
FNH:0
DA:2,1
DA:3,1
DA:4,1
DA:5,1
DA:14,1
DA:17,1
DA:20,1
DA:23,1
DA:25,1
LF:9
LH:9
BRF:0
BRH:0
end_of_record
TN:
SF:routes\admin\index.js
FNF:0
FNH:0
DA:2,1
DA:3,1
DA:6,1
DA:7,1
DA:8,1
DA:9,1
DA:10,1
DA:11,1
DA:14,1
DA:15,1
DA:16,1
DA:17,1
DA:18,1
DA:19,1
DA:27,1
LF:15
LH:15
BRF:0
BRH:0
end_of_record
TN:
SF:routes\admin\session.routes.js
FNF:0
FNH:0
DA:3,1
DA:4,1
DA:5,1
DA:6,1
DA:9,1
DA:12,1
DA:15,1
DA:21,1
LF:8
LH:8
BRF:0
BRH:0
end_of_record
TN:
SF:routes\admin\stats.routes.js
FNF:0
FNH:0
DA:2,1
DA:3,1
DA:4,1
DA:14,1
DA:21,1
DA:28,1
DA:35,1
DA:42,1
DA:49,1
DA:56,1
DA:63,1
DA:70,1
DA:72,1
LF:13
LH:13
BRF:0
BRH:0
end_of_record
TN:
SF:routes\admin\user.routes.js
FNF:0
FNH:0
DA:2,1
DA:3,1
DA:4,1
DA:5,1
DA:8,1
DA:11,1
DA:12,1
DA:13,1
DA:14,1
DA:15,1
DA:17,1
LF:11
LH:11
BRF:0
BRH:0
end_of_record
TN:
SF:utils\emailService.js
FN:13,(anonymous_0)
FN:22,(anonymous_1)
FNF:2
FNH:1
FNDA:0,(anonymous_0)
FNDA:2,(anonymous_1)
DA:2,1
DA:3,1
DA:13,1
DA:14,0
DA:15,0
DA:17,0
DA:22,1
DA:23,2
DA:29,2
DA:30,2
DA:33,1
LF:11
LH:8
BRDA:14,0,0,0
BRDA:14,0,1,0
BRDA:24,1,0,2
BRDA:24,1,1,0
BRF:4
BRH:1
end_of_record
TN:
SF:utils\jwt.js
FN:8,signAccess
FN:16,signRefresh
FN:24,verifyAccess
FN:25,verifyRefresh
FN:26,newId
FNF:5
FNH:5
FNDA:2,signAccess
FNDA:1,signRefresh
FNDA:1,verifyAccess
FNDA:1,verifyRefresh
FNDA:1,newId
DA:2,2
DA:3,2
DA:5,2
DA:6,2
DA:9,2
DA:17,1
DA:24,1
DA:25,1
DA:26,1
DA:28,2
LF:10
LH:10
BRDA:5,0,0,2
BRDA:5,0,1,2
BRDA:6,1,0,2
BRDA:6,1,1,2
BRDA:10,2,0,2
BRDA:10,2,1,1
BRF:6
BRH:6
end_of_record
TN:
SF:utils\paymentHelpers.js
FN:18,createBookingFromSession
FN:154,clearCartAfterPayment
FN:169,markBookingAsPaid
FN:246,markBookingAsFailed
FN:273,calculateTotal
FN:274,(anonymous_5)
FN:282,toUSD
FN:288,toVND
FNF:8
FNH:0
FNDA:0,createBookingFromSession
FNDA:0,clearCartAfterPayment
FNDA:0,markBookingAsPaid
FNDA:0,markBookingAsFailed
FNDA:0,calculateTotal
FNDA:0,(anonymous_5)
FNDA:0,toUSD
FNDA:0,toVND
DA:4,1
DA:5,1
DA:6,1
DA:7,1
DA:8,1
DA:9,1
DA:11,1
DA:19,0
DA:20,0
DA:21,0
DA:22,0
DA:26,0
DA:31,0
DA:35,0
DA:36,0
DA:39,0
DA:40,0
DA:41,0
DA:43,0
DA:44,0
DA:45,0
DA:46,0
DA:47,0
DA:48,0
DA:50,0
DA:62,0
DA:63,0
DA:64,0
DA:65,0
DA:67,0
DA:68,0
DA:69,0
DA:70,0
DA:71,0
DA:72,0
DA:74,0
DA:75,0
DA:76,0
DA:77,0
DA:78,0
DA:79,0
DA:81,0
DA:84,0
DA:85,0
DA:87,0
DA:88,0
DA:94,0
DA:95,0
DA:96,0
DA:97,0
DA:98,0
DA:99,0
DA:101,0
DA:113,0
DA:114,0
DA:115,0
DA:116,0
DA:118,0
DA:120,0
DA:138,0
DA:139,0
DA:140,0
DA:141,0
DA:142,0
DA:143,0
DA:145,0
DA:146,0
DA:155,0
DA:156,0
DA:157,0
DA:159,0
DA:160,0
DA:161,0
DA:163,0
DA:164,0
DA:170,0
DA:171,0
DA:172,0
DA:173,0
DA:176,0
DA:180,0
DA:181,0
DA:182,0
DA:186,0
DA:190,0
DA:191,0
DA:192,0
DA:195,0
DA:196,0
DA:198,0
DA:199,0
DA:203,0
DA:204,0
DA:206,0
DA:207,0
DA:208,0
DA:209,0
DA:210,0
DA:212,0
DA:213,0
DA:216,0
DA:217,0
DA:218,0
DA:219,0
DA:220,0
DA:221,0
DA:228,0
DA:230,0
DA:233,0
DA:238,0
DA:240,0
DA:241,0
DA:247,0
DA:248,0
DA:249,0
DA:250,0
DA:251,0
DA:252,0
DA:255,0
DA:256,0
DA:257,0
DA:258,0
DA:259,0
DA:261,0
DA:262,0
DA:263,0
DA:265,0
DA:266,0
DA:274,0
DA:275,0
DA:276,0
DA:277,0
DA:283,0
DA:284,0
DA:289,0
DA:292,1
LF:136
LH:8
BRDA:11,0,0,1
BRDA:11,0,1,0
BRDA:18,1,0,0
BRDA:21,2,0,0
BRDA:21,2,1,0
BRDA:22,3,0,0
BRDA:22,3,1,0
BRDA:26,4,0,0
BRDA:26,4,1,0
BRDA:26,4,2,0
BRDA:28,5,0,0
BRDA:28,5,1,0
BRDA:31,6,0,0
BRDA:31,6,1,0
BRDA:31,6,2,0
BRDA:31,6,3,0
BRDA:33,7,0,0
BRDA:33,7,1,0
BRDA:35,8,0,0
BRDA:35,8,1,0
BRDA:35,9,0,0
BRDA:35,9,1,0
BRDA:36,10,0,0
BRDA:36,10,1,0
BRDA:36,11,0,0
BRDA:36,11,1,0
BRDA:39,12,0,0
BRDA:39,12,1,0
BRDA:41,13,0,0
BRDA:41,13,1,0
BRDA:44,14,0,0
BRDA:44,14,1,0
BRDA:45,15,0,0
BRDA:45,15,1,0
BRDA:46,16,0,0
BRDA:46,16,1,0
BRDA:47,17,0,0
BRDA:47,17,1,0
BRDA:48,18,0,0
BRDA:48,18,1,0
BRDA:63,19,0,0
BRDA:63,19,1,0
BRDA:72,20,0,0
BRDA:72,20,1,0
BRDA:74,21,0,0
BRDA:74,21,1,0
BRDA:75,22,0,0
BRDA:75,22,1,0
BRDA:78,23,0,0
BRDA:78,23,1,0
BRDA:84,24,0,0
BRDA:84,24,1,0
BRDA:85,25,0,0
BRDA:85,25,1,0
BRDA:95,26,0,0
BRDA:95,26,1,0
BRDA:96,27,0,0
BRDA:96,27,1,0
BRDA:97,28,0,0
BRDA:97,28,1,0
BRDA:98,29,0,0
BRDA:98,29,1,0
BRDA:99,30,0,0
BRDA:99,30,1,0
BRDA:114,31,0,0
BRDA:114,31,1,0
BRDA:118,32,0,0
BRDA:118,32,1,0
BRDA:127,33,0,0
BRDA:127,33,1,0
BRDA:132,34,0,0
BRDA:132,34,1,0
BRDA:140,35,0,0
BRDA:140,35,1,0
BRDA:141,36,0,0
BRDA:141,36,1,0
BRDA:157,37,0,0
BRDA:157,37,1,0
BRDA:169,38,0,0
BRDA:180,39,0,0
BRDA:180,39,1,0
BRDA:190,40,0,0
BRDA:190,40,1,0
BRDA:191,41,0,0
BRDA:191,41,1,0
BRDA:192,42,0,0
BRDA:192,42,1,0
BRDA:192,42,2,0
BRDA:192,42,3,0
BRDA:192,42,4,0
BRDA:195,43,0,0
BRDA:195,43,1,0
BRDA:195,44,0,0
BRDA:195,44,1,0
BRDA:196,45,0,0
BRDA:196,45,1,0
BRDA:198,46,0,0
BRDA:198,46,1,0
BRDA:198,47,0,0
BRDA:198,47,1,0
BRDA:199,48,0,0
BRDA:199,48,1,0
BRDA:203,49,0,0
BRDA:203,49,1,0
BRDA:203,50,0,0
BRDA:203,50,1,0
BRDA:204,51,0,0
BRDA:204,51,1,0
BRDA:204,52,0,0
BRDA:204,52,1,0
BRDA:209,53,0,0
BRDA:209,53,1,0
BRDA:209,53,2,0
BRDA:209,53,3,0
BRDA:216,54,0,0
BRDA:216,54,1,0
BRDA:219,55,0,0
BRDA:219,55,1,0
BRDA:219,56,0,0
BRDA:219,56,1,0
BRDA:220,57,0,0
BRDA:220,57,1,0
BRDA:246,58,0,0
BRDA:250,59,0,0
BRDA:250,59,1,0
BRDA:256,60,0,0
BRDA:256,60,1,0
BRDA:274,61,0,0
BRDA:274,61,1,0
BRDA:275,62,0,0
BRDA:275,62,1,0
BRDA:275,63,0,0
BRDA:275,63,1,0
BRDA:276,64,0,0
BRDA:276,64,1,0
BRDA:276,65,0,0
BRDA:276,65,1,0
BRDA:283,66,0,0
BRDA:283,66,1,0
BRDA:289,67,0,0
BRDA:289,67,1,0
BRF:141
BRH:1
end_of_record
